INFO - 2022-08-29 02:15:32 --> Controller "App\Controllers\base\Beranda" loaded.
INFO - 2022-08-29 02:15:36 --> Session: Class initialized using 'CodeIgniter\Session\Handlers\FileHandler' driver.
INFO - 2022-08-29 02:15:36 --> Controller "App\Controllers\base\Dashboard" loaded.
INFO - 2022-08-29 02:15:44 --> Session: Class initialized using 'CodeIgniter\Session\Handlers\FileHandler' driver.
INFO - 2022-08-29 02:15:44 --> Controller "App\Controllers\base\Dashboard" loaded.
INFO - 2022-08-29 02:15:44 --> Session: Class initialized using 'CodeIgniter\Session\Handlers\FileHandler' driver.
INFO - 2022-08-29 02:15:44 --> Controller "App\Controllers\base\Dashboard" loaded.
INFO - 2022-08-29 02:18:20 --> Session: Class initialized using 'CodeIgniter\Session\Handlers\FileHandler' driver.
INFO - 2022-08-29 02:18:20 --> Controller "App\Controllers\base\Dashboard" loaded.
INFO - 2022-08-29 02:18:22 --> Session: Class initialized using 'CodeIgniter\Session\Handlers\FileHandler' driver.
INFO - 2022-08-29 02:18:22 --> Controller "App\Controllers\base\Dashboard" loaded.
INFO - 2022-08-29 02:24:34 --> Controller "App\Controllers\base\Beranda" loaded.
INFO - 2022-08-29 02:24:37 --> Session: Class initialized using 'CodeIgniter\Session\Handlers\FileHandler' driver.
INFO - 2022-08-29 02:24:37 --> Controller "App\Controllers\base\Dashboard" loaded.
INFO - 2022-08-29 02:24:53 --> Session: Class initialized using 'CodeIgniter\Session\Handlers\FileHandler' driver.
INFO - 2022-08-29 02:24:53 --> Controller "App\Controllers\base\Dashboard" loaded.
INFO - 2022-08-29 02:24:53 --> Session: Class initialized using 'CodeIgniter\Session\Handlers\FileHandler' driver.
INFO - 2022-08-29 02:24:53 --> Controller "App\Controllers\base\Dashboard" loaded.
INFO - 2022-08-29 02:25:00 --> Session: Class initialized using 'CodeIgniter\Session\Handlers\FileHandler' driver.
INFO - 2022-08-29 02:25:00 --> Controller "App\Controllers\base\Dashboard" loaded.
INFO - 2022-08-29 02:25:00 --> Session: Class initialized using 'CodeIgniter\Session\Handlers\FileHandler' driver.
INFO - 2022-08-29 02:25:00 --> Controller "App\Controllers\base\Dashboard" loaded.
INFO - 2022-08-29 02:25:05 --> Session: Class initialized using 'CodeIgniter\Session\Handlers\FileHandler' driver.
INFO - 2022-08-29 02:25:05 --> Controller "App\Controllers\base\Dashboard" loaded.
INFO - 2022-08-29 02:42:58 --> Session: Class initialized using 'CodeIgniter\Session\Handlers\FileHandler' driver.
INFO - 2022-08-29 02:42:58 --> Controller "App\Controllers\base\Dashboard" loaded.
INFO - 2022-08-29 02:42:58 --> Session: Class initialized using 'CodeIgniter\Session\Handlers\FileHandler' driver.
INFO - 2022-08-29 02:42:58 --> Controller "App\Controllers\base\Dashboard" loaded.
INFO - 2022-08-29 02:43:06 --> Session: Class initialized using 'CodeIgniter\Session\Handlers\FileHandler' driver.
INFO - 2022-08-29 02:43:06 --> Controller "App\Controllers\base\Dashboard" loaded.
INFO - 2022-08-29 02:43:19 --> Session: Class initialized using 'CodeIgniter\Session\Handlers\FileHandler' driver.
INFO - 2022-08-29 02:43:19 --> Controller "App\Controllers\base\Dashboard" loaded.
INFO - 2022-08-29 02:43:19 --> Session: Class initialized using 'CodeIgniter\Session\Handlers\FileHandler' driver.
INFO - 2022-08-29 02:43:19 --> Controller "App\Controllers\base\Dashboard" loaded.
INFO - 2022-08-29 02:43:26 --> Session: Class initialized using 'CodeIgniter\Session\Handlers\FileHandler' driver.
INFO - 2022-08-29 02:43:26 --> Controller "App\Controllers\base\Dashboard" loaded.
CRITICAL - 2022-08-29 02:48:27 --> Maximum execution time of 120 seconds exceeded
#0 [internal function]: CodeIgniter\Debug\Exceptions->shutdownHandler()
#1 {main}
CRITICAL - 2022-08-29 02:48:27 --> Maximum execution time of 120 seconds exceeded
#0 [internal function]: CodeIgniter\Debug\Exceptions->shutdownHandler()
#1 {main}
CRITICAL - 2022-08-29 02:48:27 --> Maximum execution time of 120 seconds exceeded
#0 [internal function]: CodeIgniter\Debug\Exceptions->shutdownHandler()
#1 {main}
CRITICAL - 2022-08-29 02:48:27 --> Maximum execution time of 120 seconds exceeded
#0 [internal function]: CodeIgniter\Debug\Exceptions->shutdownHandler()
#1 {main}
CRITICAL - 2022-08-29 02:48:27 --> Maximum execution time of 120 seconds exceeded
#0 [internal function]: CodeIgniter\Debug\Exceptions->shutdownHandler()
#1 {main}
CRITICAL - 2022-08-29 02:48:27 --> Maximum execution time of 120 seconds exceeded
#0 [internal function]: CodeIgniter\Debug\Exceptions->shutdownHandler()
#1 {main}
CRITICAL - 2022-08-29 02:48:27 --> Maximum execution time of 120 seconds exceeded
#0 [internal function]: CodeIgniter\Debug\Exceptions->shutdownHandler()
#1 {main}
CRITICAL - 2022-08-29 02:48:27 --> Maximum execution time of 120 seconds exceeded
#0 [internal function]: CodeIgniter\Debug\Exceptions->shutdownHandler()
#1 {main}
INFO - 2022-08-29 02:51:47 --> Session: Class initialized using 'CodeIgniter\Session\Handlers\FileHandler' driver.
CRITICAL - 2022-08-29 02:51:47 --> syntax error, unexpected 'else' (T_ELSE)
#0 C:\xampp\htdocs\nikahkuy2\system\Autoloader\Autoloader.php(296): CodeIgniter\Autoloader\Autoloader->requireFile('C:\\xampp\\htdocs...')
#1 C:\xampp\htdocs\nikahkuy2\system\Autoloader\Autoloader.php(258): CodeIgniter\Autoloader\Autoloader->loadInNamespace('App\\Controllers...')
#2 [internal function]: CodeIgniter\Autoloader\Autoloader->loadClass('App\\Controllers...')
#3 [internal function]: spl_autoload_call('App\\Controllers...')
#4 C:\xampp\htdocs\nikahkuy2\system\CodeIgniter.php(861): class_exists('\\App\\Controller...', true)
#5 C:\xampp\htdocs\nikahkuy2\system\CodeIgniter.php(388): CodeIgniter\CodeIgniter->startController()
#6 C:\xampp\htdocs\nikahkuy2\system\CodeIgniter.php(306): CodeIgniter\CodeIgniter->handleRequest(NULL, Object(Config\Cache), false)
#7 C:\xampp\htdocs\nikahkuy2\index.php(45): CodeIgniter\CodeIgniter->run()
#8 {main}
INFO - 2022-08-29 02:51:48 --> Session: Class initialized using 'CodeIgniter\Session\Handlers\FileHandler' driver.
CRITICAL - 2022-08-29 02:51:48 --> syntax error, unexpected 'else' (T_ELSE)
#0 C:\xampp\htdocs\nikahkuy2\system\Autoloader\Autoloader.php(296): CodeIgniter\Autoloader\Autoloader->requireFile('C:\\xampp\\htdocs...')
#1 C:\xampp\htdocs\nikahkuy2\system\Autoloader\Autoloader.php(258): CodeIgniter\Autoloader\Autoloader->loadInNamespace('App\\Controllers...')
#2 [internal function]: CodeIgniter\Autoloader\Autoloader->loadClass('App\\Controllers...')
#3 [internal function]: spl_autoload_call('App\\Controllers...')
#4 C:\xampp\htdocs\nikahkuy2\system\CodeIgniter.php(861): class_exists('\\App\\Controller...', true)
#5 C:\xampp\htdocs\nikahkuy2\system\CodeIgniter.php(388): CodeIgniter\CodeIgniter->startController()
#6 C:\xampp\htdocs\nikahkuy2\system\CodeIgniter.php(306): CodeIgniter\CodeIgniter->handleRequest(NULL, Object(Config\Cache), false)
#7 C:\xampp\htdocs\nikahkuy2\index.php(45): CodeIgniter\CodeIgniter->run()
#8 {main}
INFO - 2022-08-29 02:51:49 --> Session: Class initialized using 'CodeIgniter\Session\Handlers\FileHandler' driver.
CRITICAL - 2022-08-29 02:51:49 --> syntax error, unexpected 'else' (T_ELSE)
#0 C:\xampp\htdocs\nikahkuy2\system\Autoloader\Autoloader.php(296): CodeIgniter\Autoloader\Autoloader->requireFile('C:\\xampp\\htdocs...')
#1 C:\xampp\htdocs\nikahkuy2\system\Autoloader\Autoloader.php(258): CodeIgniter\Autoloader\Autoloader->loadInNamespace('App\\Controllers...')
#2 [internal function]: CodeIgniter\Autoloader\Autoloader->loadClass('App\\Controllers...')
#3 [internal function]: spl_autoload_call('App\\Controllers...')
#4 C:\xampp\htdocs\nikahkuy2\system\CodeIgniter.php(861): class_exists('\\App\\Controller...', true)
#5 C:\xampp\htdocs\nikahkuy2\system\CodeIgniter.php(388): CodeIgniter\CodeIgniter->startController()
#6 C:\xampp\htdocs\nikahkuy2\system\CodeIgniter.php(306): CodeIgniter\CodeIgniter->handleRequest(NULL, Object(Config\Cache), false)
#7 C:\xampp\htdocs\nikahkuy2\index.php(45): CodeIgniter\CodeIgniter->run()
#8 {main}
INFO - 2022-08-29 02:51:50 --> Session: Class initialized using 'CodeIgniter\Session\Handlers\FileHandler' driver.
CRITICAL - 2022-08-29 02:51:50 --> syntax error, unexpected 'else' (T_ELSE)
#0 C:\xampp\htdocs\nikahkuy2\system\Autoloader\Autoloader.php(296): CodeIgniter\Autoloader\Autoloader->requireFile('C:\\xampp\\htdocs...')
#1 C:\xampp\htdocs\nikahkuy2\system\Autoloader\Autoloader.php(258): CodeIgniter\Autoloader\Autoloader->loadInNamespace('App\\Controllers...')
#2 [internal function]: CodeIgniter\Autoloader\Autoloader->loadClass('App\\Controllers...')
#3 [internal function]: spl_autoload_call('App\\Controllers...')
#4 C:\xampp\htdocs\nikahkuy2\system\CodeIgniter.php(861): class_exists('\\App\\Controller...', true)
#5 C:\xampp\htdocs\nikahkuy2\system\CodeIgniter.php(388): CodeIgniter\CodeIgniter->startController()
#6 C:\xampp\htdocs\nikahkuy2\system\CodeIgniter.php(306): CodeIgniter\CodeIgniter->handleRequest(NULL, Object(Config\Cache), false)
#7 C:\xampp\htdocs\nikahkuy2\index.php(45): CodeIgniter\CodeIgniter->run()
#8 {main}
INFO - 2022-08-29 02:51:52 --> Session: Class initialized using 'CodeIgniter\Session\Handlers\FileHandler' driver.
CRITICAL - 2022-08-29 02:51:52 --> syntax error, unexpected 'else' (T_ELSE)
#0 C:\xampp\htdocs\nikahkuy2\system\Autoloader\Autoloader.php(296): CodeIgniter\Autoloader\Autoloader->requireFile('C:\\xampp\\htdocs...')
#1 C:\xampp\htdocs\nikahkuy2\system\Autoloader\Autoloader.php(258): CodeIgniter\Autoloader\Autoloader->loadInNamespace('App\\Controllers...')
#2 [internal function]: CodeIgniter\Autoloader\Autoloader->loadClass('App\\Controllers...')
#3 [internal function]: spl_autoload_call('App\\Controllers...')
#4 C:\xampp\htdocs\nikahkuy2\system\CodeIgniter.php(861): class_exists('\\App\\Controller...', true)
#5 C:\xampp\htdocs\nikahkuy2\system\CodeIgniter.php(388): CodeIgniter\CodeIgniter->startController()
#6 C:\xampp\htdocs\nikahkuy2\system\CodeIgniter.php(306): CodeIgniter\CodeIgniter->handleRequest(NULL, Object(Config\Cache), false)
#7 C:\xampp\htdocs\nikahkuy2\index.php(45): CodeIgniter\CodeIgniter->run()
#8 {main}
INFO - 2022-08-29 02:51:53 --> Session: Class initialized using 'CodeIgniter\Session\Handlers\FileHandler' driver.
CRITICAL - 2022-08-29 02:51:53 --> syntax error, unexpected 'else' (T_ELSE)
#0 C:\xampp\htdocs\nikahkuy2\system\Autoloader\Autoloader.php(296): CodeIgniter\Autoloader\Autoloader->requireFile('C:\\xampp\\htdocs...')
#1 C:\xampp\htdocs\nikahkuy2\system\Autoloader\Autoloader.php(258): CodeIgniter\Autoloader\Autoloader->loadInNamespace('App\\Controllers...')
#2 [internal function]: CodeIgniter\Autoloader\Autoloader->loadClass('App\\Controllers...')
#3 [internal function]: spl_autoload_call('App\\Controllers...')
#4 C:\xampp\htdocs\nikahkuy2\system\CodeIgniter.php(861): class_exists('\\App\\Controller...', true)
#5 C:\xampp\htdocs\nikahkuy2\system\CodeIgniter.php(388): CodeIgniter\CodeIgniter->startController()
#6 C:\xampp\htdocs\nikahkuy2\system\CodeIgniter.php(306): CodeIgniter\CodeIgniter->handleRequest(NULL, Object(Config\Cache), false)
#7 C:\xampp\htdocs\nikahkuy2\index.php(45): CodeIgniter\CodeIgniter->run()
#8 {main}
INFO - 2022-08-29 02:51:54 --> Session: Class initialized using 'CodeIgniter\Session\Handlers\FileHandler' driver.
CRITICAL - 2022-08-29 02:51:54 --> syntax error, unexpected 'else' (T_ELSE)
#0 C:\xampp\htdocs\nikahkuy2\system\Autoloader\Autoloader.php(296): CodeIgniter\Autoloader\Autoloader->requireFile('C:\\xampp\\htdocs...')
#1 C:\xampp\htdocs\nikahkuy2\system\Autoloader\Autoloader.php(258): CodeIgniter\Autoloader\Autoloader->loadInNamespace('App\\Controllers...')
#2 [internal function]: CodeIgniter\Autoloader\Autoloader->loadClass('App\\Controllers...')
#3 [internal function]: spl_autoload_call('App\\Controllers...')
#4 C:\xampp\htdocs\nikahkuy2\system\CodeIgniter.php(861): class_exists('\\App\\Controller...', true)
#5 C:\xampp\htdocs\nikahkuy2\system\CodeIgniter.php(388): CodeIgniter\CodeIgniter->startController()
#6 C:\xampp\htdocs\nikahkuy2\system\CodeIgniter.php(306): CodeIgniter\CodeIgniter->handleRequest(NULL, Object(Config\Cache), false)
#7 C:\xampp\htdocs\nikahkuy2\index.php(45): CodeIgniter\CodeIgniter->run()
#8 {main}
CRITICAL - 2022-08-29 02:51:55 --> syntax error, unexpected 'else' (T_ELSE)
#0 C:\xampp\htdocs\nikahkuy2\system\Autoloader\Autoloader.php(296): CodeIgniter\Autoloader\Autoloader->requireFile('C:\\xampp\\htdocs...')
#1 C:\xampp\htdocs\nikahkuy2\system\Autoloader\Autoloader.php(258): CodeIgniter\Autoloader\Autoloader->loadInNamespace('App\\Controllers...')
#2 [internal function]: CodeIgniter\Autoloader\Autoloader->loadClass('App\\Controllers...')
#3 [internal function]: spl_autoload_call('App\\Controllers...')
#4 C:\xampp\htdocs\nikahkuy2\system\CodeIgniter.php(861): class_exists('\\App\\Controller...', true)
#5 C:\xampp\htdocs\nikahkuy2\system\CodeIgniter.php(388): CodeIgniter\CodeIgniter->startController()
#6 C:\xampp\htdocs\nikahkuy2\system\CodeIgniter.php(306): CodeIgniter\CodeIgniter->handleRequest(NULL, Object(Config\Cache), false)
#7 C:\xampp\htdocs\nikahkuy2\index.php(45): CodeIgniter\CodeIgniter->run()
#8 {main}
CRITICAL - 2022-08-29 02:51:56 --> syntax error, unexpected 'else' (T_ELSE)
#0 C:\xampp\htdocs\nikahkuy2\system\Autoloader\Autoloader.php(296): CodeIgniter\Autoloader\Autoloader->requireFile('C:\\xampp\\htdocs...')
#1 C:\xampp\htdocs\nikahkuy2\system\Autoloader\Autoloader.php(258): CodeIgniter\Autoloader\Autoloader->loadInNamespace('App\\Controllers...')
#2 [internal function]: CodeIgniter\Autoloader\Autoloader->loadClass('App\\Controllers...')
#3 [internal function]: spl_autoload_call('App\\Controllers...')
#4 C:\xampp\htdocs\nikahkuy2\system\CodeIgniter.php(861): class_exists('\\App\\Controller...', true)
#5 C:\xampp\htdocs\nikahkuy2\system\CodeIgniter.php(388): CodeIgniter\CodeIgniter->startController()
#6 C:\xampp\htdocs\nikahkuy2\system\CodeIgniter.php(306): CodeIgniter\CodeIgniter->handleRequest(NULL, Object(Config\Cache), false)
#7 C:\xampp\htdocs\nikahkuy2\index.php(45): CodeIgniter\CodeIgniter->run()
#8 {main}
CRITICAL - 2022-08-29 02:51:57 --> syntax error, unexpected 'else' (T_ELSE)
#0 C:\xampp\htdocs\nikahkuy2\system\Autoloader\Autoloader.php(296): CodeIgniter\Autoloader\Autoloader->requireFile('C:\\xampp\\htdocs...')
#1 C:\xampp\htdocs\nikahkuy2\system\Autoloader\Autoloader.php(258): CodeIgniter\Autoloader\Autoloader->loadInNamespace('App\\Controllers...')
#2 [internal function]: CodeIgniter\Autoloader\Autoloader->loadClass('App\\Controllers...')
#3 [internal function]: spl_autoload_call('App\\Controllers...')
#4 C:\xampp\htdocs\nikahkuy2\system\CodeIgniter.php(861): class_exists('\\App\\Controller...', true)
#5 C:\xampp\htdocs\nikahkuy2\system\CodeIgniter.php(388): CodeIgniter\CodeIgniter->startController()
#6 C:\xampp\htdocs\nikahkuy2\system\CodeIgniter.php(306): CodeIgniter\CodeIgniter->handleRequest(NULL, Object(Config\Cache), false)
#7 C:\xampp\htdocs\nikahkuy2\index.php(45): CodeIgniter\CodeIgniter->run()
#8 {main}
CRITICAL - 2022-08-29 02:51:57 --> syntax error, unexpected 'else' (T_ELSE)
#0 C:\xampp\htdocs\nikahkuy2\system\Autoloader\Autoloader.php(296): CodeIgniter\Autoloader\Autoloader->requireFile('C:\\xampp\\htdocs...')
#1 C:\xampp\htdocs\nikahkuy2\system\Autoloader\Autoloader.php(258): CodeIgniter\Autoloader\Autoloader->loadInNamespace('App\\Controllers...')
#2 [internal function]: CodeIgniter\Autoloader\Autoloader->loadClass('App\\Controllers...')
#3 [internal function]: spl_autoload_call('App\\Controllers...')
#4 C:\xampp\htdocs\nikahkuy2\system\CodeIgniter.php(861): class_exists('\\App\\Controller...', true)
#5 C:\xampp\htdocs\nikahkuy2\system\CodeIgniter.php(388): CodeIgniter\CodeIgniter->startController()
#6 C:\xampp\htdocs\nikahkuy2\system\CodeIgniter.php(306): CodeIgniter\CodeIgniter->handleRequest(NULL, Object(Config\Cache), false)
#7 C:\xampp\htdocs\nikahkuy2\index.php(45): CodeIgniter\CodeIgniter->run()
#8 {main}
INFO - 2022-08-29 02:54:55 --> Session: Class initialized using 'CodeIgniter\Session\Handlers\FileHandler' driver.
INFO - 2022-08-29 02:54:55 --> Controller "App\Controllers\base\Dashboard" loaded.
INFO - 2022-08-29 02:54:55 --> Session: Class initialized using 'CodeIgniter\Session\Handlers\FileHandler' driver.
INFO - 2022-08-29 02:54:55 --> Controller "App\Controllers\base\Dashboard" loaded.
INFO - 2022-08-29 02:56:43 --> Session: Class initialized using 'CodeIgniter\Session\Handlers\FileHandler' driver.
INFO - 2022-08-29 02:56:43 --> Controller "App\Controllers\base\Dashboard" loaded.
INFO - 2022-08-29 02:56:44 --> Session: Class initialized using 'CodeIgniter\Session\Handlers\FileHandler' driver.
INFO - 2022-08-29 02:56:44 --> Controller "App\Controllers\base\Dashboard" loaded.
INFO - 2022-08-29 02:56:51 --> Session: Class initialized using 'CodeIgniter\Session\Handlers\FileHandler' driver.
INFO - 2022-08-29 02:56:51 --> Controller "App\Controllers\base\Dashboard" loaded.
INFO - 2022-08-29 02:56:58 --> Session: Class initialized using 'CodeIgniter\Session\Handlers\FileHandler' driver.
INFO - 2022-08-29 02:56:58 --> Controller "App\Controllers\base\Dashboard" loaded.
INFO - 2022-08-29 02:57:02 --> Session: Class initialized using 'CodeIgniter\Session\Handlers\FileHandler' driver.
INFO - 2022-08-29 02:57:02 --> Controller "App\Controllers\base\Dashboard" loaded.
CRITICAL - 2022-08-29 03:02:03 --> Maximum execution time of 120 seconds exceeded
#0 [internal function]: CodeIgniter\Debug\Exceptions->shutdownHandler()
#1 {main}
CRITICAL - 2022-08-29 03:02:03 --> Maximum execution time of 120 seconds exceeded
#0 [internal function]: CodeIgniter\Debug\Exceptions->shutdownHandler()
#1 {main}
CRITICAL - 2022-08-29 03:02:03 --> Maximum execution time of 120 seconds exceeded
#0 [internal function]: CodeIgniter\Debug\Exceptions->shutdownHandler()
#1 {main}
CRITICAL - 2022-08-29 03:02:03 --> Maximum execution time of 120 seconds exceeded
#0 [internal function]: CodeIgniter\Debug\Exceptions->shutdownHandler()
#1 {main}
CRITICAL - 2022-08-29 03:02:03 --> Maximum execution time of 120 seconds exceeded
#0 [internal function]: CodeIgniter\Debug\Exceptions->shutdownHandler()
#1 {main}
CRITICAL - 2022-08-29 03:02:03 --> Maximum execution time of 120 seconds exceeded
#0 [internal function]: CodeIgniter\Debug\Exceptions->shutdownHandler()
#1 {main}
CRITICAL - 2022-08-29 03:02:03 --> Maximum execution time of 120 seconds exceeded
#0 [internal function]: CodeIgniter\Debug\Exceptions->shutdownHandler()
#1 {main}
CRITICAL - 2022-08-29 03:02:03 --> Maximum execution time of 120 seconds exceeded
#0 [internal function]: CodeIgniter\Debug\Exceptions->shutdownHandler()
#1 {main}
CRITICAL - 2022-08-29 03:02:03 --> Maximum execution time of 120 seconds exceeded
#0 [internal function]: CodeIgniter\Debug\Exceptions->shutdownHandler()
#1 {main}
CRITICAL - 2022-08-29 03:02:03 --> Maximum execution time of 120 seconds exceeded
#0 [internal function]: CodeIgniter\Debug\Exceptions->shutdownHandler()
#1 {main}
INFO - 2022-08-29 03:02:08 --> Session: Class initialized using 'CodeIgniter\Session\Handlers\FileHandler' driver.
INFO - 2022-08-29 03:02:08 --> Controller "App\Controllers\base\Dashboard" loaded.
INFO - 2022-08-29 03:02:14 --> Session: Class initialized using 'CodeIgniter\Session\Handlers\FileHandler' driver.
INFO - 2022-08-29 03:02:14 --> Controller "App\Controllers\base\Dashboard" loaded.
INFO - 2022-08-29 03:04:12 --> Session: Class initialized using 'CodeIgniter\Session\Handlers\FileHandler' driver.
INFO - 2022-08-29 03:04:12 --> Controller "App\Controllers\base\Dashboard" loaded.
INFO - 2022-08-29 03:04:16 --> Session: Class initialized using 'CodeIgniter\Session\Handlers\FileHandler' driver.
INFO - 2022-08-29 03:04:16 --> Controller "App\Controllers\base\Dashboard" loaded.
INFO - 2022-08-29 03:04:17 --> Session: Class initialized using 'CodeIgniter\Session\Handlers\FileHandler' driver.
INFO - 2022-08-29 03:04:17 --> Controller "App\Controllers\base\Dashboard" loaded.
INFO - 2022-08-29 03:04:38 --> Session: Class initialized using 'CodeIgniter\Session\Handlers\FileHandler' driver.
INFO - 2022-08-29 03:04:38 --> Controller "App\Controllers\base\Dashboard" loaded.
INFO - 2022-08-29 03:04:39 --> Session: Class initialized using 'CodeIgniter\Session\Handlers\FileHandler' driver.
INFO - 2022-08-29 03:04:39 --> Controller "App\Controllers\base\Dashboard" loaded.
INFO - 2022-08-29 03:05:50 --> Session: Class initialized using 'CodeIgniter\Session\Handlers\FileHandler' driver.
INFO - 2022-08-29 03:05:50 --> Controller "App\Controllers\base\Dashboard" loaded.
INFO - 2022-08-29 03:05:54 --> Session: Class initialized using 'CodeIgniter\Session\Handlers\FileHandler' driver.
INFO - 2022-08-29 03:05:54 --> Controller "App\Controllers\base\Dashboard" loaded.
INFO - 2022-08-29 03:05:54 --> Session: Class initialized using 'CodeIgniter\Session\Handlers\FileHandler' driver.
INFO - 2022-08-29 03:05:54 --> Controller "App\Controllers\base\Dashboard" loaded.
INFO - 2022-08-29 03:06:04 --> Session: Class initialized using 'CodeIgniter\Session\Handlers\FileHandler' driver.
INFO - 2022-08-29 03:06:04 --> Controller "App\Controllers\base\Dashboard" loaded.
INFO - 2022-08-29 03:06:04 --> Session: Class initialized using 'CodeIgniter\Session\Handlers\FileHandler' driver.
INFO - 2022-08-29 03:06:04 --> Controller "App\Controllers\base\Dashboard" loaded.
INFO - 2022-08-29 03:06:13 --> Session: Class initialized using 'CodeIgniter\Session\Handlers\FileHandler' driver.
INFO - 2022-08-29 03:06:13 --> Controller "App\Controllers\base\Dashboard" loaded.
INFO - 2022-08-29 03:06:13 --> Session: Class initialized using 'CodeIgniter\Session\Handlers\FileHandler' driver.
INFO - 2022-08-29 03:06:13 --> Controller "App\Controllers\base\Dashboard" loaded.
INFO - 2022-08-29 03:06:22 --> Session: Class initialized using 'CodeIgniter\Session\Handlers\FileHandler' driver.
INFO - 2022-08-29 03:06:22 --> Controller "App\Controllers\base\Dashboard" loaded.
INFO - 2022-08-29 03:06:22 --> Session: Class initialized using 'CodeIgniter\Session\Handlers\FileHandler' driver.
INFO - 2022-08-29 03:06:22 --> Controller "App\Controllers\base\Dashboard" loaded.
INFO - 2022-08-29 03:06:29 --> Session: Class initialized using 'CodeIgniter\Session\Handlers\FileHandler' driver.
INFO - 2022-08-29 03:06:29 --> Controller "App\Controllers\base\Dashboard" loaded.
INFO - 2022-08-29 03:06:34 --> Session: Class initialized using 'CodeIgniter\Session\Handlers\FileHandler' driver.
INFO - 2022-08-29 03:06:34 --> Controller "App\Controllers\base\Dashboard" loaded.
INFO - 2022-08-29 03:06:34 --> Session: Class initialized using 'CodeIgniter\Session\Handlers\FileHandler' driver.
INFO - 2022-08-29 03:06:34 --> Controller "App\Controllers\base\Dashboard" loaded.
INFO - 2022-08-29 03:06:37 --> Session: Class initialized using 'CodeIgniter\Session\Handlers\FileHandler' driver.
INFO - 2022-08-29 03:06:37 --> Controller "App\Controllers\base\Dashboard" loaded.
INFO - 2022-08-29 03:07:22 --> Session: Class initialized using 'CodeIgniter\Session\Handlers\FileHandler' driver.
INFO - 2022-08-29 03:07:22 --> Controller "App\Controllers\base\Dashboard" loaded.
INFO - 2022-08-29 03:07:26 --> Session: Class initialized using 'CodeIgniter\Session\Handlers\FileHandler' driver.
INFO - 2022-08-29 03:07:26 --> Controller "App\Controllers\base\Dashboard" loaded.
INFO - 2022-08-29 03:07:29 --> Session: Class initialized using 'CodeIgniter\Session\Handlers\FileHandler' driver.
INFO - 2022-08-29 03:07:29 --> Controller "App\Controllers\base\Dashboard" loaded.
INFO - 2022-08-29 03:07:33 --> Session: Class initialized using 'CodeIgniter\Session\Handlers\FileHandler' driver.
INFO - 2022-08-29 03:07:33 --> Controller "App\Controllers\base\Dashboard" loaded.
CRITICAL - 2022-08-29 03:07:33 --> Call to undefined method App\Controllers\base\Dashboard::cek_wa()
#0 C:\xampp\htdocs\nikahkuy2\system\CodeIgniter.php(910): App\Controllers\base\Dashboard->kirim_undangan()
#1 C:\xampp\htdocs\nikahkuy2\system\CodeIgniter.php(398): CodeIgniter\CodeIgniter->runController(Object(App\Controllers\base\Dashboard))
#2 C:\xampp\htdocs\nikahkuy2\system\CodeIgniter.php(306): CodeIgniter\CodeIgniter->handleRequest(NULL, Object(Config\Cache), false)
#3 C:\xampp\htdocs\nikahkuy2\index.php(45): CodeIgniter\CodeIgniter->run()
#4 {main}
INFO - 2022-08-29 03:07:57 --> Session: Class initialized using 'CodeIgniter\Session\Handlers\FileHandler' driver.
INFO - 2022-08-29 03:07:57 --> Controller "App\Controllers\base\Dashboard" loaded.
CRITICAL - 2022-08-29 03:07:57 --> Call to undefined method App\Controllers\base\Dashboard::cek_wa()
#0 C:\xampp\htdocs\nikahkuy2\system\CodeIgniter.php(910): App\Controllers\base\Dashboard->kirim_undangan()
#1 C:\xampp\htdocs\nikahkuy2\system\CodeIgniter.php(398): CodeIgniter\CodeIgniter->runController(Object(App\Controllers\base\Dashboard))
#2 C:\xampp\htdocs\nikahkuy2\system\CodeIgniter.php(306): CodeIgniter\CodeIgniter->handleRequest(NULL, Object(Config\Cache), false)
#3 C:\xampp\htdocs\nikahkuy2\index.php(45): CodeIgniter\CodeIgniter->run()
#4 {main}
INFO - 2022-08-29 03:07:58 --> Session: Class initialized using 'CodeIgniter\Session\Handlers\FileHandler' driver.
INFO - 2022-08-29 03:07:58 --> Controller "App\Controllers\base\Dashboard" loaded.
CRITICAL - 2022-08-29 03:07:58 --> Call to undefined method App\Controllers\base\Dashboard::cek_wa()
#0 C:\xampp\htdocs\nikahkuy2\system\CodeIgniter.php(910): App\Controllers\base\Dashboard->kirim_undangan()
#1 C:\xampp\htdocs\nikahkuy2\system\CodeIgniter.php(398): CodeIgniter\CodeIgniter->runController(Object(App\Controllers\base\Dashboard))
#2 C:\xampp\htdocs\nikahkuy2\system\CodeIgniter.php(306): CodeIgniter\CodeIgniter->handleRequest(NULL, Object(Config\Cache), false)
#3 C:\xampp\htdocs\nikahkuy2\index.php(45): CodeIgniter\CodeIgniter->run()
#4 {main}
INFO - 2022-08-29 03:08:00 --> Session: Class initialized using 'CodeIgniter\Session\Handlers\FileHandler' driver.
INFO - 2022-08-29 03:08:00 --> Controller "App\Controllers\base\Dashboard" loaded.
CRITICAL - 2022-08-29 03:08:00 --> Call to undefined method App\Controllers\base\Dashboard::cek_wa()
#0 C:\xampp\htdocs\nikahkuy2\system\CodeIgniter.php(910): App\Controllers\base\Dashboard->kirim_undangan()
#1 C:\xampp\htdocs\nikahkuy2\system\CodeIgniter.php(398): CodeIgniter\CodeIgniter->runController(Object(App\Controllers\base\Dashboard))
#2 C:\xampp\htdocs\nikahkuy2\system\CodeIgniter.php(306): CodeIgniter\CodeIgniter->handleRequest(NULL, Object(Config\Cache), false)
#3 C:\xampp\htdocs\nikahkuy2\index.php(45): CodeIgniter\CodeIgniter->run()
#4 {main}
INFO - 2022-08-29 03:08:01 --> Session: Class initialized using 'CodeIgniter\Session\Handlers\FileHandler' driver.
INFO - 2022-08-29 03:08:01 --> Controller "App\Controllers\base\Dashboard" loaded.
CRITICAL - 2022-08-29 03:08:01 --> Call to undefined method App\Controllers\base\Dashboard::cek_wa()
#0 C:\xampp\htdocs\nikahkuy2\system\CodeIgniter.php(910): App\Controllers\base\Dashboard->kirim_undangan()
#1 C:\xampp\htdocs\nikahkuy2\system\CodeIgniter.php(398): CodeIgniter\CodeIgniter->runController(Object(App\Controllers\base\Dashboard))
#2 C:\xampp\htdocs\nikahkuy2\system\CodeIgniter.php(306): CodeIgniter\CodeIgniter->handleRequest(NULL, Object(Config\Cache), false)
#3 C:\xampp\htdocs\nikahkuy2\index.php(45): CodeIgniter\CodeIgniter->run()
#4 {main}
INFO - 2022-08-29 03:08:01 --> Session: Class initialized using 'CodeIgniter\Session\Handlers\FileHandler' driver.
INFO - 2022-08-29 03:08:01 --> Controller "App\Controllers\base\Dashboard" loaded.
CRITICAL - 2022-08-29 03:08:01 --> Call to undefined method App\Controllers\base\Dashboard::cek_wa()
#0 C:\xampp\htdocs\nikahkuy2\system\CodeIgniter.php(910): App\Controllers\base\Dashboard->kirim_undangan()
#1 C:\xampp\htdocs\nikahkuy2\system\CodeIgniter.php(398): CodeIgniter\CodeIgniter->runController(Object(App\Controllers\base\Dashboard))
#2 C:\xampp\htdocs\nikahkuy2\system\CodeIgniter.php(306): CodeIgniter\CodeIgniter->handleRequest(NULL, Object(Config\Cache), false)
#3 C:\xampp\htdocs\nikahkuy2\index.php(45): CodeIgniter\CodeIgniter->run()
#4 {main}
INFO - 2022-08-29 03:08:01 --> Session: Class initialized using 'CodeIgniter\Session\Handlers\FileHandler' driver.
INFO - 2022-08-29 03:08:01 --> Controller "App\Controllers\base\Dashboard" loaded.
CRITICAL - 2022-08-29 03:08:01 --> Call to undefined method App\Controllers\base\Dashboard::cek_wa()
#0 C:\xampp\htdocs\nikahkuy2\system\CodeIgniter.php(910): App\Controllers\base\Dashboard->kirim_undangan()
#1 C:\xampp\htdocs\nikahkuy2\system\CodeIgniter.php(398): CodeIgniter\CodeIgniter->runController(Object(App\Controllers\base\Dashboard))
#2 C:\xampp\htdocs\nikahkuy2\system\CodeIgniter.php(306): CodeIgniter\CodeIgniter->handleRequest(NULL, Object(Config\Cache), false)
#3 C:\xampp\htdocs\nikahkuy2\index.php(45): CodeIgniter\CodeIgniter->run()
#4 {main}
INFO - 2022-08-29 03:08:04 --> Session: Class initialized using 'CodeIgniter\Session\Handlers\FileHandler' driver.
INFO - 2022-08-29 03:08:04 --> Controller "App\Controllers\base\Dashboard" loaded.
INFO - 2022-08-29 03:08:08 --> Session: Class initialized using 'CodeIgniter\Session\Handlers\FileHandler' driver.
INFO - 2022-08-29 03:08:08 --> Controller "App\Controllers\base\Dashboard" loaded.
CRITICAL - 2022-08-29 03:08:08 --> Call to undefined method App\Controllers\base\Dashboard::cek_wa()
#0 C:\xampp\htdocs\nikahkuy2\system\CodeIgniter.php(910): App\Controllers\base\Dashboard->kirim_undangan()
#1 C:\xampp\htdocs\nikahkuy2\system\CodeIgniter.php(398): CodeIgniter\CodeIgniter->runController(Object(App\Controllers\base\Dashboard))
#2 C:\xampp\htdocs\nikahkuy2\system\CodeIgniter.php(306): CodeIgniter\CodeIgniter->handleRequest(NULL, Object(Config\Cache), false)
#3 C:\xampp\htdocs\nikahkuy2\index.php(45): CodeIgniter\CodeIgniter->run()
#4 {main}
INFO - 2022-08-29 03:08:15 --> Session: Class initialized using 'CodeIgniter\Session\Handlers\FileHandler' driver.
INFO - 2022-08-29 03:08:15 --> Controller "App\Controllers\base\Dashboard" loaded.
CRITICAL - 2022-08-29 03:08:15 --> Call to undefined method App\Controllers\base\Dashboard::cek_wa()
#0 C:\xampp\htdocs\nikahkuy2\system\CodeIgniter.php(910): App\Controllers\base\Dashboard->kirim_undangan()
#1 C:\xampp\htdocs\nikahkuy2\system\CodeIgniter.php(398): CodeIgniter\CodeIgniter->runController(Object(App\Controllers\base\Dashboard))
#2 C:\xampp\htdocs\nikahkuy2\system\CodeIgniter.php(306): CodeIgniter\CodeIgniter->handleRequest(NULL, Object(Config\Cache), false)
#3 C:\xampp\htdocs\nikahkuy2\index.php(45): CodeIgniter\CodeIgniter->run()
#4 {main}
INFO - 2022-08-29 03:10:05 --> Session: Class initialized using 'CodeIgniter\Session\Handlers\FileHandler' driver.
INFO - 2022-08-29 03:10:05 --> Controller "App\Controllers\base\Dashboard" loaded.
INFO - 2022-08-29 03:10:08 --> Session: Class initialized using 'CodeIgniter\Session\Handlers\FileHandler' driver.
INFO - 2022-08-29 03:10:08 --> Controller "App\Controllers\base\Dashboard" loaded.
INFO - 2022-08-29 03:10:09 --> Session: Class initialized using 'CodeIgniter\Session\Handlers\FileHandler' driver.
INFO - 2022-08-29 03:10:09 --> Controller "App\Controllers\base\Dashboard" loaded.
INFO - 2022-08-29 03:10:14 --> Session: Class initialized using 'CodeIgniter\Session\Handlers\FileHandler' driver.
INFO - 2022-08-29 03:10:14 --> Controller "App\Controllers\base\Dashboard" loaded.
INFO - 2022-08-29 03:10:14 --> Session: Class initialized using 'CodeIgniter\Session\Handlers\FileHandler' driver.
INFO - 2022-08-29 03:10:14 --> Controller "App\Controllers\base\Dashboard" loaded.
INFO - 2022-08-29 03:10:19 --> Session: Class initialized using 'CodeIgniter\Session\Handlers\FileHandler' driver.
INFO - 2022-08-29 03:10:19 --> Controller "App\Controllers\base\Dashboard" loaded.
INFO - 2022-08-29 03:10:19 --> Session: Class initialized using 'CodeIgniter\Session\Handlers\FileHandler' driver.
INFO - 2022-08-29 03:10:19 --> Controller "App\Controllers\base\Dashboard" loaded.
INFO - 2022-08-29 03:10:28 --> Session: Class initialized using 'CodeIgniter\Session\Handlers\FileHandler' driver.
INFO - 2022-08-29 03:10:28 --> Controller "App\Controllers\base\Dashboard" loaded.
INFO - 2022-08-29 03:10:29 --> Session: Class initialized using 'CodeIgniter\Session\Handlers\FileHandler' driver.
INFO - 2022-08-29 03:10:29 --> Controller "App\Controllers\base\Dashboard" loaded.
INFO - 2022-08-29 03:10:33 --> Session: Class initialized using 'CodeIgniter\Session\Handlers\FileHandler' driver.
INFO - 2022-08-29 03:10:33 --> Controller "App\Controllers\base\Dashboard" loaded.
INFO - 2022-08-29 03:10:34 --> Session: Class initialized using 'CodeIgniter\Session\Handlers\FileHandler' driver.
INFO - 2022-08-29 03:10:34 --> Controller "App\Controllers\base\Dashboard" loaded.
INFO - 2022-08-29 03:14:09 --> Session: Class initialized using 'CodeIgniter\Session\Handlers\FileHandler' driver.
INFO - 2022-08-29 03:14:09 --> Controller "App\Controllers\base\Dashboard" loaded.
INFO - 2022-08-29 03:14:12 --> Session: Class initialized using 'CodeIgniter\Session\Handlers\FileHandler' driver.
INFO - 2022-08-29 03:14:12 --> Controller "App\Controllers\base\Dashboard" loaded.
INFO - 2022-08-29 03:14:13 --> Session: Class initialized using 'CodeIgniter\Session\Handlers\FileHandler' driver.
INFO - 2022-08-29 03:14:13 --> Controller "App\Controllers\base\Dashboard" loaded.
INFO - 2022-08-29 03:14:17 --> Session: Class initialized using 'CodeIgniter\Session\Handlers\FileHandler' driver.
INFO - 2022-08-29 03:14:17 --> Controller "App\Controllers\base\Dashboard" loaded.
INFO - 2022-08-29 03:14:17 --> Session: Class initialized using 'CodeIgniter\Session\Handlers\FileHandler' driver.
INFO - 2022-08-29 03:14:17 --> Controller "App\Controllers\base\Dashboard" loaded.
INFO - 2022-08-29 03:15:23 --> Session: Class initialized using 'CodeIgniter\Session\Handlers\FileHandler' driver.
INFO - 2022-08-29 03:15:23 --> Controller "App\Controllers\base\Dashboard" loaded.
INFO - 2022-08-29 03:15:26 --> Session: Class initialized using 'CodeIgniter\Session\Handlers\FileHandler' driver.
INFO - 2022-08-29 03:15:26 --> Controller "App\Controllers\base\Dashboard" loaded.
INFO - 2022-08-29 03:15:27 --> Session: Class initialized using 'CodeIgniter\Session\Handlers\FileHandler' driver.
INFO - 2022-08-29 03:15:27 --> Controller "App\Controllers\base\Dashboard" loaded.
INFO - 2022-08-29 03:15:31 --> Session: Class initialized using 'CodeIgniter\Session\Handlers\FileHandler' driver.
INFO - 2022-08-29 03:15:31 --> Controller "App\Controllers\base\Dashboard" loaded.
INFO - 2022-08-29 03:15:32 --> Session: Class initialized using 'CodeIgniter\Session\Handlers\FileHandler' driver.
INFO - 2022-08-29 03:15:32 --> Controller "App\Controllers\base\Dashboard" loaded.
INFO - 2022-08-29 03:16:47 --> Session: Class initialized using 'CodeIgniter\Session\Handlers\FileHandler' driver.
INFO - 2022-08-29 03:16:47 --> Controller "App\Controllers\base\Dashboard" loaded.
INFO - 2022-08-29 03:16:50 --> Session: Class initialized using 'CodeIgniter\Session\Handlers\FileHandler' driver.
INFO - 2022-08-29 03:16:50 --> Controller "App\Controllers\base\Dashboard" loaded.
INFO - 2022-08-29 03:16:50 --> Session: Class initialized using 'CodeIgniter\Session\Handlers\FileHandler' driver.
INFO - 2022-08-29 03:16:50 --> Controller "App\Controllers\base\Dashboard" loaded.
INFO - 2022-08-29 03:24:32 --> Session: Class initialized using 'CodeIgniter\Session\Handlers\FileHandler' driver.
INFO - 2022-08-29 03:24:32 --> Controller "App\Controllers\base\Dashboard" loaded.
INFO - 2022-08-29 03:24:35 --> Session: Class initialized using 'CodeIgniter\Session\Handlers\FileHandler' driver.
INFO - 2022-08-29 03:24:35 --> Controller "App\Controllers\base\Dashboard" loaded.
INFO - 2022-08-29 03:24:36 --> Session: Class initialized using 'CodeIgniter\Session\Handlers\FileHandler' driver.
INFO - 2022-08-29 03:24:36 --> Controller "App\Controllers\base\Dashboard" loaded.
INFO - 2022-08-29 03:25:18 --> Session: Class initialized using 'CodeIgniter\Session\Handlers\FileHandler' driver.
INFO - 2022-08-29 03:25:18 --> Controller "App\Controllers\base\Dashboard" loaded.
INFO - 2022-08-29 03:25:21 --> Session: Class initialized using 'CodeIgniter\Session\Handlers\FileHandler' driver.
INFO - 2022-08-29 03:25:21 --> Controller "App\Controllers\base\Dashboard" loaded.
INFO - 2022-08-29 03:25:21 --> Session: Class initialized using 'CodeIgniter\Session\Handlers\FileHandler' driver.
INFO - 2022-08-29 03:25:21 --> Controller "App\Controllers\base\Dashboard" loaded.
INFO - 2022-08-29 03:25:42 --> Session: Class initialized using 'CodeIgniter\Session\Handlers\FileHandler' driver.
INFO - 2022-08-29 03:25:42 --> Controller "App\Controllers\base\Dashboard" loaded.
INFO - 2022-08-29 03:25:45 --> Session: Class initialized using 'CodeIgniter\Session\Handlers\FileHandler' driver.
INFO - 2022-08-29 03:25:45 --> Controller "App\Controllers\base\Dashboard" loaded.
INFO - 2022-08-29 03:25:46 --> Session: Class initialized using 'CodeIgniter\Session\Handlers\FileHandler' driver.
INFO - 2022-08-29 03:25:46 --> Controller "App\Controllers\base\Dashboard" loaded.
INFO - 2022-08-29 03:27:37 --> Session: Class initialized using 'CodeIgniter\Session\Handlers\FileHandler' driver.
INFO - 2022-08-29 03:27:37 --> Controller "App\Controllers\base\Dashboard" loaded.
INFO - 2022-08-29 03:27:42 --> Session: Class initialized using 'CodeIgniter\Session\Handlers\FileHandler' driver.
INFO - 2022-08-29 03:27:42 --> Controller "App\Controllers\base\Dashboard" loaded.
INFO - 2022-08-29 03:27:43 --> Session: Class initialized using 'CodeIgniter\Session\Handlers\FileHandler' driver.
INFO - 2022-08-29 03:27:43 --> Controller "App\Controllers\base\Dashboard" loaded.
INFO - 2022-08-29 03:28:26 --> Session: Class initialized using 'CodeIgniter\Session\Handlers\FileHandler' driver.
INFO - 2022-08-29 03:28:26 --> Controller "App\Controllers\base\Dashboard" loaded.
INFO - 2022-08-29 03:29:30 --> Session: Class initialized using 'CodeIgniter\Session\Handlers\FileHandler' driver.
INFO - 2022-08-29 03:29:31 --> Controller "App\Controllers\base\Dashboard" loaded.
INFO - 2022-08-29 03:29:31 --> Session: Class initialized using 'CodeIgniter\Session\Handlers\FileHandler' driver.
INFO - 2022-08-29 03:29:31 --> Controller "App\Controllers\base\Dashboard" loaded.
INFO - 2022-08-29 03:30:39 --> Session: Class initialized using 'CodeIgniter\Session\Handlers\FileHandler' driver.
INFO - 2022-08-29 03:30:39 --> Controller "App\Controllers\base\Dashboard" loaded.
INFO - 2022-08-29 03:30:42 --> Session: Class initialized using 'CodeIgniter\Session\Handlers\FileHandler' driver.
INFO - 2022-08-29 03:30:42 --> Controller "App\Controllers\base\Dashboard" loaded.
INFO - 2022-08-29 03:30:42 --> Session: Class initialized using 'CodeIgniter\Session\Handlers\FileHandler' driver.
INFO - 2022-08-29 03:30:42 --> Controller "App\Controllers\base\Dashboard" loaded.
INFO - 2022-08-29 03:33:46 --> Session: Class initialized using 'CodeIgniter\Session\Handlers\FileHandler' driver.
INFO - 2022-08-29 03:33:46 --> Controller "App\Controllers\base\Dashboard" loaded.
INFO - 2022-08-29 03:33:48 --> Session: Class initialized using 'CodeIgniter\Session\Handlers\FileHandler' driver.
INFO - 2022-08-29 03:33:48 --> Controller "App\Controllers\base\Dashboard" loaded.
INFO - 2022-08-29 03:33:49 --> Session: Class initialized using 'CodeIgniter\Session\Handlers\FileHandler' driver.
INFO - 2022-08-29 03:33:49 --> Controller "App\Controllers\base\Dashboard" loaded.
INFO - 2022-08-29 03:33:53 --> Session: Class initialized using 'CodeIgniter\Session\Handlers\FileHandler' driver.
INFO - 2022-08-29 03:33:53 --> Controller "App\Controllers\base\Dashboard" loaded.
INFO - 2022-08-29 03:33:54 --> Session: Class initialized using 'CodeIgniter\Session\Handlers\FileHandler' driver.
INFO - 2022-08-29 03:33:54 --> Controller "App\Controllers\base\Dashboard" loaded.
INFO - 2022-08-29 03:42:02 --> Session: Class initialized using 'CodeIgniter\Session\Handlers\FileHandler' driver.
CRITICAL - 2022-08-29 03:42:02 --> syntax error, unexpected 'true' (T_STRING)
#0 C:\xampp\htdocs\nikahkuy2\system\Autoloader\Autoloader.php(296): CodeIgniter\Autoloader\Autoloader->requireFile('C:\\xampp\\htdocs...')
#1 C:\xampp\htdocs\nikahkuy2\system\Autoloader\Autoloader.php(258): CodeIgniter\Autoloader\Autoloader->loadInNamespace('App\\Controllers...')
#2 [internal function]: CodeIgniter\Autoloader\Autoloader->loadClass('App\\Controllers...')
#3 [internal function]: spl_autoload_call('App\\Controllers...')
#4 C:\xampp\htdocs\nikahkuy2\system\CodeIgniter.php(861): class_exists('\\App\\Controller...', true)
#5 C:\xampp\htdocs\nikahkuy2\system\CodeIgniter.php(388): CodeIgniter\CodeIgniter->startController()
#6 C:\xampp\htdocs\nikahkuy2\system\CodeIgniter.php(306): CodeIgniter\CodeIgniter->handleRequest(NULL, Object(Config\Cache), false)
#7 C:\xampp\htdocs\nikahkuy2\index.php(45): CodeIgniter\CodeIgniter->run()
#8 {main}
INFO - 2022-08-29 03:42:04 --> Session: Class initialized using 'CodeIgniter\Session\Handlers\FileHandler' driver.
CRITICAL - 2022-08-29 03:42:04 --> syntax error, unexpected 'true' (T_STRING)
#0 C:\xampp\htdocs\nikahkuy2\system\Autoloader\Autoloader.php(296): CodeIgniter\Autoloader\Autoloader->requireFile('C:\\xampp\\htdocs...')
#1 C:\xampp\htdocs\nikahkuy2\system\Autoloader\Autoloader.php(258): CodeIgniter\Autoloader\Autoloader->loadInNamespace('App\\Controllers...')
#2 [internal function]: CodeIgniter\Autoloader\Autoloader->loadClass('App\\Controllers...')
#3 [internal function]: spl_autoload_call('App\\Controllers...')
#4 C:\xampp\htdocs\nikahkuy2\system\CodeIgniter.php(861): class_exists('\\App\\Controller...', true)
#5 C:\xampp\htdocs\nikahkuy2\system\CodeIgniter.php(388): CodeIgniter\CodeIgniter->startController()
#6 C:\xampp\htdocs\nikahkuy2\system\CodeIgniter.php(306): CodeIgniter\CodeIgniter->handleRequest(NULL, Object(Config\Cache), false)
#7 C:\xampp\htdocs\nikahkuy2\index.php(45): CodeIgniter\CodeIgniter->run()
#8 {main}
INFO - 2022-08-29 03:42:05 --> Session: Class initialized using 'CodeIgniter\Session\Handlers\FileHandler' driver.
CRITICAL - 2022-08-29 03:42:05 --> syntax error, unexpected 'true' (T_STRING)
#0 C:\xampp\htdocs\nikahkuy2\system\Autoloader\Autoloader.php(296): CodeIgniter\Autoloader\Autoloader->requireFile('C:\\xampp\\htdocs...')
#1 C:\xampp\htdocs\nikahkuy2\system\Autoloader\Autoloader.php(258): CodeIgniter\Autoloader\Autoloader->loadInNamespace('App\\Controllers...')
#2 [internal function]: CodeIgniter\Autoloader\Autoloader->loadClass('App\\Controllers...')
#3 [internal function]: spl_autoload_call('App\\Controllers...')
#4 C:\xampp\htdocs\nikahkuy2\system\CodeIgniter.php(861): class_exists('\\App\\Controller...', true)
#5 C:\xampp\htdocs\nikahkuy2\system\CodeIgniter.php(388): CodeIgniter\CodeIgniter->startController()
#6 C:\xampp\htdocs\nikahkuy2\system\CodeIgniter.php(306): CodeIgniter\CodeIgniter->handleRequest(NULL, Object(Config\Cache), false)
#7 C:\xampp\htdocs\nikahkuy2\index.php(45): CodeIgniter\CodeIgniter->run()
#8 {main}
INFO - 2022-08-29 03:42:06 --> Session: Class initialized using 'CodeIgniter\Session\Handlers\FileHandler' driver.
CRITICAL - 2022-08-29 03:42:06 --> syntax error, unexpected 'true' (T_STRING)
#0 C:\xampp\htdocs\nikahkuy2\system\Autoloader\Autoloader.php(296): CodeIgniter\Autoloader\Autoloader->requireFile('C:\\xampp\\htdocs...')
#1 C:\xampp\htdocs\nikahkuy2\system\Autoloader\Autoloader.php(258): CodeIgniter\Autoloader\Autoloader->loadInNamespace('App\\Controllers...')
#2 [internal function]: CodeIgniter\Autoloader\Autoloader->loadClass('App\\Controllers...')
#3 [internal function]: spl_autoload_call('App\\Controllers...')
#4 C:\xampp\htdocs\nikahkuy2\system\CodeIgniter.php(861): class_exists('\\App\\Controller...', true)
#5 C:\xampp\htdocs\nikahkuy2\system\CodeIgniter.php(388): CodeIgniter\CodeIgniter->startController()
#6 C:\xampp\htdocs\nikahkuy2\system\CodeIgniter.php(306): CodeIgniter\CodeIgniter->handleRequest(NULL, Object(Config\Cache), false)
#7 C:\xampp\htdocs\nikahkuy2\index.php(45): CodeIgniter\CodeIgniter->run()
#8 {main}
CRITICAL - 2022-08-29 03:42:07 --> syntax error, unexpected 'true' (T_STRING)
#0 C:\xampp\htdocs\nikahkuy2\system\Autoloader\Autoloader.php(296): CodeIgniter\Autoloader\Autoloader->requireFile('C:\\xampp\\htdocs...')
#1 C:\xampp\htdocs\nikahkuy2\system\Autoloader\Autoloader.php(258): CodeIgniter\Autoloader\Autoloader->loadInNamespace('App\\Controllers...')
#2 [internal function]: CodeIgniter\Autoloader\Autoloader->loadClass('App\\Controllers...')
#3 [internal function]: spl_autoload_call('App\\Controllers...')
#4 C:\xampp\htdocs\nikahkuy2\system\CodeIgniter.php(861): class_exists('\\App\\Controller...', true)
#5 C:\xampp\htdocs\nikahkuy2\system\CodeIgniter.php(388): CodeIgniter\CodeIgniter->startController()
#6 C:\xampp\htdocs\nikahkuy2\system\CodeIgniter.php(306): CodeIgniter\CodeIgniter->handleRequest(NULL, Object(Config\Cache), false)
#7 C:\xampp\htdocs\nikahkuy2\index.php(45): CodeIgniter\CodeIgniter->run()
#8 {main}
CRITICAL - 2022-08-29 03:42:08 --> syntax error, unexpected 'true' (T_STRING)
#0 C:\xampp\htdocs\nikahkuy2\system\Autoloader\Autoloader.php(296): CodeIgniter\Autoloader\Autoloader->requireFile('C:\\xampp\\htdocs...')
#1 C:\xampp\htdocs\nikahkuy2\system\Autoloader\Autoloader.php(258): CodeIgniter\Autoloader\Autoloader->loadInNamespace('App\\Controllers...')
#2 [internal function]: CodeIgniter\Autoloader\Autoloader->loadClass('App\\Controllers...')
#3 [internal function]: spl_autoload_call('App\\Controllers...')
#4 C:\xampp\htdocs\nikahkuy2\system\CodeIgniter.php(861): class_exists('\\App\\Controller...', true)
#5 C:\xampp\htdocs\nikahkuy2\system\CodeIgniter.php(388): CodeIgniter\CodeIgniter->startController()
#6 C:\xampp\htdocs\nikahkuy2\system\CodeIgniter.php(306): CodeIgniter\CodeIgniter->handleRequest(NULL, Object(Config\Cache), false)
#7 C:\xampp\htdocs\nikahkuy2\index.php(45): CodeIgniter\CodeIgniter->run()
#8 {main}
INFO - 2022-08-29 03:42:09 --> Session: Class initialized using 'CodeIgniter\Session\Handlers\FileHandler' driver.
CRITICAL - 2022-08-29 03:42:09 --> syntax error, unexpected 'true' (T_STRING)
#0 C:\xampp\htdocs\nikahkuy2\system\Autoloader\Autoloader.php(296): CodeIgniter\Autoloader\Autoloader->requireFile('C:\\xampp\\htdocs...')
#1 C:\xampp\htdocs\nikahkuy2\system\Autoloader\Autoloader.php(258): CodeIgniter\Autoloader\Autoloader->loadInNamespace('App\\Controllers...')
#2 [internal function]: CodeIgniter\Autoloader\Autoloader->loadClass('App\\Controllers...')
#3 [internal function]: spl_autoload_call('App\\Controllers...')
#4 C:\xampp\htdocs\nikahkuy2\system\CodeIgniter.php(861): class_exists('\\App\\Controller...', true)
#5 C:\xampp\htdocs\nikahkuy2\system\CodeIgniter.php(388): CodeIgniter\CodeIgniter->startController()
#6 C:\xampp\htdocs\nikahkuy2\system\CodeIgniter.php(306): CodeIgniter\CodeIgniter->handleRequest(NULL, Object(Config\Cache), false)
#7 C:\xampp\htdocs\nikahkuy2\index.php(45): CodeIgniter\CodeIgniter->run()
#8 {main}
INFO - 2022-08-29 03:42:11 --> Session: Class initialized using 'CodeIgniter\Session\Handlers\FileHandler' driver.
CRITICAL - 2022-08-29 03:42:11 --> syntax error, unexpected 'true' (T_STRING)
#0 C:\xampp\htdocs\nikahkuy2\system\Autoloader\Autoloader.php(296): CodeIgniter\Autoloader\Autoloader->requireFile('C:\\xampp\\htdocs...')
#1 C:\xampp\htdocs\nikahkuy2\system\Autoloader\Autoloader.php(258): CodeIgniter\Autoloader\Autoloader->loadInNamespace('App\\Controllers...')
#2 [internal function]: CodeIgniter\Autoloader\Autoloader->loadClass('App\\Controllers...')
#3 [internal function]: spl_autoload_call('App\\Controllers...')
#4 C:\xampp\htdocs\nikahkuy2\system\CodeIgniter.php(861): class_exists('\\App\\Controller...', true)
#5 C:\xampp\htdocs\nikahkuy2\system\CodeIgniter.php(388): CodeIgniter\CodeIgniter->startController()
#6 C:\xampp\htdocs\nikahkuy2\system\CodeIgniter.php(306): CodeIgniter\CodeIgniter->handleRequest(NULL, Object(Config\Cache), false)
#7 C:\xampp\htdocs\nikahkuy2\index.php(45): CodeIgniter\CodeIgniter->run()
#8 {main}
INFO - 2022-08-29 03:42:11 --> Session: Class initialized using 'CodeIgniter\Session\Handlers\FileHandler' driver.
CRITICAL - 2022-08-29 03:42:11 --> syntax error, unexpected 'true' (T_STRING)
#0 C:\xampp\htdocs\nikahkuy2\system\Autoloader\Autoloader.php(296): CodeIgniter\Autoloader\Autoloader->requireFile('C:\\xampp\\htdocs...')
#1 C:\xampp\htdocs\nikahkuy2\system\Autoloader\Autoloader.php(258): CodeIgniter\Autoloader\Autoloader->loadInNamespace('App\\Controllers...')
#2 [internal function]: CodeIgniter\Autoloader\Autoloader->loadClass('App\\Controllers...')
#3 [internal function]: spl_autoload_call('App\\Controllers...')
#4 C:\xampp\htdocs\nikahkuy2\system\CodeIgniter.php(861): class_exists('\\App\\Controller...', true)
#5 C:\xampp\htdocs\nikahkuy2\system\CodeIgniter.php(388): CodeIgniter\CodeIgniter->startController()
#6 C:\xampp\htdocs\nikahkuy2\system\CodeIgniter.php(306): CodeIgniter\CodeIgniter->handleRequest(NULL, Object(Config\Cache), false)
#7 C:\xampp\htdocs\nikahkuy2\index.php(45): CodeIgniter\CodeIgniter->run()
#8 {main}
INFO - 2022-08-29 03:42:49 --> Session: Class initialized using 'CodeIgniter\Session\Handlers\FileHandler' driver.
INFO - 2022-08-29 03:42:49 --> Controller "App\Controllers\base\Dashboard" loaded.
INFO - 2022-08-29 03:42:52 --> Session: Class initialized using 'CodeIgniter\Session\Handlers\FileHandler' driver.
INFO - 2022-08-29 03:42:52 --> Controller "App\Controllers\base\Dashboard" loaded.
INFO - 2022-08-29 03:42:52 --> Session: Class initialized using 'CodeIgniter\Session\Handlers\FileHandler' driver.
INFO - 2022-08-29 03:42:52 --> Controller "App\Controllers\base\Dashboard" loaded.
INFO - 2022-08-29 03:42:55 --> Session: Class initialized using 'CodeIgniter\Session\Handlers\FileHandler' driver.
INFO - 2022-08-29 03:42:55 --> Controller "App\Controllers\base\Dashboard" loaded.
INFO - 2022-08-29 03:46:09 --> Session: Class initialized using 'CodeIgniter\Session\Handlers\FileHandler' driver.
INFO - 2022-08-29 03:46:09 --> Controller "App\Controllers\base\Dashboard" loaded.
INFO - 2022-08-29 03:50:30 --> Session: Class initialized using 'CodeIgniter\Session\Handlers\FileHandler' driver.
INFO - 2022-08-29 03:50:30 --> Controller "App\Controllers\base\Dashboard" loaded.
INFO - 2022-08-29 03:50:36 --> Session: Class initialized using 'CodeIgniter\Session\Handlers\FileHandler' driver.
INFO - 2022-08-29 03:50:36 --> Controller "App\Controllers\base\Dashboard" loaded.
INFO - 2022-08-29 03:50:38 --> Session: Class initialized using 'CodeIgniter\Session\Handlers\FileHandler' driver.
INFO - 2022-08-29 03:50:38 --> Controller "App\Controllers\base\Dashboard" loaded.
INFO - 2022-08-29 03:50:39 --> Session: Class initialized using 'CodeIgniter\Session\Handlers\FileHandler' driver.
INFO - 2022-08-29 03:50:39 --> Controller "App\Controllers\base\Dashboard" loaded.
INFO - 2022-08-29 03:53:39 --> Session: Class initialized using 'CodeIgniter\Session\Handlers\FileHandler' driver.
INFO - 2022-08-29 03:53:39 --> Controller "App\Controllers\base\Dashboard" loaded.
INFO - 2022-08-29 03:53:42 --> Session: Class initialized using 'CodeIgniter\Session\Handlers\FileHandler' driver.
INFO - 2022-08-29 03:53:42 --> Controller "App\Controllers\base\Dashboard" loaded.
CRITICAL - 2022-08-29 03:53:43 --> Object of class stdClass could not be converted to string
#0 C:\xampp\htdocs\nikahkuy2\system\Database\Query.php(437): implode(',', Array)
#1 C:\xampp\htdocs\nikahkuy2\system\Database\Query.php(404): CodeIgniter\Database\Query->matchNamedBinds('UPDATE `tamu` S...', Array)
#2 C:\xampp\htdocs\nikahkuy2\system\Database\Query.php(197): CodeIgniter\Database\Query->compileBinds()
#3 C:\xampp\htdocs\nikahkuy2\system\Database\BaseConnection.php(666): CodeIgniter\Database\Query->getQuery()
#4 C:\xampp\htdocs\nikahkuy2\system\Database\BaseBuilder.php(2410): CodeIgniter\Database\BaseConnection->query('UPDATE `tamu` S...', Array, false)
#5 C:\xampp\htdocs\nikahkuy2\app\Models\base\DashboardModel.php(566): CodeIgniter\Database\BaseBuilder->update(Array)
#6 C:\xampp\htdocs\nikahkuy2\app\Controllers\base\Dashboard.php(1366): App\Models\base\DashboardModel->status_undangan(Array, '1')
#7 C:\xampp\htdocs\nikahkuy2\system\CodeIgniter.php(910): App\Controllers\base\Dashboard->kirim_undangan()
#8 C:\xampp\htdocs\nikahkuy2\system\CodeIgniter.php(398): CodeIgniter\CodeIgniter->runController(Object(App\Controllers\base\Dashboard))
#9 C:\xampp\htdocs\nikahkuy2\system\CodeIgniter.php(306): CodeIgniter\CodeIgniter->handleRequest(NULL, Object(Config\Cache), false)
#10 C:\xampp\htdocs\nikahkuy2\index.php(45): CodeIgniter\CodeIgniter->run()
#11 {main}
INFO - 2022-08-29 03:53:46 --> Session: Class initialized using 'CodeIgniter\Session\Handlers\FileHandler' driver.
INFO - 2022-08-29 03:53:46 --> Controller "App\Controllers\base\Dashboard" loaded.
CRITICAL - 2022-08-29 03:53:46 --> Object of class stdClass could not be converted to string
#0 C:\xampp\htdocs\nikahkuy2\system\Database\Query.php(437): implode(',', Array)
#1 C:\xampp\htdocs\nikahkuy2\system\Database\Query.php(404): CodeIgniter\Database\Query->matchNamedBinds('UPDATE `tamu` S...', Array)
#2 C:\xampp\htdocs\nikahkuy2\system\Database\Query.php(197): CodeIgniter\Database\Query->compileBinds()
#3 C:\xampp\htdocs\nikahkuy2\system\Database\BaseConnection.php(666): CodeIgniter\Database\Query->getQuery()
#4 C:\xampp\htdocs\nikahkuy2\system\Database\BaseBuilder.php(2410): CodeIgniter\Database\BaseConnection->query('UPDATE `tamu` S...', Array, false)
#5 C:\xampp\htdocs\nikahkuy2\app\Models\base\DashboardModel.php(566): CodeIgniter\Database\BaseBuilder->update(Array)
#6 C:\xampp\htdocs\nikahkuy2\app\Controllers\base\Dashboard.php(1366): App\Models\base\DashboardModel->status_undangan(Array, '1')
#7 C:\xampp\htdocs\nikahkuy2\system\CodeIgniter.php(910): App\Controllers\base\Dashboard->kirim_undangan()
#8 C:\xampp\htdocs\nikahkuy2\system\CodeIgniter.php(398): CodeIgniter\CodeIgniter->runController(Object(App\Controllers\base\Dashboard))
#9 C:\xampp\htdocs\nikahkuy2\system\CodeIgniter.php(306): CodeIgniter\CodeIgniter->handleRequest(NULL, Object(Config\Cache), false)
#10 C:\xampp\htdocs\nikahkuy2\index.php(45): CodeIgniter\CodeIgniter->run()
#11 {main}
INFO - 2022-08-29 03:55:33 --> Session: Class initialized using 'CodeIgniter\Session\Handlers\FileHandler' driver.
INFO - 2022-08-29 03:55:33 --> Controller "App\Controllers\base\Dashboard" loaded.
INFO - 2022-08-29 03:55:36 --> Session: Class initialized using 'CodeIgniter\Session\Handlers\FileHandler' driver.
INFO - 2022-08-29 03:55:36 --> Controller "App\Controllers\base\Dashboard" loaded.
CRITICAL - 2022-08-29 03:55:37 --> Object of class stdClass could not be converted to string
#0 C:\xampp\htdocs\nikahkuy2\system\Database\Query.php(437): implode(',', Array)
#1 C:\xampp\htdocs\nikahkuy2\system\Database\Query.php(404): CodeIgniter\Database\Query->matchNamedBinds('UPDATE `tamu` S...', Array)
#2 C:\xampp\htdocs\nikahkuy2\system\Database\Query.php(197): CodeIgniter\Database\Query->compileBinds()
#3 C:\xampp\htdocs\nikahkuy2\system\Database\BaseConnection.php(666): CodeIgniter\Database\Query->getQuery()
#4 C:\xampp\htdocs\nikahkuy2\system\Database\BaseBuilder.php(2410): CodeIgniter\Database\BaseConnection->query('UPDATE `tamu` S...', Array, false)
#5 C:\xampp\htdocs\nikahkuy2\app\Models\base\DashboardModel.php(566): CodeIgniter\Database\BaseBuilder->update(Array)
#6 C:\xampp\htdocs\nikahkuy2\app\Controllers\base\Dashboard.php(1368): App\Models\base\DashboardModel->status_undangan(Array, '1')
#7 C:\xampp\htdocs\nikahkuy2\system\CodeIgniter.php(910): App\Controllers\base\Dashboard->kirim_undangan()
#8 C:\xampp\htdocs\nikahkuy2\system\CodeIgniter.php(398): CodeIgniter\CodeIgniter->runController(Object(App\Controllers\base\Dashboard))
#9 C:\xampp\htdocs\nikahkuy2\system\CodeIgniter.php(306): CodeIgniter\CodeIgniter->handleRequest(NULL, Object(Config\Cache), false)
#10 C:\xampp\htdocs\nikahkuy2\index.php(45): CodeIgniter\CodeIgniter->run()
#11 {main}
INFO - 2022-08-29 03:55:44 --> Session: Class initialized using 'CodeIgniter\Session\Handlers\FileHandler' driver.
INFO - 2022-08-29 03:55:44 --> Controller "App\Controllers\base\Dashboard" loaded.
CRITICAL - 2022-08-29 03:55:45 --> Object of class stdClass could not be converted to string
#0 C:\xampp\htdocs\nikahkuy2\system\Database\Query.php(437): implode(',', Array)
#1 C:\xampp\htdocs\nikahkuy2\system\Database\Query.php(404): CodeIgniter\Database\Query->matchNamedBinds('UPDATE `tamu` S...', Array)
#2 C:\xampp\htdocs\nikahkuy2\system\Database\Query.php(197): CodeIgniter\Database\Query->compileBinds()
#3 C:\xampp\htdocs\nikahkuy2\system\Database\BaseConnection.php(666): CodeIgniter\Database\Query->getQuery()
#4 C:\xampp\htdocs\nikahkuy2\system\Database\BaseBuilder.php(2410): CodeIgniter\Database\BaseConnection->query('UPDATE `tamu` S...', Array, false)
#5 C:\xampp\htdocs\nikahkuy2\app\Models\base\DashboardModel.php(566): CodeIgniter\Database\BaseBuilder->update(Array)
#6 C:\xampp\htdocs\nikahkuy2\app\Controllers\base\Dashboard.php(1368): App\Models\base\DashboardModel->status_undangan(Array, '1')
#7 C:\xampp\htdocs\nikahkuy2\system\CodeIgniter.php(910): App\Controllers\base\Dashboard->kirim_undangan()
#8 C:\xampp\htdocs\nikahkuy2\system\CodeIgniter.php(398): CodeIgniter\CodeIgniter->runController(Object(App\Controllers\base\Dashboard))
#9 C:\xampp\htdocs\nikahkuy2\system\CodeIgniter.php(306): CodeIgniter\CodeIgniter->handleRequest(NULL, Object(Config\Cache), false)
#10 C:\xampp\htdocs\nikahkuy2\index.php(45): CodeIgniter\CodeIgniter->run()
#11 {main}
INFO - 2022-08-29 03:55:51 --> Session: Class initialized using 'CodeIgniter\Session\Handlers\FileHandler' driver.
INFO - 2022-08-29 03:55:51 --> Controller "App\Controllers\base\Dashboard" loaded.
CRITICAL - 2022-08-29 03:55:51 --> Object of class stdClass could not be converted to string
#0 C:\xampp\htdocs\nikahkuy2\system\Database\Query.php(437): implode(',', Array)
#1 C:\xampp\htdocs\nikahkuy2\system\Database\Query.php(404): CodeIgniter\Database\Query->matchNamedBinds('UPDATE `tamu` S...', Array)
#2 C:\xampp\htdocs\nikahkuy2\system\Database\Query.php(197): CodeIgniter\Database\Query->compileBinds()
#3 C:\xampp\htdocs\nikahkuy2\system\Database\BaseConnection.php(666): CodeIgniter\Database\Query->getQuery()
#4 C:\xampp\htdocs\nikahkuy2\system\Database\BaseBuilder.php(2410): CodeIgniter\Database\BaseConnection->query('UPDATE `tamu` S...', Array, false)
#5 C:\xampp\htdocs\nikahkuy2\app\Models\base\DashboardModel.php(566): CodeIgniter\Database\BaseBuilder->update(Array)
#6 C:\xampp\htdocs\nikahkuy2\app\Controllers\base\Dashboard.php(1368): App\Models\base\DashboardModel->status_undangan(Array, '1')
#7 C:\xampp\htdocs\nikahkuy2\system\CodeIgniter.php(910): App\Controllers\base\Dashboard->kirim_undangan()
#8 C:\xampp\htdocs\nikahkuy2\system\CodeIgniter.php(398): CodeIgniter\CodeIgniter->runController(Object(App\Controllers\base\Dashboard))
#9 C:\xampp\htdocs\nikahkuy2\system\CodeIgniter.php(306): CodeIgniter\CodeIgniter->handleRequest(NULL, Object(Config\Cache), false)
#10 C:\xampp\htdocs\nikahkuy2\index.php(45): CodeIgniter\CodeIgniter->run()
#11 {main}
INFO - 2022-08-29 03:55:51 --> Session: Class initialized using 'CodeIgniter\Session\Handlers\FileHandler' driver.
INFO - 2022-08-29 03:55:51 --> Controller "App\Controllers\base\Dashboard" loaded.
CRITICAL - 2022-08-29 03:55:52 --> Object of class stdClass could not be converted to string
#0 C:\xampp\htdocs\nikahkuy2\system\Database\Query.php(437): implode(',', Array)
#1 C:\xampp\htdocs\nikahkuy2\system\Database\Query.php(404): CodeIgniter\Database\Query->matchNamedBinds('UPDATE `tamu` S...', Array)
#2 C:\xampp\htdocs\nikahkuy2\system\Database\Query.php(197): CodeIgniter\Database\Query->compileBinds()
#3 C:\xampp\htdocs\nikahkuy2\system\Database\BaseConnection.php(666): CodeIgniter\Database\Query->getQuery()
#4 C:\xampp\htdocs\nikahkuy2\system\Database\BaseBuilder.php(2410): CodeIgniter\Database\BaseConnection->query('UPDATE `tamu` S...', Array, false)
#5 C:\xampp\htdocs\nikahkuy2\app\Models\base\DashboardModel.php(566): CodeIgniter\Database\BaseBuilder->update(Array)
#6 C:\xampp\htdocs\nikahkuy2\app\Controllers\base\Dashboard.php(1368): App\Models\base\DashboardModel->status_undangan(Array, '1')
#7 C:\xampp\htdocs\nikahkuy2\system\CodeIgniter.php(910): App\Controllers\base\Dashboard->kirim_undangan()
#8 C:\xampp\htdocs\nikahkuy2\system\CodeIgniter.php(398): CodeIgniter\CodeIgniter->runController(Object(App\Controllers\base\Dashboard))
#9 C:\xampp\htdocs\nikahkuy2\system\CodeIgniter.php(306): CodeIgniter\CodeIgniter->handleRequest(NULL, Object(Config\Cache), false)
#10 C:\xampp\htdocs\nikahkuy2\index.php(45): CodeIgniter\CodeIgniter->run()
#11 {main}
INFO - 2022-08-29 03:55:52 --> Session: Class initialized using 'CodeIgniter\Session\Handlers\FileHandler' driver.
INFO - 2022-08-29 03:55:52 --> Controller "App\Controllers\base\Dashboard" loaded.
CRITICAL - 2022-08-29 03:55:52 --> Object of class stdClass could not be converted to string
#0 C:\xampp\htdocs\nikahkuy2\system\Database\Query.php(437): implode(',', Array)
#1 C:\xampp\htdocs\nikahkuy2\system\Database\Query.php(404): CodeIgniter\Database\Query->matchNamedBinds('UPDATE `tamu` S...', Array)
#2 C:\xampp\htdocs\nikahkuy2\system\Database\Query.php(197): CodeIgniter\Database\Query->compileBinds()
#3 C:\xampp\htdocs\nikahkuy2\system\Database\BaseConnection.php(666): CodeIgniter\Database\Query->getQuery()
#4 C:\xampp\htdocs\nikahkuy2\system\Database\BaseBuilder.php(2410): CodeIgniter\Database\BaseConnection->query('UPDATE `tamu` S...', Array, false)
#5 C:\xampp\htdocs\nikahkuy2\app\Models\base\DashboardModel.php(566): CodeIgniter\Database\BaseBuilder->update(Array)
#6 C:\xampp\htdocs\nikahkuy2\app\Controllers\base\Dashboard.php(1368): App\Models\base\DashboardModel->status_undangan(Array, '1')
#7 C:\xampp\htdocs\nikahkuy2\system\CodeIgniter.php(910): App\Controllers\base\Dashboard->kirim_undangan()
#8 C:\xampp\htdocs\nikahkuy2\system\CodeIgniter.php(398): CodeIgniter\CodeIgniter->runController(Object(App\Controllers\base\Dashboard))
#9 C:\xampp\htdocs\nikahkuy2\system\CodeIgniter.php(306): CodeIgniter\CodeIgniter->handleRequest(NULL, Object(Config\Cache), false)
#10 C:\xampp\htdocs\nikahkuy2\index.php(45): CodeIgniter\CodeIgniter->run()
#11 {main}
INFO - 2022-08-29 03:55:52 --> Session: Class initialized using 'CodeIgniter\Session\Handlers\FileHandler' driver.
INFO - 2022-08-29 03:55:52 --> Controller "App\Controllers\base\Dashboard" loaded.
CRITICAL - 2022-08-29 03:55:53 --> Object of class stdClass could not be converted to string
#0 C:\xampp\htdocs\nikahkuy2\system\Database\Query.php(437): implode(',', Array)
#1 C:\xampp\htdocs\nikahkuy2\system\Database\Query.php(404): CodeIgniter\Database\Query->matchNamedBinds('UPDATE `tamu` S...', Array)
#2 C:\xampp\htdocs\nikahkuy2\system\Database\Query.php(197): CodeIgniter\Database\Query->compileBinds()
#3 C:\xampp\htdocs\nikahkuy2\system\Database\BaseConnection.php(666): CodeIgniter\Database\Query->getQuery()
#4 C:\xampp\htdocs\nikahkuy2\system\Database\BaseBuilder.php(2410): CodeIgniter\Database\BaseConnection->query('UPDATE `tamu` S...', Array, false)
#5 C:\xampp\htdocs\nikahkuy2\app\Models\base\DashboardModel.php(566): CodeIgniter\Database\BaseBuilder->update(Array)
#6 C:\xampp\htdocs\nikahkuy2\app\Controllers\base\Dashboard.php(1368): App\Models\base\DashboardModel->status_undangan(Array, '1')
#7 C:\xampp\htdocs\nikahkuy2\system\CodeIgniter.php(910): App\Controllers\base\Dashboard->kirim_undangan()
#8 C:\xampp\htdocs\nikahkuy2\system\CodeIgniter.php(398): CodeIgniter\CodeIgniter->runController(Object(App\Controllers\base\Dashboard))
#9 C:\xampp\htdocs\nikahkuy2\system\CodeIgniter.php(306): CodeIgniter\CodeIgniter->handleRequest(NULL, Object(Config\Cache), false)
#10 C:\xampp\htdocs\nikahkuy2\index.php(45): CodeIgniter\CodeIgniter->run()
#11 {main}
INFO - 2022-08-29 03:55:53 --> Session: Class initialized using 'CodeIgniter\Session\Handlers\FileHandler' driver.
INFO - 2022-08-29 03:55:53 --> Controller "App\Controllers\base\Dashboard" loaded.
CRITICAL - 2022-08-29 03:55:54 --> Object of class stdClass could not be converted to string
#0 C:\xampp\htdocs\nikahkuy2\system\Database\Query.php(437): implode(',', Array)
#1 C:\xampp\htdocs\nikahkuy2\system\Database\Query.php(404): CodeIgniter\Database\Query->matchNamedBinds('UPDATE `tamu` S...', Array)
#2 C:\xampp\htdocs\nikahkuy2\system\Database\Query.php(197): CodeIgniter\Database\Query->compileBinds()
#3 C:\xampp\htdocs\nikahkuy2\system\Database\BaseConnection.php(666): CodeIgniter\Database\Query->getQuery()
#4 C:\xampp\htdocs\nikahkuy2\system\Database\BaseBuilder.php(2410): CodeIgniter\Database\BaseConnection->query('UPDATE `tamu` S...', Array, false)
#5 C:\xampp\htdocs\nikahkuy2\app\Models\base\DashboardModel.php(566): CodeIgniter\Database\BaseBuilder->update(Array)
#6 C:\xampp\htdocs\nikahkuy2\app\Controllers\base\Dashboard.php(1368): App\Models\base\DashboardModel->status_undangan(Array, '1')
#7 C:\xampp\htdocs\nikahkuy2\system\CodeIgniter.php(910): App\Controllers\base\Dashboard->kirim_undangan()
#8 C:\xampp\htdocs\nikahkuy2\system\CodeIgniter.php(398): CodeIgniter\CodeIgniter->runController(Object(App\Controllers\base\Dashboard))
#9 C:\xampp\htdocs\nikahkuy2\system\CodeIgniter.php(306): CodeIgniter\CodeIgniter->handleRequest(NULL, Object(Config\Cache), false)
#10 C:\xampp\htdocs\nikahkuy2\index.php(45): CodeIgniter\CodeIgniter->run()
#11 {main}
INFO - 2022-08-29 03:55:54 --> Session: Class initialized using 'CodeIgniter\Session\Handlers\FileHandler' driver.
INFO - 2022-08-29 03:55:54 --> Controller "App\Controllers\base\Dashboard" loaded.
CRITICAL - 2022-08-29 03:55:54 --> Object of class stdClass could not be converted to string
#0 C:\xampp\htdocs\nikahkuy2\system\Database\Query.php(437): implode(',', Array)
#1 C:\xampp\htdocs\nikahkuy2\system\Database\Query.php(404): CodeIgniter\Database\Query->matchNamedBinds('UPDATE `tamu` S...', Array)
#2 C:\xampp\htdocs\nikahkuy2\system\Database\Query.php(197): CodeIgniter\Database\Query->compileBinds()
#3 C:\xampp\htdocs\nikahkuy2\system\Database\BaseConnection.php(666): CodeIgniter\Database\Query->getQuery()
#4 C:\xampp\htdocs\nikahkuy2\system\Database\BaseBuilder.php(2410): CodeIgniter\Database\BaseConnection->query('UPDATE `tamu` S...', Array, false)
#5 C:\xampp\htdocs\nikahkuy2\app\Models\base\DashboardModel.php(566): CodeIgniter\Database\BaseBuilder->update(Array)
#6 C:\xampp\htdocs\nikahkuy2\app\Controllers\base\Dashboard.php(1368): App\Models\base\DashboardModel->status_undangan(Array, '1')
#7 C:\xampp\htdocs\nikahkuy2\system\CodeIgniter.php(910): App\Controllers\base\Dashboard->kirim_undangan()
#8 C:\xampp\htdocs\nikahkuy2\system\CodeIgniter.php(398): CodeIgniter\CodeIgniter->runController(Object(App\Controllers\base\Dashboard))
#9 C:\xampp\htdocs\nikahkuy2\system\CodeIgniter.php(306): CodeIgniter\CodeIgniter->handleRequest(NULL, Object(Config\Cache), false)
#10 C:\xampp\htdocs\nikahkuy2\index.php(45): CodeIgniter\CodeIgniter->run()
#11 {main}
INFO - 2022-08-29 03:55:54 --> Session: Class initialized using 'CodeIgniter\Session\Handlers\FileHandler' driver.
INFO - 2022-08-29 03:55:54 --> Controller "App\Controllers\base\Dashboard" loaded.
CRITICAL - 2022-08-29 03:55:55 --> Object of class stdClass could not be converted to string
#0 C:\xampp\htdocs\nikahkuy2\system\Database\Query.php(437): implode(',', Array)
#1 C:\xampp\htdocs\nikahkuy2\system\Database\Query.php(404): CodeIgniter\Database\Query->matchNamedBinds('UPDATE `tamu` S...', Array)
#2 C:\xampp\htdocs\nikahkuy2\system\Database\Query.php(197): CodeIgniter\Database\Query->compileBinds()
#3 C:\xampp\htdocs\nikahkuy2\system\Database\BaseConnection.php(666): CodeIgniter\Database\Query->getQuery()
#4 C:\xampp\htdocs\nikahkuy2\system\Database\BaseBuilder.php(2410): CodeIgniter\Database\BaseConnection->query('UPDATE `tamu` S...', Array, false)
#5 C:\xampp\htdocs\nikahkuy2\app\Models\base\DashboardModel.php(566): CodeIgniter\Database\BaseBuilder->update(Array)
#6 C:\xampp\htdocs\nikahkuy2\app\Controllers\base\Dashboard.php(1368): App\Models\base\DashboardModel->status_undangan(Array, '1')
#7 C:\xampp\htdocs\nikahkuy2\system\CodeIgniter.php(910): App\Controllers\base\Dashboard->kirim_undangan()
#8 C:\xampp\htdocs\nikahkuy2\system\CodeIgniter.php(398): CodeIgniter\CodeIgniter->runController(Object(App\Controllers\base\Dashboard))
#9 C:\xampp\htdocs\nikahkuy2\system\CodeIgniter.php(306): CodeIgniter\CodeIgniter->handleRequest(NULL, Object(Config\Cache), false)
#10 C:\xampp\htdocs\nikahkuy2\index.php(45): CodeIgniter\CodeIgniter->run()
#11 {main}
INFO - 2022-08-29 03:55:55 --> Session: Class initialized using 'CodeIgniter\Session\Handlers\FileHandler' driver.
INFO - 2022-08-29 03:55:55 --> Controller "App\Controllers\base\Dashboard" loaded.
CRITICAL - 2022-08-29 03:55:55 --> Object of class stdClass could not be converted to string
#0 C:\xampp\htdocs\nikahkuy2\system\Database\Query.php(437): implode(',', Array)
#1 C:\xampp\htdocs\nikahkuy2\system\Database\Query.php(404): CodeIgniter\Database\Query->matchNamedBinds('UPDATE `tamu` S...', Array)
#2 C:\xampp\htdocs\nikahkuy2\system\Database\Query.php(197): CodeIgniter\Database\Query->compileBinds()
#3 C:\xampp\htdocs\nikahkuy2\system\Database\BaseConnection.php(666): CodeIgniter\Database\Query->getQuery()
#4 C:\xampp\htdocs\nikahkuy2\system\Database\BaseBuilder.php(2410): CodeIgniter\Database\BaseConnection->query('UPDATE `tamu` S...', Array, false)
#5 C:\xampp\htdocs\nikahkuy2\app\Models\base\DashboardModel.php(566): CodeIgniter\Database\BaseBuilder->update(Array)
#6 C:\xampp\htdocs\nikahkuy2\app\Controllers\base\Dashboard.php(1368): App\Models\base\DashboardModel->status_undangan(Array, '1')
#7 C:\xampp\htdocs\nikahkuy2\system\CodeIgniter.php(910): App\Controllers\base\Dashboard->kirim_undangan()
#8 C:\xampp\htdocs\nikahkuy2\system\CodeIgniter.php(398): CodeIgniter\CodeIgniter->runController(Object(App\Controllers\base\Dashboard))
#9 C:\xampp\htdocs\nikahkuy2\system\CodeIgniter.php(306): CodeIgniter\CodeIgniter->handleRequest(NULL, Object(Config\Cache), false)
#10 C:\xampp\htdocs\nikahkuy2\index.php(45): CodeIgniter\CodeIgniter->run()
#11 {main}
INFO - 2022-08-29 03:55:55 --> Session: Class initialized using 'CodeIgniter\Session\Handlers\FileHandler' driver.
INFO - 2022-08-29 03:55:55 --> Controller "App\Controllers\base\Dashboard" loaded.
CRITICAL - 2022-08-29 03:55:56 --> Object of class stdClass could not be converted to string
#0 C:\xampp\htdocs\nikahkuy2\system\Database\Query.php(437): implode(',', Array)
#1 C:\xampp\htdocs\nikahkuy2\system\Database\Query.php(404): CodeIgniter\Database\Query->matchNamedBinds('UPDATE `tamu` S...', Array)
#2 C:\xampp\htdocs\nikahkuy2\system\Database\Query.php(197): CodeIgniter\Database\Query->compileBinds()
#3 C:\xampp\htdocs\nikahkuy2\system\Database\BaseConnection.php(666): CodeIgniter\Database\Query->getQuery()
#4 C:\xampp\htdocs\nikahkuy2\system\Database\BaseBuilder.php(2410): CodeIgniter\Database\BaseConnection->query('UPDATE `tamu` S...', Array, false)
#5 C:\xampp\htdocs\nikahkuy2\app\Models\base\DashboardModel.php(566): CodeIgniter\Database\BaseBuilder->update(Array)
#6 C:\xampp\htdocs\nikahkuy2\app\Controllers\base\Dashboard.php(1368): App\Models\base\DashboardModel->status_undangan(Array, '1')
#7 C:\xampp\htdocs\nikahkuy2\system\CodeIgniter.php(910): App\Controllers\base\Dashboard->kirim_undangan()
#8 C:\xampp\htdocs\nikahkuy2\system\CodeIgniter.php(398): CodeIgniter\CodeIgniter->runController(Object(App\Controllers\base\Dashboard))
#9 C:\xampp\htdocs\nikahkuy2\system\CodeIgniter.php(306): CodeIgniter\CodeIgniter->handleRequest(NULL, Object(Config\Cache), false)
#10 C:\xampp\htdocs\nikahkuy2\index.php(45): CodeIgniter\CodeIgniter->run()
#11 {main}
INFO - 2022-08-29 03:55:56 --> Session: Class initialized using 'CodeIgniter\Session\Handlers\FileHandler' driver.
INFO - 2022-08-29 03:55:56 --> Controller "App\Controllers\base\Dashboard" loaded.
CRITICAL - 2022-08-29 03:55:57 --> Object of class stdClass could not be converted to string
#0 C:\xampp\htdocs\nikahkuy2\system\Database\Query.php(437): implode(',', Array)
#1 C:\xampp\htdocs\nikahkuy2\system\Database\Query.php(404): CodeIgniter\Database\Query->matchNamedBinds('UPDATE `tamu` S...', Array)
#2 C:\xampp\htdocs\nikahkuy2\system\Database\Query.php(197): CodeIgniter\Database\Query->compileBinds()
#3 C:\xampp\htdocs\nikahkuy2\system\Database\BaseConnection.php(666): CodeIgniter\Database\Query->getQuery()
#4 C:\xampp\htdocs\nikahkuy2\system\Database\BaseBuilder.php(2410): CodeIgniter\Database\BaseConnection->query('UPDATE `tamu` S...', Array, false)
#5 C:\xampp\htdocs\nikahkuy2\app\Models\base\DashboardModel.php(566): CodeIgniter\Database\BaseBuilder->update(Array)
#6 C:\xampp\htdocs\nikahkuy2\app\Controllers\base\Dashboard.php(1368): App\Models\base\DashboardModel->status_undangan(Array, '1')
#7 C:\xampp\htdocs\nikahkuy2\system\CodeIgniter.php(910): App\Controllers\base\Dashboard->kirim_undangan()
#8 C:\xampp\htdocs\nikahkuy2\system\CodeIgniter.php(398): CodeIgniter\CodeIgniter->runController(Object(App\Controllers\base\Dashboard))
#9 C:\xampp\htdocs\nikahkuy2\system\CodeIgniter.php(306): CodeIgniter\CodeIgniter->handleRequest(NULL, Object(Config\Cache), false)
#10 C:\xampp\htdocs\nikahkuy2\index.php(45): CodeIgniter\CodeIgniter->run()
#11 {main}
INFO - 2022-08-29 03:57:51 --> Session: Class initialized using 'CodeIgniter\Session\Handlers\FileHandler' driver.
INFO - 2022-08-29 03:57:51 --> Controller "App\Controllers\base\Dashboard" loaded.
INFO - 2022-08-29 03:57:54 --> Session: Class initialized using 'CodeIgniter\Session\Handlers\FileHandler' driver.
INFO - 2022-08-29 03:57:54 --> Controller "App\Controllers\base\Dashboard" loaded.
INFO - 2022-08-29 03:57:55 --> Session: Class initialized using 'CodeIgniter\Session\Handlers\FileHandler' driver.
INFO - 2022-08-29 03:57:55 --> Controller "App\Controllers\base\Dashboard" loaded.
INFO - 2022-08-29 03:57:58 --> Session: Class initialized using 'CodeIgniter\Session\Handlers\FileHandler' driver.
INFO - 2022-08-29 03:57:58 --> Controller "App\Controllers\base\Dashboard" loaded.
INFO - 2022-08-29 03:57:59 --> Session: Class initialized using 'CodeIgniter\Session\Handlers\FileHandler' driver.
INFO - 2022-08-29 03:57:59 --> Controller "App\Controllers\base\Dashboard" loaded.
INFO - 2022-08-29 04:00:15 --> Session: Class initialized using 'CodeIgniter\Session\Handlers\FileHandler' driver.
INFO - 2022-08-29 04:00:15 --> Controller "App\Controllers\base\Dashboard" loaded.
INFO - 2022-08-29 04:00:18 --> Session: Class initialized using 'CodeIgniter\Session\Handlers\FileHandler' driver.
INFO - 2022-08-29 04:00:18 --> Controller "App\Controllers\base\Dashboard" loaded.
CRITICAL - 2022-08-29 04:00:18 --> You must set the database table to be used with your query.
#0 C:\xampp\htdocs\nikahkuy2\system\Model.php(1190): CodeIgniter\Database\BaseConnection->table(NULL)
#1 C:\xampp\htdocs\nikahkuy2\system\Model.php(1700): CodeIgniter\Model->builder()
#2 C:\xampp\htdocs\nikahkuy2\app\Controllers\base\Dashboard.php(1304): CodeIgniter\Model->__call('get_order_by', Array)
#3 C:\xampp\htdocs\nikahkuy2\system\CodeIgniter.php(910): App\Controllers\base\Dashboard->kirim_undangan()
#4 C:\xampp\htdocs\nikahkuy2\system\CodeIgniter.php(398): CodeIgniter\CodeIgniter->runController(Object(App\Controllers\base\Dashboard))
#5 C:\xampp\htdocs\nikahkuy2\system\CodeIgniter.php(306): CodeIgniter\CodeIgniter->handleRequest(NULL, Object(Config\Cache), false)
#6 C:\xampp\htdocs\nikahkuy2\index.php(45): CodeIgniter\CodeIgniter->run()
#7 {main}
INFO - 2022-08-29 04:00:23 --> Session: Class initialized using 'CodeIgniter\Session\Handlers\FileHandler' driver.
INFO - 2022-08-29 04:00:23 --> Controller "App\Controllers\base\Dashboard" loaded.
CRITICAL - 2022-08-29 04:00:23 --> You must set the database table to be used with your query.
#0 C:\xampp\htdocs\nikahkuy2\system\Model.php(1190): CodeIgniter\Database\BaseConnection->table(NULL)
#1 C:\xampp\htdocs\nikahkuy2\system\Model.php(1700): CodeIgniter\Model->builder()
#2 C:\xampp\htdocs\nikahkuy2\app\Controllers\base\Dashboard.php(1304): CodeIgniter\Model->__call('get_order_by', Array)
#3 C:\xampp\htdocs\nikahkuy2\system\CodeIgniter.php(910): App\Controllers\base\Dashboard->kirim_undangan()
#4 C:\xampp\htdocs\nikahkuy2\system\CodeIgniter.php(398): CodeIgniter\CodeIgniter->runController(Object(App\Controllers\base\Dashboard))
#5 C:\xampp\htdocs\nikahkuy2\system\CodeIgniter.php(306): CodeIgniter\CodeIgniter->handleRequest(NULL, Object(Config\Cache), false)
#6 C:\xampp\htdocs\nikahkuy2\index.php(45): CodeIgniter\CodeIgniter->run()
#7 {main}
INFO - 2022-08-29 04:00:43 --> Session: Class initialized using 'CodeIgniter\Session\Handlers\FileHandler' driver.
INFO - 2022-08-29 04:00:43 --> Controller "App\Controllers\base\Dashboard" loaded.
INFO - 2022-08-29 04:00:46 --> Session: Class initialized using 'CodeIgniter\Session\Handlers\FileHandler' driver.
INFO - 2022-08-29 04:00:46 --> Controller "App\Controllers\base\Dashboard" loaded.
INFO - 2022-08-29 04:00:46 --> Session: Class initialized using 'CodeIgniter\Session\Handlers\FileHandler' driver.
INFO - 2022-08-29 04:00:46 --> Controller "App\Controllers\base\Dashboard" loaded.
INFO - 2022-08-29 04:00:50 --> Session: Class initialized using 'CodeIgniter\Session\Handlers\FileHandler' driver.
INFO - 2022-08-29 04:00:50 --> Controller "App\Controllers\base\Dashboard" loaded.
INFO - 2022-08-29 04:00:51 --> Session: Class initialized using 'CodeIgniter\Session\Handlers\FileHandler' driver.
INFO - 2022-08-29 04:00:51 --> Controller "App\Controllers\base\Dashboard" loaded.
INFO - 2022-08-29 04:04:05 --> Session: Class initialized using 'CodeIgniter\Session\Handlers\FileHandler' driver.
INFO - 2022-08-29 04:04:05 --> Controller "App\Controllers\base\Dashboard" loaded.
INFO - 2022-08-29 04:07:59 --> Session: Class initialized using 'CodeIgniter\Session\Handlers\FileHandler' driver.
CRITICAL - 2022-08-29 04:07:59 --> syntax error, unexpected '<'
#0 C:\xampp\htdocs\nikahkuy2\system\Autoloader\Autoloader.php(296): CodeIgniter\Autoloader\Autoloader->requireFile('C:\\xampp\\htdocs...')
#1 C:\xampp\htdocs\nikahkuy2\system\Autoloader\Autoloader.php(258): CodeIgniter\Autoloader\Autoloader->loadInNamespace('App\\Controllers...')
#2 [internal function]: CodeIgniter\Autoloader\Autoloader->loadClass('App\\Controllers...')
#3 [internal function]: spl_autoload_call('App\\Controllers...')
#4 C:\xampp\htdocs\nikahkuy2\system\CodeIgniter.php(861): class_exists('\\App\\Controller...', true)
#5 C:\xampp\htdocs\nikahkuy2\system\CodeIgniter.php(388): CodeIgniter\CodeIgniter->startController()
#6 C:\xampp\htdocs\nikahkuy2\system\CodeIgniter.php(306): CodeIgniter\CodeIgniter->handleRequest(NULL, Object(Config\Cache), false)
#7 C:\xampp\htdocs\nikahkuy2\index.php(45): CodeIgniter\CodeIgniter->run()
#8 {main}
INFO - 2022-08-29 04:08:00 --> Session: Class initialized using 'CodeIgniter\Session\Handlers\FileHandler' driver.
CRITICAL - 2022-08-29 04:08:00 --> syntax error, unexpected '<'
#0 C:\xampp\htdocs\nikahkuy2\system\Autoloader\Autoloader.php(296): CodeIgniter\Autoloader\Autoloader->requireFile('C:\\xampp\\htdocs...')
#1 C:\xampp\htdocs\nikahkuy2\system\Autoloader\Autoloader.php(258): CodeIgniter\Autoloader\Autoloader->loadInNamespace('App\\Controllers...')
#2 [internal function]: CodeIgniter\Autoloader\Autoloader->loadClass('App\\Controllers...')
#3 [internal function]: spl_autoload_call('App\\Controllers...')
#4 C:\xampp\htdocs\nikahkuy2\system\CodeIgniter.php(861): class_exists('\\App\\Controller...', true)
#5 C:\xampp\htdocs\nikahkuy2\system\CodeIgniter.php(388): CodeIgniter\CodeIgniter->startController()
#6 C:\xampp\htdocs\nikahkuy2\system\CodeIgniter.php(306): CodeIgniter\CodeIgniter->handleRequest(NULL, Object(Config\Cache), false)
#7 C:\xampp\htdocs\nikahkuy2\index.php(45): CodeIgniter\CodeIgniter->run()
#8 {main}
INFO - 2022-08-29 04:08:17 --> Session: Class initialized using 'CodeIgniter\Session\Handlers\FileHandler' driver.
CRITICAL - 2022-08-29 04:08:17 --> syntax error, unexpected '<'
#0 C:\xampp\htdocs\nikahkuy2\system\Autoloader\Autoloader.php(296): CodeIgniter\Autoloader\Autoloader->requireFile('C:\\xampp\\htdocs...')
#1 C:\xampp\htdocs\nikahkuy2\system\Autoloader\Autoloader.php(258): CodeIgniter\Autoloader\Autoloader->loadInNamespace('App\\Controllers...')
#2 [internal function]: CodeIgniter\Autoloader\Autoloader->loadClass('App\\Controllers...')
#3 [internal function]: spl_autoload_call('App\\Controllers...')
#4 C:\xampp\htdocs\nikahkuy2\system\CodeIgniter.php(861): class_exists('\\App\\Controller...', true)
#5 C:\xampp\htdocs\nikahkuy2\system\CodeIgniter.php(388): CodeIgniter\CodeIgniter->startController()
#6 C:\xampp\htdocs\nikahkuy2\system\CodeIgniter.php(306): CodeIgniter\CodeIgniter->handleRequest(NULL, Object(Config\Cache), false)
#7 C:\xampp\htdocs\nikahkuy2\index.php(45): CodeIgniter\CodeIgniter->run()
#8 {main}
INFO - 2022-08-29 04:08:18 --> Session: Class initialized using 'CodeIgniter\Session\Handlers\FileHandler' driver.
CRITICAL - 2022-08-29 04:08:18 --> syntax error, unexpected '<'
#0 C:\xampp\htdocs\nikahkuy2\system\Autoloader\Autoloader.php(296): CodeIgniter\Autoloader\Autoloader->requireFile('C:\\xampp\\htdocs...')
#1 C:\xampp\htdocs\nikahkuy2\system\Autoloader\Autoloader.php(258): CodeIgniter\Autoloader\Autoloader->loadInNamespace('App\\Controllers...')
#2 [internal function]: CodeIgniter\Autoloader\Autoloader->loadClass('App\\Controllers...')
#3 [internal function]: spl_autoload_call('App\\Controllers...')
#4 C:\xampp\htdocs\nikahkuy2\system\CodeIgniter.php(861): class_exists('\\App\\Controller...', true)
#5 C:\xampp\htdocs\nikahkuy2\system\CodeIgniter.php(388): CodeIgniter\CodeIgniter->startController()
#6 C:\xampp\htdocs\nikahkuy2\system\CodeIgniter.php(306): CodeIgniter\CodeIgniter->handleRequest(NULL, Object(Config\Cache), false)
#7 C:\xampp\htdocs\nikahkuy2\index.php(45): CodeIgniter\CodeIgniter->run()
#8 {main}
INFO - 2022-08-29 04:08:18 --> Session: Class initialized using 'CodeIgniter\Session\Handlers\FileHandler' driver.
CRITICAL - 2022-08-29 04:08:18 --> syntax error, unexpected '<'
#0 C:\xampp\htdocs\nikahkuy2\system\Autoloader\Autoloader.php(296): CodeIgniter\Autoloader\Autoloader->requireFile('C:\\xampp\\htdocs...')
#1 C:\xampp\htdocs\nikahkuy2\system\Autoloader\Autoloader.php(258): CodeIgniter\Autoloader\Autoloader->loadInNamespace('App\\Controllers...')
#2 [internal function]: CodeIgniter\Autoloader\Autoloader->loadClass('App\\Controllers...')
#3 [internal function]: spl_autoload_call('App\\Controllers...')
#4 C:\xampp\htdocs\nikahkuy2\system\CodeIgniter.php(861): class_exists('\\App\\Controller...', true)
#5 C:\xampp\htdocs\nikahkuy2\system\CodeIgniter.php(388): CodeIgniter\CodeIgniter->startController()
#6 C:\xampp\htdocs\nikahkuy2\system\CodeIgniter.php(306): CodeIgniter\CodeIgniter->handleRequest(NULL, Object(Config\Cache), false)
#7 C:\xampp\htdocs\nikahkuy2\index.php(45): CodeIgniter\CodeIgniter->run()
#8 {main}
INFO - 2022-08-29 04:08:19 --> Session: Class initialized using 'CodeIgniter\Session\Handlers\FileHandler' driver.
CRITICAL - 2022-08-29 04:08:19 --> syntax error, unexpected '<'
#0 C:\xampp\htdocs\nikahkuy2\system\Autoloader\Autoloader.php(296): CodeIgniter\Autoloader\Autoloader->requireFile('C:\\xampp\\htdocs...')
#1 C:\xampp\htdocs\nikahkuy2\system\Autoloader\Autoloader.php(258): CodeIgniter\Autoloader\Autoloader->loadInNamespace('App\\Controllers...')
#2 [internal function]: CodeIgniter\Autoloader\Autoloader->loadClass('App\\Controllers...')
#3 [internal function]: spl_autoload_call('App\\Controllers...')
#4 C:\xampp\htdocs\nikahkuy2\system\CodeIgniter.php(861): class_exists('\\App\\Controller...', true)
#5 C:\xampp\htdocs\nikahkuy2\system\CodeIgniter.php(388): CodeIgniter\CodeIgniter->startController()
#6 C:\xampp\htdocs\nikahkuy2\system\CodeIgniter.php(306): CodeIgniter\CodeIgniter->handleRequest(NULL, Object(Config\Cache), false)
#7 C:\xampp\htdocs\nikahkuy2\index.php(45): CodeIgniter\CodeIgniter->run()
#8 {main}
INFO - 2022-08-29 04:08:29 --> Session: Class initialized using 'CodeIgniter\Session\Handlers\FileHandler' driver.
INFO - 2022-08-29 04:08:29 --> Controller "App\Controllers\base\Dashboard" loaded.
INFO - 2022-08-29 04:13:16 --> Session: Class initialized using 'CodeIgniter\Session\Handlers\FileHandler' driver.
INFO - 2022-08-29 04:13:16 --> Controller "App\Controllers\base\Dashboard" loaded.
INFO - 2022-08-29 04:13:18 --> Session: Class initialized using 'CodeIgniter\Session\Handlers\FileHandler' driver.
INFO - 2022-08-29 04:13:18 --> Controller "App\Controllers\base\Dashboard" loaded.
INFO - 2022-08-29 04:13:21 --> Session: Class initialized using 'CodeIgniter\Session\Handlers\FileHandler' driver.
INFO - 2022-08-29 04:13:21 --> Controller "App\Controllers\base\Dashboard" loaded.
INFO - 2022-08-29 04:13:23 --> Session: Class initialized using 'CodeIgniter\Session\Handlers\FileHandler' driver.
INFO - 2022-08-29 04:13:23 --> Controller "App\Controllers\base\Dashboard" loaded.
CRITICAL - 2022-08-29 04:13:23 --> Use of undefined constant j - assumed 'j' (this will throw an Error in a future version of PHP)
#0 C:\xampp\htdocs\nikahkuy2\app\Controllers\base\Dashboard.php(1593): CodeIgniter\Debug\Exceptions->errorHandler(2, 'Use of undefine...', 'C:\\xampp\\htdocs...', 1593, Array)
#1 C:\xampp\htdocs\nikahkuy2\app\Controllers\base\Dashboard.php(1364): App\Controllers\base\Dashboard->send_wa('17112195af932ee...', '6289667771377', 'Kepada Yth: Bag...')
#2 C:\xampp\htdocs\nikahkuy2\system\CodeIgniter.php(910): App\Controllers\base\Dashboard->kirim_undangan()
#3 C:\xampp\htdocs\nikahkuy2\system\CodeIgniter.php(398): CodeIgniter\CodeIgniter->runController(Object(App\Controllers\base\Dashboard))
#4 C:\xampp\htdocs\nikahkuy2\system\CodeIgniter.php(306): CodeIgniter\CodeIgniter->handleRequest(NULL, Object(Config\Cache), false)
#5 C:\xampp\htdocs\nikahkuy2\index.php(45): CodeIgniter\CodeIgniter->run()
#6 {main}
INFO - 2022-08-29 04:13:26 --> Session: Class initialized using 'CodeIgniter\Session\Handlers\FileHandler' driver.
INFO - 2022-08-29 04:13:26 --> Controller "App\Controllers\base\Dashboard" loaded.
CRITICAL - 2022-08-29 04:13:26 --> Use of undefined constant j - assumed 'j' (this will throw an Error in a future version of PHP)
#0 C:\xampp\htdocs\nikahkuy2\app\Controllers\base\Dashboard.php(1593): CodeIgniter\Debug\Exceptions->errorHandler(2, 'Use of undefine...', 'C:\\xampp\\htdocs...', 1593, Array)
#1 C:\xampp\htdocs\nikahkuy2\app\Controllers\base\Dashboard.php(1364): App\Controllers\base\Dashboard->send_wa('17112195af932ee...', '6289667771377', 'Kepada Yth: Bag...')
#2 C:\xampp\htdocs\nikahkuy2\system\CodeIgniter.php(910): App\Controllers\base\Dashboard->kirim_undangan()
#3 C:\xampp\htdocs\nikahkuy2\system\CodeIgniter.php(398): CodeIgniter\CodeIgniter->runController(Object(App\Controllers\base\Dashboard))
#4 C:\xampp\htdocs\nikahkuy2\system\CodeIgniter.php(306): CodeIgniter\CodeIgniter->handleRequest(NULL, Object(Config\Cache), false)
#5 C:\xampp\htdocs\nikahkuy2\index.php(45): CodeIgniter\CodeIgniter->run()
#6 {main}
INFO - 2022-08-29 04:13:56 --> Session: Class initialized using 'CodeIgniter\Session\Handlers\FileHandler' driver.
INFO - 2022-08-29 04:13:56 --> Controller "App\Controllers\base\Dashboard" loaded.
INFO - 2022-08-29 04:13:59 --> Session: Class initialized using 'CodeIgniter\Session\Handlers\FileHandler' driver.
INFO - 2022-08-29 04:13:59 --> Controller "App\Controllers\base\Dashboard" loaded.
INFO - 2022-08-29 04:14:00 --> Session: Class initialized using 'CodeIgniter\Session\Handlers\FileHandler' driver.
INFO - 2022-08-29 04:14:00 --> Controller "App\Controllers\base\Dashboard" loaded.
INFO - 2022-08-29 04:14:03 --> Session: Class initialized using 'CodeIgniter\Session\Handlers\FileHandler' driver.
INFO - 2022-08-29 04:14:03 --> Controller "App\Controllers\base\Dashboard" loaded.
INFO - 2022-08-29 04:14:04 --> Session: Class initialized using 'CodeIgniter\Session\Handlers\FileHandler' driver.
INFO - 2022-08-29 04:14:04 --> Controller "App\Controllers\base\Dashboard" loaded.
INFO - 2022-08-29 04:14:20 --> Session: Class initialized using 'CodeIgniter\Session\Handlers\FileHandler' driver.
INFO - 2022-08-29 04:14:20 --> Controller "App\Controllers\base\Dashboard" loaded.
INFO - 2022-08-29 04:14:23 --> Session: Class initialized using 'CodeIgniter\Session\Handlers\FileHandler' driver.
INFO - 2022-08-29 04:14:23 --> Controller "App\Controllers\base\Dashboard" loaded.
INFO - 2022-08-29 04:14:24 --> Session: Class initialized using 'CodeIgniter\Session\Handlers\FileHandler' driver.
INFO - 2022-08-29 04:14:24 --> Controller "App\Controllers\base\Dashboard" loaded.
INFO - 2022-08-29 04:20:41 --> Session: Class initialized using 'CodeIgniter\Session\Handlers\FileHandler' driver.
INFO - 2022-08-29 04:20:41 --> Controller "App\Controllers\base\Dashboard" loaded.
INFO - 2022-08-29 04:20:44 --> Session: Class initialized using 'CodeIgniter\Session\Handlers\FileHandler' driver.
INFO - 2022-08-29 04:20:44 --> Controller "App\Controllers\base\Dashboard" loaded.
INFO - 2022-08-29 04:20:45 --> Session: Class initialized using 'CodeIgniter\Session\Handlers\FileHandler' driver.
INFO - 2022-08-29 04:20:45 --> Controller "App\Controllers\base\Dashboard" loaded.
INFO - 2022-08-29 04:20:49 --> Session: Class initialized using 'CodeIgniter\Session\Handlers\FileHandler' driver.
INFO - 2022-08-29 04:20:49 --> Controller "App\Controllers\base\Dashboard" loaded.
INFO - 2022-08-29 04:20:49 --> Session: Class initialized using 'CodeIgniter\Session\Handlers\FileHandler' driver.
INFO - 2022-08-29 04:20:50 --> Controller "App\Controllers\base\Dashboard" loaded.
INFO - 2022-08-29 04:22:51 --> Session: Class initialized using 'CodeIgniter\Session\Handlers\FileHandler' driver.
INFO - 2022-08-29 04:22:51 --> Controller "App\Controllers\base\Dashboard" loaded.
INFO - 2022-08-29 04:22:54 --> Session: Class initialized using 'CodeIgniter\Session\Handlers\FileHandler' driver.
INFO - 2022-08-29 04:22:54 --> Controller "App\Controllers\base\Dashboard" loaded.
INFO - 2022-08-29 04:22:55 --> Session: Class initialized using 'CodeIgniter\Session\Handlers\FileHandler' driver.
INFO - 2022-08-29 04:22:55 --> Controller "App\Controllers\base\Dashboard" loaded.
INFO - 2022-08-29 04:24:07 --> Session: Class initialized using 'CodeIgniter\Session\Handlers\FileHandler' driver.
INFO - 2022-08-29 04:24:07 --> Controller "App\Controllers\base\Dashboard" loaded.
INFO - 2022-08-29 04:24:10 --> Session: Class initialized using 'CodeIgniter\Session\Handlers\FileHandler' driver.
INFO - 2022-08-29 04:24:10 --> Controller "App\Controllers\base\Dashboard" loaded.
INFO - 2022-08-29 04:24:11 --> Session: Class initialized using 'CodeIgniter\Session\Handlers\FileHandler' driver.
INFO - 2022-08-29 04:24:11 --> Controller "App\Controllers\base\Dashboard" loaded.
INFO - 2022-08-29 04:24:14 --> Session: Class initialized using 'CodeIgniter\Session\Handlers\FileHandler' driver.
INFO - 2022-08-29 04:24:14 --> Controller "App\Controllers\base\Dashboard" loaded.
INFO - 2022-08-29 04:24:15 --> Session: Class initialized using 'CodeIgniter\Session\Handlers\FileHandler' driver.
INFO - 2022-08-29 04:24:15 --> Controller "App\Controllers\base\Dashboard" loaded.
INFO - 2022-08-29 04:25:54 --> Session: Class initialized using 'CodeIgniter\Session\Handlers\FileHandler' driver.
INFO - 2022-08-29 04:25:54 --> Controller "App\Controllers\base\Dashboard" loaded.
INFO - 2022-08-29 04:25:57 --> Session: Class initialized using 'CodeIgniter\Session\Handlers\FileHandler' driver.
INFO - 2022-08-29 04:25:57 --> Controller "App\Controllers\base\Dashboard" loaded.
CRITICAL - 2022-08-29 04:25:57 --> Too few arguments to function App\Controllers\base\Dashboard::send_wa(), 3 passed in C:\xampp\htdocs\nikahkuy2\app\Controllers\base\Dashboard.php on line 1363 and exactly 4 expected
#0 C:\xampp\htdocs\nikahkuy2\app\Controllers\base\Dashboard.php(1363): App\Controllers\base\Dashboard->send_wa('17112195af932ee...', '6289667771377', 'Kepada Yth: Bag...')
#1 C:\xampp\htdocs\nikahkuy2\system\CodeIgniter.php(910): App\Controllers\base\Dashboard->kirim_undangan()
#2 C:\xampp\htdocs\nikahkuy2\system\CodeIgniter.php(398): CodeIgniter\CodeIgniter->runController(Object(App\Controllers\base\Dashboard))
#3 C:\xampp\htdocs\nikahkuy2\system\CodeIgniter.php(306): CodeIgniter\CodeIgniter->handleRequest(NULL, Object(Config\Cache), false)
#4 C:\xampp\htdocs\nikahkuy2\index.php(45): CodeIgniter\CodeIgniter->run()
#5 {main}
INFO - 2022-08-29 04:26:05 --> Session: Class initialized using 'CodeIgniter\Session\Handlers\FileHandler' driver.
INFO - 2022-08-29 04:26:05 --> Controller "App\Controllers\base\Dashboard" loaded.
CRITICAL - 2022-08-29 04:26:05 --> Too few arguments to function App\Controllers\base\Dashboard::send_wa(), 3 passed in C:\xampp\htdocs\nikahkuy2\app\Controllers\base\Dashboard.php on line 1363 and exactly 4 expected
#0 C:\xampp\htdocs\nikahkuy2\app\Controllers\base\Dashboard.php(1363): App\Controllers\base\Dashboard->send_wa('17112195af932ee...', '6289667771377', 'Kepada Yth: Bag...')
#1 C:\xampp\htdocs\nikahkuy2\system\CodeIgniter.php(910): App\Controllers\base\Dashboard->kirim_undangan()
#2 C:\xampp\htdocs\nikahkuy2\system\CodeIgniter.php(398): CodeIgniter\CodeIgniter->runController(Object(App\Controllers\base\Dashboard))
#3 C:\xampp\htdocs\nikahkuy2\system\CodeIgniter.php(306): CodeIgniter\CodeIgniter->handleRequest(NULL, Object(Config\Cache), false)
#4 C:\xampp\htdocs\nikahkuy2\index.php(45): CodeIgniter\CodeIgniter->run()
#5 {main}
INFO - 2022-08-29 04:28:34 --> Session: Class initialized using 'CodeIgniter\Session\Handlers\FileHandler' driver.
INFO - 2022-08-29 04:28:34 --> Controller "App\Controllers\base\Dashboard" loaded.
INFO - 2022-08-29 04:28:37 --> Session: Class initialized using 'CodeIgniter\Session\Handlers\FileHandler' driver.
INFO - 2022-08-29 04:28:37 --> Controller "App\Controllers\base\Dashboard" loaded.
INFO - 2022-08-29 04:28:38 --> Session: Class initialized using 'CodeIgniter\Session\Handlers\FileHandler' driver.
INFO - 2022-08-29 04:28:38 --> Controller "App\Controllers\base\Dashboard" loaded.
INFO - 2022-08-29 04:31:15 --> Session: Class initialized using 'CodeIgniter\Session\Handlers\FileHandler' driver.
INFO - 2022-08-29 04:31:15 --> Controller "App\Controllers\base\Dashboard" loaded.
INFO - 2022-08-29 04:31:17 --> Session: Class initialized using 'CodeIgniter\Session\Handlers\FileHandler' driver.
INFO - 2022-08-29 04:31:17 --> Controller "App\Controllers\base\Dashboard" loaded.
INFO - 2022-08-29 04:31:18 --> Session: Class initialized using 'CodeIgniter\Session\Handlers\FileHandler' driver.
INFO - 2022-08-29 04:31:18 --> Controller "App\Controllers\base\Dashboard" loaded.
INFO - 2022-08-29 04:31:21 --> Session: Class initialized using 'CodeIgniter\Session\Handlers\FileHandler' driver.
INFO - 2022-08-29 04:31:21 --> Controller "App\Controllers\base\Dashboard" loaded.
INFO - 2022-08-29 04:31:23 --> Session: Class initialized using 'CodeIgniter\Session\Handlers\FileHandler' driver.
INFO - 2022-08-29 04:31:23 --> Controller "App\Controllers\base\Dashboard" loaded.
INFO - 2022-08-29 04:31:24 --> Session: Class initialized using 'CodeIgniter\Session\Handlers\FileHandler' driver.
INFO - 2022-08-29 04:31:24 --> Controller "App\Controllers\base\Dashboard" loaded.
INFO - 2022-08-29 04:32:18 --> Session: Class initialized using 'CodeIgniter\Session\Handlers\FileHandler' driver.
INFO - 2022-08-29 04:32:18 --> Controller "App\Controllers\base\Dashboard" loaded.
INFO - 2022-08-29 04:32:20 --> Session: Class initialized using 'CodeIgniter\Session\Handlers\FileHandler' driver.
INFO - 2022-08-29 04:32:20 --> Controller "App\Controllers\base\Dashboard" loaded.
INFO - 2022-08-29 04:32:21 --> Session: Class initialized using 'CodeIgniter\Session\Handlers\FileHandler' driver.
INFO - 2022-08-29 04:32:21 --> Controller "App\Controllers\base\Dashboard" loaded.
