INFO - 2022-09-04 02:30:17 --> Controller "App\Controllers\base\Beranda" loaded.
INFO - 2022-09-04 02:30:19 --> Session: Class initialized using 'CodeIgniter\Session\Handlers\FileHandler' driver.
INFO - 2022-09-04 02:30:20 --> Controller "App\Controllers\base\Dashboard" loaded.
INFO - 2022-09-04 02:30:27 --> Session: Class initialized using 'CodeIgniter\Session\Handlers\FileHandler' driver.
INFO - 2022-09-04 02:30:27 --> Controller "App\Controllers\base\Dashboard" loaded.
INFO - 2022-09-04 02:30:27 --> Session: Class initialized using 'CodeIgniter\Session\Handlers\FileHandler' driver.
INFO - 2022-09-04 02:30:27 --> Controller "App\Controllers\base\Dashboard" loaded.
INFO - 2022-09-04 02:30:35 --> Session: Class initialized using 'CodeIgniter\Session\Handlers\FileHandler' driver.
INFO - 2022-09-04 02:30:35 --> Controller "App\Controllers\base\Dashboard" loaded.
INFO - 2022-09-04 02:30:35 --> Session: Class initialized using 'CodeIgniter\Session\Handlers\FileHandler' driver.
INFO - 2022-09-04 02:30:35 --> Controller "App\Controllers\base\Dashboard" loaded.
INFO - 2022-09-04 02:30:44 --> Session: Class initialized using 'CodeIgniter\Session\Handlers\FileHandler' driver.
INFO - 2022-09-04 02:30:44 --> Controller "App\Controllers\base\Dashboard" loaded.
INFO - 2022-09-04 02:37:12 --> Session: Class initialized using 'CodeIgniter\Session\Handlers\FileHandler' driver.
INFO - 2022-09-04 02:37:12 --> Controller "App\Controllers\base\Dashboard" loaded.
INFO - 2022-09-04 02:37:25 --> Session: Class initialized using 'CodeIgniter\Session\Handlers\FileHandler' driver.
INFO - 2022-09-04 02:37:25 --> Controller "App\Controllers\base\Dashboard" loaded.
INFO - 2022-09-04 02:39:12 --> Session: Class initialized using 'CodeIgniter\Session\Handlers\FileHandler' driver.
INFO - 2022-09-04 02:39:12 --> Controller "App\Controllers\base\Dashboard" loaded.
INFO - 2022-09-04 02:39:18 --> Session: Class initialized using 'CodeIgniter\Session\Handlers\FileHandler' driver.
INFO - 2022-09-04 02:39:18 --> Controller "App\Controllers\base\Beranda" loaded.
INFO - 2022-09-04 02:39:21 --> Session: Class initialized using 'CodeIgniter\Session\Handlers\FileHandler' driver.
INFO - 2022-09-04 02:39:21 --> Controller "App\Controllers\base\Beranda" loaded.
INFO - 2022-09-04 02:39:22 --> Session: Class initialized using 'CodeIgniter\Session\Handlers\FileHandler' driver.
INFO - 2022-09-04 02:39:22 --> Controller "App\Controllers\base\Beranda" loaded.
INFO - 2022-09-04 02:39:22 --> Session: Class initialized using 'CodeIgniter\Session\Handlers\FileHandler' driver.
INFO - 2022-09-04 02:39:22 --> Controller "App\Controllers\base\Beranda" loaded.
INFO - 2022-09-04 02:39:22 --> Session: Class initialized using 'CodeIgniter\Session\Handlers\FileHandler' driver.
INFO - 2022-09-04 02:39:22 --> Controller "App\Controllers\base\Beranda" loaded.
INFO - 2022-09-04 02:39:56 --> Session: Class initialized using 'CodeIgniter\Session\Handlers\FileHandler' driver.
INFO - 2022-09-04 02:39:56 --> Controller "App\Controllers\base\Dashboard" loaded.
INFO - 2022-09-04 02:40:00 --> Session: Class initialized using 'CodeIgniter\Session\Handlers\FileHandler' driver.
INFO - 2022-09-04 02:40:00 --> Controller "App\Controllers\base\Beranda" loaded.
INFO - 2022-09-04 02:40:03 --> Session: Class initialized using 'CodeIgniter\Session\Handlers\FileHandler' driver.
INFO - 2022-09-04 02:40:03 --> Controller "App\Controllers\base\Beranda" loaded.
INFO - 2022-09-04 02:40:04 --> Session: Class initialized using 'CodeIgniter\Session\Handlers\FileHandler' driver.
INFO - 2022-09-04 02:40:04 --> Controller "App\Controllers\base\Beranda" loaded.
INFO - 2022-09-04 02:40:04 --> Session: Class initialized using 'CodeIgniter\Session\Handlers\FileHandler' driver.
INFO - 2022-09-04 02:40:04 --> Controller "App\Controllers\base\Beranda" loaded.
INFO - 2022-09-04 02:40:04 --> Session: Class initialized using 'CodeIgniter\Session\Handlers\FileHandler' driver.
INFO - 2022-09-04 02:40:04 --> Controller "App\Controllers\base\Beranda" loaded.
INFO - 2022-09-04 02:40:04 --> Session: Class initialized using 'CodeIgniter\Session\Handlers\FileHandler' driver.
INFO - 2022-09-04 02:40:04 --> Controller "App\Controllers\base\Beranda" loaded.
INFO - 2022-09-04 02:40:04 --> Session: Class initialized using 'CodeIgniter\Session\Handlers\FileHandler' driver.
INFO - 2022-09-04 02:40:04 --> Controller "App\Controllers\base\Beranda" loaded.
INFO - 2022-09-04 02:40:05 --> Session: Class initialized using 'CodeIgniter\Session\Handlers\FileHandler' driver.
INFO - 2022-09-04 02:40:05 --> Controller "App\Controllers\base\Beranda" loaded.
INFO - 2022-09-04 02:40:05 --> Session: Class initialized using 'CodeIgniter\Session\Handlers\FileHandler' driver.
INFO - 2022-09-04 02:40:05 --> Controller "App\Controllers\base\Beranda" loaded.
INFO - 2022-09-04 02:40:05 --> Session: Class initialized using 'CodeIgniter\Session\Handlers\FileHandler' driver.
INFO - 2022-09-04 02:40:05 --> Controller "App\Controllers\base\Beranda" loaded.
INFO - 2022-09-04 02:40:05 --> Session: Class initialized using 'CodeIgniter\Session\Handlers\FileHandler' driver.
INFO - 2022-09-04 02:40:05 --> Controller "App\Controllers\base\Beranda" loaded.
INFO - 2022-09-04 02:40:05 --> Session: Class initialized using 'CodeIgniter\Session\Handlers\FileHandler' driver.
INFO - 2022-09-04 02:40:05 --> Controller "App\Controllers\base\Beranda" loaded.
INFO - 2022-09-04 02:40:05 --> Session: Class initialized using 'CodeIgniter\Session\Handlers\FileHandler' driver.
INFO - 2022-09-04 02:40:05 --> Controller "App\Controllers\base\Beranda" loaded.
INFO - 2022-09-04 02:41:28 --> Session: Class initialized using 'CodeIgniter\Session\Handlers\FileHandler' driver.
INFO - 2022-09-04 02:41:28 --> Controller "App\Controllers\base\Dashboard" loaded.
INFO - 2022-09-04 02:42:40 --> Session: Class initialized using 'CodeIgniter\Session\Handlers\FileHandler' driver.
INFO - 2022-09-04 02:42:40 --> Controller "App\Controllers\base\Dashboard" loaded.
INFO - 2022-09-04 02:42:45 --> Session: Class initialized using 'CodeIgniter\Session\Handlers\FileHandler' driver.
INFO - 2022-09-04 02:42:45 --> Controller "App\Controllers\base\Beranda" loaded.
INFO - 2022-09-04 02:42:47 --> Session: Class initialized using 'CodeIgniter\Session\Handlers\FileHandler' driver.
INFO - 2022-09-04 02:42:47 --> Controller "App\Controllers\base\Beranda" loaded.
INFO - 2022-09-04 02:42:48 --> Session: Class initialized using 'CodeIgniter\Session\Handlers\FileHandler' driver.
INFO - 2022-09-04 02:42:48 --> Controller "App\Controllers\base\Beranda" loaded.
INFO - 2022-09-04 02:42:48 --> Session: Class initialized using 'CodeIgniter\Session\Handlers\FileHandler' driver.
INFO - 2022-09-04 02:42:48 --> Controller "App\Controllers\base\Beranda" loaded.
INFO - 2022-09-04 02:42:49 --> Session: Class initialized using 'CodeIgniter\Session\Handlers\FileHandler' driver.
INFO - 2022-09-04 02:42:49 --> Controller "App\Controllers\base\Beranda" loaded.
INFO - 2022-09-04 02:42:49 --> Session: Class initialized using 'CodeIgniter\Session\Handlers\FileHandler' driver.
INFO - 2022-09-04 02:42:49 --> Controller "App\Controllers\base\Beranda" loaded.
INFO - 2022-09-04 02:42:49 --> Session: Class initialized using 'CodeIgniter\Session\Handlers\FileHandler' driver.
INFO - 2022-09-04 02:42:49 --> Controller "App\Controllers\base\Beranda" loaded.
INFO - 2022-09-04 02:42:49 --> Session: Class initialized using 'CodeIgniter\Session\Handlers\FileHandler' driver.
INFO - 2022-09-04 02:42:49 --> Controller "App\Controllers\base\Beranda" loaded.
INFO - 2022-09-04 02:42:50 --> Session: Class initialized using 'CodeIgniter\Session\Handlers\FileHandler' driver.
INFO - 2022-09-04 02:42:50 --> Controller "App\Controllers\base\Beranda" loaded.
INFO - 2022-09-04 02:42:50 --> Session: Class initialized using 'CodeIgniter\Session\Handlers\FileHandler' driver.
INFO - 2022-09-04 02:42:50 --> Controller "App\Controllers\base\Beranda" loaded.
INFO - 2022-09-04 02:42:50 --> Session: Class initialized using 'CodeIgniter\Session\Handlers\FileHandler' driver.
INFO - 2022-09-04 02:42:50 --> Controller "App\Controllers\base\Beranda" loaded.
INFO - 2022-09-04 02:42:50 --> Session: Class initialized using 'CodeIgniter\Session\Handlers\FileHandler' driver.
INFO - 2022-09-04 02:42:50 --> Controller "App\Controllers\base\Beranda" loaded.
INFO - 2022-09-04 02:42:50 --> Session: Class initialized using 'CodeIgniter\Session\Handlers\FileHandler' driver.
INFO - 2022-09-04 02:42:50 --> Controller "App\Controllers\base\Beranda" loaded.
INFO - 2022-09-04 02:42:50 --> Session: Class initialized using 'CodeIgniter\Session\Handlers\FileHandler' driver.
INFO - 2022-09-04 02:42:50 --> Controller "App\Controllers\base\Beranda" loaded.
INFO - 2022-09-04 02:42:50 --> Session: Class initialized using 'CodeIgniter\Session\Handlers\FileHandler' driver.
INFO - 2022-09-04 02:42:50 --> Controller "App\Controllers\base\Beranda" loaded.
INFO - 2022-09-04 02:42:50 --> Session: Class initialized using 'CodeIgniter\Session\Handlers\FileHandler' driver.
INFO - 2022-09-04 02:42:50 --> Controller "App\Controllers\base\Beranda" loaded.
INFO - 2022-09-04 02:42:51 --> Session: Class initialized using 'CodeIgniter\Session\Handlers\FileHandler' driver.
INFO - 2022-09-04 02:42:51 --> Controller "App\Controllers\base\Beranda" loaded.
INFO - 2022-09-04 02:42:51 --> Session: Class initialized using 'CodeIgniter\Session\Handlers\FileHandler' driver.
INFO - 2022-09-04 02:42:51 --> Controller "App\Controllers\base\Beranda" loaded.
INFO - 2022-09-04 02:44:08 --> Session: Class initialized using 'CodeIgniter\Session\Handlers\FileHandler' driver.
INFO - 2022-09-04 02:44:08 --> Controller "App\Controllers\base\Dashboard" loaded.
INFO - 2022-09-04 02:50:11 --> Session: Class initialized using 'CodeIgniter\Session\Handlers\FileHandler' driver.
INFO - 2022-09-04 02:50:11 --> Controller "App\Controllers\base\Dashboard" loaded.
INFO - 2022-09-04 02:50:17 --> Session: Class initialized using 'CodeIgniter\Session\Handlers\FileHandler' driver.
INFO - 2022-09-04 02:50:21 --> Session: Class initialized using 'CodeIgniter\Session\Handlers\FileHandler' driver.
INFO - 2022-09-04 02:50:22 --> Session: Class initialized using 'CodeIgniter\Session\Handlers\FileHandler' driver.
INFO - 2022-09-04 02:50:22 --> Session: Class initialized using 'CodeIgniter\Session\Handlers\FileHandler' driver.
INFO - 2022-09-04 02:50:22 --> Session: Class initialized using 'CodeIgniter\Session\Handlers\FileHandler' driver.
INFO - 2022-09-04 02:50:22 --> Session: Class initialized using 'CodeIgniter\Session\Handlers\FileHandler' driver.
INFO - 2022-09-04 02:50:23 --> Session: Class initialized using 'CodeIgniter\Session\Handlers\FileHandler' driver.
INFO - 2022-09-04 02:50:23 --> Session: Class initialized using 'CodeIgniter\Session\Handlers\FileHandler' driver.
INFO - 2022-09-04 02:50:23 --> Session: Class initialized using 'CodeIgniter\Session\Handlers\FileHandler' driver.
INFO - 2022-09-04 02:52:35 --> Session: Class initialized using 'CodeIgniter\Session\Handlers\FileHandler' driver.
CRITICAL - 2022-09-04 02:52:35 --> Cannot redeclare App\Models\base\DashboardModel::get_token()
#0 [internal function]: CodeIgniter\Debug\Exceptions->shutdownHandler()
#1 {main}
INFO - 2022-09-04 02:52:37 --> Session: Class initialized using 'CodeIgniter\Session\Handlers\FileHandler' driver.
CRITICAL - 2022-09-04 02:52:37 --> Cannot redeclare App\Models\base\DashboardModel::get_token()
#0 [internal function]: CodeIgniter\Debug\Exceptions->shutdownHandler()
#1 {main}
INFO - 2022-09-04 02:54:16 --> Session: Class initialized using 'CodeIgniter\Session\Handlers\FileHandler' driver.
CRITICAL - 2022-09-04 02:54:16 --> Cannot redeclare App\Models\base\DashboardModel::get_token()
#0 [internal function]: CodeIgniter\Debug\Exceptions->shutdownHandler()
#1 {main}
INFO - 2022-09-04 02:54:17 --> Session: Class initialized using 'CodeIgniter\Session\Handlers\FileHandler' driver.
CRITICAL - 2022-09-04 02:54:17 --> Cannot redeclare App\Models\base\DashboardModel::get_token()
#0 [internal function]: CodeIgniter\Debug\Exceptions->shutdownHandler()
#1 {main}
INFO - 2022-09-04 02:54:18 --> Session: Class initialized using 'CodeIgniter\Session\Handlers\FileHandler' driver.
CRITICAL - 2022-09-04 02:54:18 --> Cannot redeclare App\Models\base\DashboardModel::get_token()
#0 [internal function]: CodeIgniter\Debug\Exceptions->shutdownHandler()
#1 {main}
INFO - 2022-09-04 02:54:19 --> Session: Class initialized using 'CodeIgniter\Session\Handlers\FileHandler' driver.
CRITICAL - 2022-09-04 02:54:19 --> Cannot redeclare App\Models\base\DashboardModel::get_token()
#0 [internal function]: CodeIgniter\Debug\Exceptions->shutdownHandler()
#1 {main}
INFO - 2022-09-04 02:54:27 --> Session: Class initialized using 'CodeIgniter\Session\Handlers\FileHandler' driver.
INFO - 2022-09-04 02:54:27 --> Controller "App\Controllers\base\Dashboard" loaded.
INFO - 2022-09-04 02:54:31 --> Session: Class initialized using 'CodeIgniter\Session\Handlers\FileHandler' driver.
INFO - 2022-09-04 02:54:31 --> Controller "App\Controllers\base\Dashboard" loaded.
INFO - 2022-09-04 02:59:31 --> Session: Class initialized using 'CodeIgniter\Session\Handlers\FileHandler' driver.
INFO - 2022-09-04 02:59:31 --> Controller "App\Controllers\base\Dashboard" loaded.
INFO - 2022-09-04 02:59:35 --> Session: Class initialized using 'CodeIgniter\Session\Handlers\FileHandler' driver.
INFO - 2022-09-04 02:59:38 --> Session: Class initialized using 'CodeIgniter\Session\Handlers\FileHandler' driver.
INFO - 2022-09-04 02:59:39 --> Session: Class initialized using 'CodeIgniter\Session\Handlers\FileHandler' driver.
INFO - 2022-09-04 02:59:39 --> Session: Class initialized using 'CodeIgniter\Session\Handlers\FileHandler' driver.
INFO - 2022-09-04 02:59:39 --> Session: Class initialized using 'CodeIgniter\Session\Handlers\FileHandler' driver.
INFO - 2022-09-04 02:59:39 --> Session: Class initialized using 'CodeIgniter\Session\Handlers\FileHandler' driver.
INFO - 2022-09-04 02:59:39 --> Session: Class initialized using 'CodeIgniter\Session\Handlers\FileHandler' driver.
INFO - 2022-09-04 02:59:39 --> Session: Class initialized using 'CodeIgniter\Session\Handlers\FileHandler' driver.
INFO - 2022-09-04 02:59:40 --> Session: Class initialized using 'CodeIgniter\Session\Handlers\FileHandler' driver.
INFO - 2022-09-04 02:59:40 --> Session: Class initialized using 'CodeIgniter\Session\Handlers\FileHandler' driver.
INFO - 2022-09-04 02:59:40 --> Session: Class initialized using 'CodeIgniter\Session\Handlers\FileHandler' driver.
INFO - 2022-09-04 02:59:40 --> Session: Class initialized using 'CodeIgniter\Session\Handlers\FileHandler' driver.
INFO - 2022-09-04 03:04:29 --> Session: Class initialized using 'CodeIgniter\Session\Handlers\FileHandler' driver.
INFO - 2022-09-04 03:04:29 --> Controller "App\Controllers\base\Dashboard" loaded.
INFO - 2022-09-04 03:04:33 --> Session: Class initialized using 'CodeIgniter\Session\Handlers\FileHandler' driver.
INFO - 2022-09-04 03:04:33 --> Controller "App\Controllers\base\Dashboard" loaded.
INFO - 2022-09-04 03:04:33 --> Session: Class initialized using 'CodeIgniter\Session\Handlers\FileHandler' driver.
INFO - 2022-09-04 03:04:33 --> Controller "App\Controllers\base\Dashboard" loaded.
INFO - 2022-09-04 03:04:36 --> Session: Class initialized using 'CodeIgniter\Session\Handlers\FileHandler' driver.
INFO - 2022-09-04 03:04:36 --> Controller "App\Controllers\base\Dashboard" loaded.
INFO - 2022-09-04 03:04:45 --> Session: Class initialized using 'CodeIgniter\Session\Handlers\FileHandler' driver.
INFO - 2022-09-04 03:04:45 --> Controller "App\Controllers\base\Dashboard" loaded.
INFO - 2022-09-04 03:04:45 --> Session: Class initialized using 'CodeIgniter\Session\Handlers\FileHandler' driver.
INFO - 2022-09-04 03:04:45 --> Controller "App\Controllers\base\Dashboard" loaded.
INFO - 2022-09-04 03:04:56 --> Session: Class initialized using 'CodeIgniter\Session\Handlers\FileHandler' driver.
INFO - 2022-09-04 03:04:56 --> Controller "App\Controllers\base\Dashboard" loaded.
INFO - 2022-09-04 03:05:01 --> Session: Class initialized using 'CodeIgniter\Session\Handlers\FileHandler' driver.
INFO - 2022-09-04 03:05:01 --> Controller "App\Controllers\base\Dashboard" loaded.
INFO - 2022-09-04 03:05:05 --> Session: Class initialized using 'CodeIgniter\Session\Handlers\FileHandler' driver.
INFO - 2022-09-04 03:05:05 --> Controller "App\Controllers\base\Dashboard" loaded.
INFO - 2022-09-04 03:05:14 --> Session: Class initialized using 'CodeIgniter\Session\Handlers\FileHandler' driver.
INFO - 2022-09-04 03:05:14 --> Controller "App\Controllers\base\Dashboard" loaded.
INFO - 2022-09-04 03:05:35 --> Session: Class initialized using 'CodeIgniter\Session\Handlers\FileHandler' driver.
INFO - 2022-09-04 03:05:35 --> Controller "App\Controllers\base\Dashboard" loaded.
INFO - 2022-09-04 03:05:35 --> Session: Class initialized using 'CodeIgniter\Session\Handlers\FileHandler' driver.
INFO - 2022-09-04 03:05:35 --> Controller "App\Controllers\base\Dashboard" loaded.
INFO - 2022-09-04 03:05:39 --> Session: Class initialized using 'CodeIgniter\Session\Handlers\FileHandler' driver.
INFO - 2022-09-04 03:05:39 --> Controller "App\Controllers\base\Dashboard" loaded.
INFO - 2022-09-04 03:05:43 --> Session: Class initialized using 'CodeIgniter\Session\Handlers\FileHandler' driver.
INFO - 2022-09-04 03:05:43 --> Controller "App\Controllers\base\Dashboard" loaded.
INFO - 2022-09-04 03:05:44 --> Session: Class initialized using 'CodeIgniter\Session\Handlers\FileHandler' driver.
INFO - 2022-09-04 03:05:44 --> Controller "App\Controllers\base\Dashboard" loaded.
INFO - 2022-09-04 03:05:52 --> Session: Class initialized using 'CodeIgniter\Session\Handlers\FileHandler' driver.
INFO - 2022-09-04 03:05:52 --> Controller "App\Controllers\base\Dashboard" loaded.
INFO - 2022-09-04 03:05:52 --> Session: Class initialized using 'CodeIgniter\Session\Handlers\FileHandler' driver.
INFO - 2022-09-04 03:05:52 --> Controller "App\Controllers\base\Dashboard" loaded.
INFO - 2022-09-04 03:05:59 --> Session: Class initialized using 'CodeIgniter\Session\Handlers\FileHandler' driver.
INFO - 2022-09-04 03:05:59 --> Controller "App\Controllers\base\Dashboard" loaded.
INFO - 2022-09-04 03:06:02 --> Session: Class initialized using 'CodeIgniter\Session\Handlers\FileHandler' driver.
INFO - 2022-09-04 03:06:02 --> Controller "App\Controllers\base\Dashboard" loaded.
INFO - 2022-09-04 03:06:03 --> Session: Class initialized using 'CodeIgniter\Session\Handlers\FileHandler' driver.
INFO - 2022-09-04 03:06:03 --> Controller "App\Controllers\base\Dashboard" loaded.
INFO - 2022-09-04 03:41:08 --> Session: Class initialized using 'CodeIgniter\Session\Handlers\FileHandler' driver.
INFO - 2022-09-04 03:41:08 --> Controller "App\Controllers\base\Dashboard" loaded.
INFO - 2022-09-04 03:41:12 --> Session: Class initialized using 'CodeIgniter\Session\Handlers\FileHandler' driver.
INFO - 2022-09-04 03:41:12 --> Controller "App\Controllers\base\Dashboard" loaded.
INFO - 2022-09-04 03:41:15 --> Session: Class initialized using 'CodeIgniter\Session\Handlers\FileHandler' driver.
INFO - 2022-09-04 03:41:15 --> Controller "App\Controllers\base\Dashboard" loaded.
INFO - 2022-09-04 04:01:47 --> Controller "App\Controllers\base\Beranda" loaded.
CRITICAL - 2022-09-04 04:01:49 --> No connection could be made because the target machine actively refused it.

#0 C:\xampp\htdocs\nikahkuy2\system\Database\BaseConnection.php(377): CodeIgniter\Database\MySQLi\Connection->connect(false)
#1 C:\xampp\htdocs\nikahkuy2\system\Database\BaseConnection.php(643): CodeIgniter\Database\BaseConnection->initialize()
#2 C:\xampp\htdocs\nikahkuy2\system\Database\BaseBuilder.php(1819): CodeIgniter\Database\BaseConnection->query('SELECT `themes`...', Array, false)
#3 C:\xampp\htdocs\nikahkuy2\app\Models\base\BerandaModel.php(44): CodeIgniter\Database\BaseBuilder->get()
#4 C:\xampp\htdocs\nikahkuy2\app\Controllers\base\Beranda.php(35): App\Models\base\BerandaModel->get_all_themes()
#5 C:\xampp\htdocs\nikahkuy2\system\CodeIgniter.php(910): App\Controllers\base\Beranda->index()
#6 C:\xampp\htdocs\nikahkuy2\system\CodeIgniter.php(398): CodeIgniter\CodeIgniter->runController(Object(App\Controllers\base\Beranda))
#7 C:\xampp\htdocs\nikahkuy2\system\CodeIgniter.php(306): CodeIgniter\CodeIgniter->handleRequest(NULL, Object(Config\Cache), false)
#8 C:\xampp\htdocs\nikahkuy2\index.php(45): CodeIgniter\CodeIgniter->run()
#9 {main}
INFO - 2022-09-04 04:01:52 --> Controller "App\Controllers\base\Beranda" loaded.
INFO - 2022-09-04 04:01:55 --> Session: Class initialized using 'CodeIgniter\Session\Handlers\FileHandler' driver.
INFO - 2022-09-04 04:01:55 --> Controller "App\Controllers\base\Dashboard" loaded.
INFO - 2022-09-04 04:01:55 --> Session: Class initialized using 'CodeIgniter\Session\Handlers\FileHandler' driver.
INFO - 2022-09-04 04:01:55 --> Controller "App\Controllers\base\Dashboard" loaded.
INFO - 2022-09-04 04:01:59 --> Session: Class initialized using 'CodeIgniter\Session\Handlers\FileHandler' driver.
INFO - 2022-09-04 04:01:59 --> Controller "App\Controllers\base\Dashboard" loaded.
INFO - 2022-09-04 04:02:04 --> Session: Class initialized using 'CodeIgniter\Session\Handlers\FileHandler' driver.
INFO - 2022-09-04 04:02:04 --> Controller "App\Controllers\base\Dashboard" loaded.
INFO - 2022-09-04 04:02:09 --> Session: Class initialized using 'CodeIgniter\Session\Handlers\FileHandler' driver.
INFO - 2022-09-04 04:02:09 --> Controller "App\Controllers\base\Dashboard" loaded.
INFO - 2022-09-04 04:06:55 --> Session: Class initialized using 'CodeIgniter\Session\Handlers\FileHandler' driver.
INFO - 2022-09-04 04:06:55 --> Controller "App\Controllers\base\Dashboard" loaded.
INFO - 2022-09-04 04:07:00 --> Session: Class initialized using 'CodeIgniter\Session\Handlers\FileHandler' driver.
INFO - 2022-09-04 04:07:00 --> Controller "App\Controllers\base\Dashboard" loaded.
INFO - 2022-09-04 04:07:19 --> Session: Class initialized using 'CodeIgniter\Session\Handlers\FileHandler' driver.
INFO - 2022-09-04 04:07:20 --> Controller "App\Controllers\base\Dashboard" loaded.
INFO - 2022-09-04 04:08:50 --> Session: Class initialized using 'CodeIgniter\Session\Handlers\FileHandler' driver.
INFO - 2022-09-04 04:08:50 --> Controller "App\Controllers\base\Dashboard" loaded.
INFO - 2022-09-04 04:09:11 --> Session: Class initialized using 'CodeIgniter\Session\Handlers\FileHandler' driver.
INFO - 2022-09-04 04:09:11 --> Controller "App\Controllers\base\Dashboard" loaded.
INFO - 2022-09-04 04:09:20 --> Session: Class initialized using 'CodeIgniter\Session\Handlers\FileHandler' driver.
INFO - 2022-09-04 04:09:20 --> Controller "App\Controllers\base\Dashboard" loaded.
INFO - 2022-09-04 04:09:56 --> Session: Class initialized using 'CodeIgniter\Session\Handlers\FileHandler' driver.
INFO - 2022-09-04 04:09:56 --> Controller "App\Controllers\base\Dashboard" loaded.
INFO - 2022-09-04 04:10:21 --> Session: Class initialized using 'CodeIgniter\Session\Handlers\FileHandler' driver.
INFO - 2022-09-04 04:10:21 --> Controller "App\Controllers\base\Dashboard" loaded.
INFO - 2022-09-04 04:10:21 --> Session: Class initialized using 'CodeIgniter\Session\Handlers\FileHandler' driver.
INFO - 2022-09-04 04:10:21 --> Controller "App\Controllers\base\Dashboard" loaded.
INFO - 2022-09-04 04:10:34 --> Session: Class initialized using 'CodeIgniter\Session\Handlers\FileHandler' driver.
INFO - 2022-09-04 04:10:34 --> Controller "App\Controllers\base\Lupa_password" loaded.
INFO - 2022-09-04 04:10:36 --> Session: Class initialized using 'CodeIgniter\Session\Handlers\FileHandler' driver.
INFO - 2022-09-04 04:10:36 --> Controller "App\Controllers\base\Lupa_password" loaded.
INFO - 2022-09-04 04:10:36 --> Session: Class initialized using 'CodeIgniter\Session\Handlers\FileHandler' driver.
INFO - 2022-09-04 04:10:36 --> Controller "App\Controllers\base\Lupa_password" loaded.
INFO - 2022-09-04 04:10:48 --> Session: Class initialized using 'CodeIgniter\Session\Handlers\FileHandler' driver.
INFO - 2022-09-04 04:10:48 --> Controller "App\Controllers\base\Dashboard" loaded.
INFO - 2022-09-04 04:16:34 --> Session: Class initialized using 'CodeIgniter\Session\Handlers\FileHandler' driver.
INFO - 2022-09-04 04:16:34 --> Session: Class initialized using 'CodeIgniter\Session\Handlers\FileHandler' driver.
INFO - 2022-09-04 04:16:34 --> Controller "App\Controllers\base\Dashboard" loaded.
INFO - 2022-09-04 04:16:42 --> Session: Class initialized using 'CodeIgniter\Session\Handlers\FileHandler' driver.
INFO - 2022-09-04 04:16:42 --> Controller "App\Controllers\base\Dashboard" loaded.
INFO - 2022-09-04 04:18:13 --> Session: Class initialized using 'CodeIgniter\Session\Handlers\FileHandler' driver.
INFO - 2022-09-04 04:18:13 --> Controller "App\Controllers\base\Dashboard" loaded.
INFO - 2022-09-04 04:18:14 --> Controller "App\Controllers\base\Beranda" loaded.
INFO - 2022-09-04 04:18:16 --> Session: Class initialized using 'CodeIgniter\Session\Handlers\FileHandler' driver.
INFO - 2022-09-04 04:18:16 --> Controller "App\Controllers\base\Dashboard" loaded.
INFO - 2022-09-04 04:18:18 --> Session: Class initialized using 'CodeIgniter\Session\Handlers\FileHandler' driver.
INFO - 2022-09-04 04:18:18 --> Controller "App\Controllers\base\Dashboard" loaded.
INFO - 2022-09-04 04:20:29 --> Session: Class initialized using 'CodeIgniter\Session\Handlers\FileHandler' driver.
INFO - 2022-09-04 04:20:29 --> Controller "App\Controllers\base\Dashboard" loaded.
INFO - 2022-09-04 04:20:40 --> Session: Class initialized using 'CodeIgniter\Session\Handlers\FileHandler' driver.
INFO - 2022-09-04 04:20:40 --> Controller "App\Controllers\base\Dashboard" loaded.
INFO - 2022-09-04 04:20:40 --> Session: Class initialized using 'CodeIgniter\Session\Handlers\FileHandler' driver.
INFO - 2022-09-04 04:20:40 --> Controller "App\Controllers\base\Dashboard" loaded.
INFO - 2022-09-04 04:20:45 --> Session: Class initialized using 'CodeIgniter\Session\Handlers\FileHandler' driver.
INFO - 2022-09-04 04:20:45 --> Controller "App\Controllers\base\Dashboard" loaded.
INFO - 2022-09-04 04:20:45 --> Session: Class initialized using 'CodeIgniter\Session\Handlers\FileHandler' driver.
INFO - 2022-09-04 04:20:45 --> Controller "App\Controllers\base\Dashboard" loaded.
INFO - 2022-09-04 04:22:19 --> Session: Class initialized using 'CodeIgniter\Session\Handlers\FileHandler' driver.
INFO - 2022-09-04 04:22:19 --> Controller "App\Controllers\base\Dashboard" loaded.
INFO - 2022-09-04 04:23:47 --> Session: Class initialized using 'CodeIgniter\Session\Handlers\FileHandler' driver.
INFO - 2022-09-04 04:23:47 --> Controller "App\Controllers\base\Dashboard" loaded.
INFO - 2022-09-04 04:23:54 --> Session: Class initialized using 'CodeIgniter\Session\Handlers\FileHandler' driver.
INFO - 2022-09-04 04:23:54 --> Controller "App\Controllers\base\Dashboard" loaded.
INFO - 2022-09-04 04:24:57 --> Session: Class initialized using 'CodeIgniter\Session\Handlers\FileHandler' driver.
INFO - 2022-09-04 04:24:57 --> Controller "App\Controllers\base\Dashboard" loaded.
INFO - 2022-09-04 04:28:41 --> Session: Class initialized using 'CodeIgniter\Session\Handlers\FileHandler' driver.
INFO - 2022-09-04 04:28:41 --> Controller "App\Controllers\base\Dashboard" loaded.
INFO - 2022-09-04 04:28:48 --> Session: Class initialized using 'CodeIgniter\Session\Handlers\FileHandler' driver.
INFO - 2022-09-04 04:28:48 --> Controller "App\Controllers\base\Order" loaded.
INFO - 2022-09-04 04:28:48 --> Controller "App\Controllers\base\Beranda" loaded.
INFO - 2022-09-04 04:28:52 --> Controller "App\Controllers\base\Beranda" loaded.
INFO - 2022-09-04 04:28:58 --> Controller "App\Controllers\base\Beranda" loaded.
INFO - 2022-09-04 04:29:01 --> Controller "App\Controllers\base\Beranda" loaded.
INFO - 2022-09-04 04:29:02 --> Session: Class initialized using 'CodeIgniter\Session\Handlers\FileHandler' driver.
INFO - 2022-09-04 04:29:02 --> Controller "App\Controllers\base\Dashboard" loaded.
INFO - 2022-09-04 04:29:04 --> Controller "App\Controllers\base\Beranda" loaded.
INFO - 2022-09-04 04:29:09 --> Controller "App\Controllers\base\Beranda" loaded.
INFO - 2022-09-04 04:29:14 --> Controller "App\Controllers\base\Beranda" loaded.
INFO - 2022-09-04 04:29:18 --> Session: Class initialized using 'CodeIgniter\Session\Handlers\FileHandler' driver.
INFO - 2022-09-04 04:29:18 --> Controller "App\Controllers\base\Order" loaded.
INFO - 2022-09-04 04:29:18 --> Controller "App\Controllers\base\Beranda" loaded.
INFO - 2022-09-04 04:29:20 --> Controller "App\Controllers\base\Beranda" loaded.
INFO - 2022-09-04 04:29:29 --> Session: Class initialized using 'CodeIgniter\Session\Handlers\FileHandler' driver.
INFO - 2022-09-04 04:29:29 --> Controller "App\Controllers\base\Dashboard" loaded.
INFO - 2022-09-04 04:29:59 --> Session: Class initialized using 'CodeIgniter\Session\Handlers\FileHandler' driver.
INFO - 2022-09-04 04:29:59 --> Controller "App\Controllers\base\Dashboard" loaded.
INFO - 2022-09-04 04:30:11 --> Session: Class initialized using 'CodeIgniter\Session\Handlers\FileHandler' driver.
INFO - 2022-09-04 04:30:11 --> Controller "App\Controllers\base\Dashboard" loaded.
INFO - 2022-09-04 04:31:19 --> Session: Class initialized using 'CodeIgniter\Session\Handlers\FileHandler' driver.
INFO - 2022-09-04 04:31:19 --> Controller "App\Controllers\base\Dashboard" loaded.
INFO - 2022-09-04 04:31:33 --> Session: Class initialized using 'CodeIgniter\Session\Handlers\FileHandler' driver.
INFO - 2022-09-04 04:31:33 --> Controller "App\Controllers\base\Order" loaded.
INFO - 2022-09-04 04:31:33 --> Controller "App\Controllers\base\Beranda" loaded.
INFO - 2022-09-04 04:31:42 --> Session: Class initialized using 'CodeIgniter\Session\Handlers\FileHandler' driver.
INFO - 2022-09-04 04:31:42 --> Controller "App\Controllers\base\Order" loaded.
INFO - 2022-09-04 04:31:42 --> Controller "App\Controllers\base\Beranda" loaded.
INFO - 2022-09-04 04:31:45 --> Session: Class initialized using 'CodeIgniter\Session\Handlers\FileHandler' driver.
INFO - 2022-09-04 04:31:45 --> Controller "App\Controllers\base\Order" loaded.
INFO - 2022-09-04 04:31:45 --> Controller "App\Controllers\base\Beranda" loaded.
INFO - 2022-09-04 04:34:18 --> Controller "App\Controllers\base\Beranda" loaded.
INFO - 2022-09-04 04:34:19 --> Session: Class initialized using 'CodeIgniter\Session\Handlers\FileHandler' driver.
INFO - 2022-09-04 04:34:19 --> Controller "App\Controllers\base\Dashboard" loaded.
INFO - 2022-09-04 04:34:21 --> Session: Class initialized using 'CodeIgniter\Session\Handlers\FileHandler' driver.
INFO - 2022-09-04 04:34:21 --> Controller "App\Controllers\base\Order" loaded.
INFO - 2022-09-04 04:34:21 --> Controller "App\Controllers\base\Beranda" loaded.
INFO - 2022-09-04 04:34:23 --> Controller "App\Controllers\base\Beranda" loaded.
INFO - 2022-09-04 04:34:25 --> Session: Class initialized using 'CodeIgniter\Session\Handlers\FileHandler' driver.
INFO - 2022-09-04 04:34:25 --> Controller "App\Controllers\base\Dashboard" loaded.
INFO - 2022-09-04 04:34:27 --> Session: Class initialized using 'CodeIgniter\Session\Handlers\FileHandler' driver.
INFO - 2022-09-04 04:34:27 --> Controller "App\Controllers\base\Order" loaded.
INFO - 2022-09-04 04:34:27 --> Controller "App\Controllers\base\Beranda" loaded.
INFO - 2022-09-04 04:34:29 --> Session: Class initialized using 'CodeIgniter\Session\Handlers\FileHandler' driver.
INFO - 2022-09-04 04:34:29 --> Controller "App\Controllers\base\Dashboard" loaded.
INFO - 2022-09-04 04:34:30 --> Session: Class initialized using 'CodeIgniter\Session\Handlers\FileHandler' driver.
INFO - 2022-09-04 04:34:30 --> Controller "App\Controllers\base\Dashboard" loaded.
INFO - 2022-09-04 04:34:32 --> Controller "App\Controllers\base\Beranda" loaded.
INFO - 2022-09-04 04:34:34 --> Controller "App\Controllers\base\Beranda" loaded.
INFO - 2022-09-04 04:34:37 --> Session: Class initialized using 'CodeIgniter\Session\Handlers\FileHandler' driver.
INFO - 2022-09-04 04:34:37 --> Controller "App\Controllers\base\Dashboard" loaded.
INFO - 2022-09-04 04:34:39 --> Session: Class initialized using 'CodeIgniter\Session\Handlers\FileHandler' driver.
INFO - 2022-09-04 04:34:39 --> Controller "App\Controllers\base\Order" loaded.
INFO - 2022-09-04 04:34:39 --> Controller "App\Controllers\base\Beranda" loaded.
INFO - 2022-09-04 04:34:48 --> Controller "App\Controllers\base\Beranda" loaded.
INFO - 2022-09-04 04:34:53 --> Session: Class initialized using 'CodeIgniter\Session\Handlers\FileHandler' driver.
INFO - 2022-09-04 04:34:53 --> Controller "App\Controllers\base\Dashboard" loaded.
INFO - 2022-09-04 04:34:54 --> Session: Class initialized using 'CodeIgniter\Session\Handlers\FileHandler' driver.
INFO - 2022-09-04 04:34:54 --> Controller "App\Controllers\base\Order" loaded.
INFO - 2022-09-04 04:34:54 --> Controller "App\Controllers\base\Beranda" loaded.
INFO - 2022-09-04 04:37:14 --> Session: Class initialized using 'CodeIgniter\Session\Handlers\FileHandler' driver.
INFO - 2022-09-04 04:37:14 --> Controller "App\Controllers\base\Dashboard" loaded.
INFO - 2022-09-04 04:37:20 --> Session: Class initialized using 'CodeIgniter\Session\Handlers\FileHandler' driver.
INFO - 2022-09-04 04:37:20 --> Controller "App\Controllers\base\Order" loaded.
INFO - 2022-09-04 04:37:20 --> Controller "App\Controllers\base\Beranda" loaded.
INFO - 2022-09-04 04:37:22 --> Session: Class initialized using 'CodeIgniter\Session\Handlers\FileHandler' driver.
INFO - 2022-09-04 04:37:22 --> Controller "App\Controllers\base\Dashboard" loaded.
INFO - 2022-09-04 04:37:23 --> Session: Class initialized using 'CodeIgniter\Session\Handlers\FileHandler' driver.
INFO - 2022-09-04 04:37:23 --> Controller "App\Controllers\base\Order" loaded.
INFO - 2022-09-04 04:37:23 --> Controller "App\Controllers\base\Beranda" loaded.
INFO - 2022-09-04 04:37:24 --> Session: Class initialized using 'CodeIgniter\Session\Handlers\FileHandler' driver.
INFO - 2022-09-04 04:37:24 --> Controller "App\Controllers\base\Dashboard" loaded.
INFO - 2022-09-04 04:37:33 --> Session: Class initialized using 'CodeIgniter\Session\Handlers\FileHandler' driver.
INFO - 2022-09-04 04:37:33 --> Controller "App\Controllers\base\Order" loaded.
INFO - 2022-09-04 04:37:33 --> Controller "App\Controllers\base\Beranda" loaded.
INFO - 2022-09-04 04:37:35 --> Controller "App\Controllers\base\Beranda" loaded.
INFO - 2022-09-04 04:37:36 --> Session: Class initialized using 'CodeIgniter\Session\Handlers\FileHandler' driver.
INFO - 2022-09-04 04:37:36 --> Controller "App\Controllers\base\Dashboard" loaded.
INFO - 2022-09-04 04:37:37 --> Controller "App\Controllers\base\Beranda" loaded.
INFO - 2022-09-04 04:37:39 --> Session: Class initialized using 'CodeIgniter\Session\Handlers\FileHandler' driver.
INFO - 2022-09-04 04:37:39 --> Controller "App\Controllers\base\Order" loaded.
INFO - 2022-09-04 04:37:39 --> Controller "App\Controllers\base\Beranda" loaded.
INFO - 2022-09-04 04:37:41 --> Controller "App\Controllers\base\Beranda" loaded.
INFO - 2022-09-04 04:38:33 --> Session: Class initialized using 'CodeIgniter\Session\Handlers\FileHandler' driver.
INFO - 2022-09-04 04:38:33 --> Controller "App\Controllers\base\Dashboard" loaded.
INFO - 2022-09-04 04:39:19 --> Session: Class initialized using 'CodeIgniter\Session\Handlers\FileHandler' driver.
INFO - 2022-09-04 04:39:19 --> Controller "App\Controllers\base\Dashboard" loaded.
INFO - 2022-09-04 04:39:22 --> Session: Class initialized using 'CodeIgniter\Session\Handlers\FileHandler' driver.
INFO - 2022-09-04 04:39:22 --> Controller "App\Controllers\base\Order" loaded.
INFO - 2022-09-04 04:39:22 --> Controller "App\Controllers\base\Beranda" loaded.
INFO - 2022-09-04 04:39:24 --> Session: Class initialized using 'CodeIgniter\Session\Handlers\FileHandler' driver.
INFO - 2022-09-04 04:39:24 --> Controller "App\Controllers\base\Dashboard" loaded.
INFO - 2022-09-04 04:40:27 --> Session: Class initialized using 'CodeIgniter\Session\Handlers\FileHandler' driver.
INFO - 2022-09-04 04:40:27 --> Controller "App\Controllers\base\Dashboard" loaded.
INFO - 2022-09-04 04:41:22 --> Session: Class initialized using 'CodeIgniter\Session\Handlers\FileHandler' driver.
INFO - 2022-09-04 04:41:22 --> Controller "App\Controllers\base\Dashboard" loaded.
INFO - 2022-09-04 04:42:37 --> Session: Class initialized using 'CodeIgniter\Session\Handlers\FileHandler' driver.
INFO - 2022-09-04 04:42:37 --> Controller "App\Controllers\base\Dashboard" loaded.
INFO - 2022-09-04 04:42:51 --> Session: Class initialized using 'CodeIgniter\Session\Handlers\FileHandler' driver.
INFO - 2022-09-04 04:42:51 --> Controller "App\Controllers\base\Dashboard" loaded.
INFO - 2022-09-04 04:43:07 --> Session: Class initialized using 'CodeIgniter\Session\Handlers\FileHandler' driver.
INFO - 2022-09-04 04:43:07 --> Controller "App\Controllers\base\Dashboard" loaded.
INFO - 2022-09-04 04:43:24 --> Session: Class initialized using 'CodeIgniter\Session\Handlers\FileHandler' driver.
INFO - 2022-09-04 04:43:24 --> Controller "App\Controllers\base\Dashboard" loaded.
INFO - 2022-09-04 04:43:46 --> Session: Class initialized using 'CodeIgniter\Session\Handlers\FileHandler' driver.
INFO - 2022-09-04 04:43:46 --> Controller "App\Controllers\base\Dashboard" loaded.
INFO - 2022-09-04 04:43:48 --> Session: Class initialized using 'CodeIgniter\Session\Handlers\FileHandler' driver.
INFO - 2022-09-04 04:43:48 --> Controller "App\Controllers\base\Order" loaded.
INFO - 2022-09-04 04:43:48 --> Controller "App\Controllers\base\Beranda" loaded.
INFO - 2022-09-04 04:43:52 --> Session: Class initialized using 'CodeIgniter\Session\Handlers\FileHandler' driver.
INFO - 2022-09-04 04:43:52 --> Controller "App\Controllers\base\Dashboard" loaded.
INFO - 2022-09-04 04:44:08 --> Session: Class initialized using 'CodeIgniter\Session\Handlers\FileHandler' driver.
INFO - 2022-09-04 04:44:08 --> Controller "App\Controllers\base\Dashboard" loaded.
INFO - 2022-09-04 04:50:17 --> Session: Class initialized using 'CodeIgniter\Session\Handlers\FileHandler' driver.
INFO - 2022-09-04 04:50:17 --> Controller "App\Controllers\base\Dashboard" loaded.
INFO - 2022-09-04 04:50:20 --> Session: Class initialized using 'CodeIgniter\Session\Handlers\FileHandler' driver.
INFO - 2022-09-04 04:50:20 --> Controller "App\Controllers\base\Dashboard" loaded.
INFO - 2022-09-04 04:50:20 --> Session: Class initialized using 'CodeIgniter\Session\Handlers\FileHandler' driver.
INFO - 2022-09-04 04:50:20 --> Controller "App\Controllers\base\Dashboard" loaded.
INFO - 2022-09-04 04:50:24 --> Session: Class initialized using 'CodeIgniter\Session\Handlers\FileHandler' driver.
INFO - 2022-09-04 04:50:24 --> Controller "App\Controllers\base\Dashboard" loaded.
INFO - 2022-09-04 04:51:11 --> Session: Class initialized using 'CodeIgniter\Session\Handlers\FileHandler' driver.
INFO - 2022-09-04 04:51:11 --> Controller "App\Controllers\base\Dashboard" loaded.
INFO - 2022-09-04 04:51:29 --> Session: Class initialized using 'CodeIgniter\Session\Handlers\FileHandler' driver.
INFO - 2022-09-04 04:51:29 --> Controller "App\Controllers\base\Dashboard" loaded.
INFO - 2022-09-04 04:51:33 --> Session: Class initialized using 'CodeIgniter\Session\Handlers\FileHandler' driver.
INFO - 2022-09-04 04:51:33 --> Controller "App\Controllers\base\Dashboard" loaded.
INFO - 2022-09-04 04:51:33 --> Session: Class initialized using 'CodeIgniter\Session\Handlers\FileHandler' driver.
INFO - 2022-09-04 04:51:33 --> Controller "App\Controllers\base\Dashboard" loaded.
INFO - 2022-09-04 04:51:38 --> Session: Class initialized using 'CodeIgniter\Session\Handlers\FileHandler' driver.
INFO - 2022-09-04 04:51:38 --> Controller "App\Controllers\base\Dashboard" loaded.
INFO - 2022-09-04 04:51:39 --> Session: Class initialized using 'CodeIgniter\Session\Handlers\FileHandler' driver.
INFO - 2022-09-04 04:51:39 --> Controller "App\Controllers\base\Dashboard" loaded.
INFO - 2022-09-04 04:51:46 --> Session: Class initialized using 'CodeIgniter\Session\Handlers\FileHandler' driver.
INFO - 2022-09-04 04:51:46 --> Controller "App\Controllers\base\Dashboard" loaded.
INFO - 2022-09-04 04:51:46 --> Session: Class initialized using 'CodeIgniter\Session\Handlers\FileHandler' driver.
INFO - 2022-09-04 04:51:46 --> Controller "App\Controllers\base\Dashboard" loaded.
INFO - 2022-09-04 04:52:21 --> Session: Class initialized using 'CodeIgniter\Session\Handlers\FileHandler' driver.
INFO - 2022-09-04 04:52:21 --> Controller "App\Controllers\base\Dashboard" loaded.
INFO - 2022-09-04 04:52:29 --> Session: Class initialized using 'CodeIgniter\Session\Handlers\FileHandler' driver.
INFO - 2022-09-04 04:52:29 --> Controller "App\Controllers\base\Dashboard" loaded.
INFO - 2022-09-04 04:52:36 --> Session: Class initialized using 'CodeIgniter\Session\Handlers\FileHandler' driver.
INFO - 2022-09-04 04:52:36 --> Controller "App\Controllers\base\Dashboard" loaded.
INFO - 2022-09-04 04:52:44 --> Controller "App\Controllers\base\Beranda" loaded.
INFO - 2022-09-04 04:53:34 --> Session: Class initialized using 'CodeIgniter\Session\Handlers\FileHandler' driver.
INFO - 2022-09-04 04:53:34 --> Controller "App\Controllers\base\Dashboard" loaded.
INFO - 2022-09-04 04:53:34 --> Session: Class initialized using 'CodeIgniter\Session\Handlers\FileHandler' driver.
INFO - 2022-09-04 04:53:34 --> Controller "App\Controllers\base\Dashboard" loaded.
INFO - 2022-09-04 04:53:44 --> Session: Class initialized using 'CodeIgniter\Session\Handlers\FileHandler' driver.
INFO - 2022-09-04 04:53:44 --> Controller "App\Controllers\base\Dashboard" loaded.
INFO - 2022-09-04 04:53:44 --> Session: Class initialized using 'CodeIgniter\Session\Handlers\FileHandler' driver.
INFO - 2022-09-04 04:53:44 --> Controller "App\Controllers\base\Dashboard" loaded.
INFO - 2022-09-04 04:53:45 --> Controller "App\Controllers\base\Beranda" loaded.
INFO - 2022-09-04 04:53:47 --> Session: Class initialized using 'CodeIgniter\Session\Handlers\FileHandler' driver.
INFO - 2022-09-04 04:53:47 --> Controller "App\Controllers\base\Dashboard" loaded.
INFO - 2022-09-04 04:54:02 --> Session: Class initialized using 'CodeIgniter\Session\Handlers\FileHandler' driver.
INFO - 2022-09-04 04:54:02 --> Controller "App\Controllers\base\Order" loaded.
INFO - 2022-09-04 04:54:02 --> Controller "App\Controllers\base\Beranda" loaded.
INFO - 2022-09-04 04:54:03 --> Session: Class initialized using 'CodeIgniter\Session\Handlers\FileHandler' driver.
INFO - 2022-09-04 04:54:03 --> Controller "App\Controllers\base\Dashboard" loaded.
INFO - 2022-09-04 04:54:06 --> Session: Class initialized using 'CodeIgniter\Session\Handlers\FileHandler' driver.
INFO - 2022-09-04 04:54:06 --> Controller "App\Controllers\base\Order" loaded.
INFO - 2022-09-04 04:54:06 --> Controller "App\Controllers\base\Beranda" loaded.
INFO - 2022-09-04 04:54:08 --> Session: Class initialized using 'CodeIgniter\Session\Handlers\FileHandler' driver.
INFO - 2022-09-04 04:54:08 --> Controller "App\Controllers\base\Dashboard" loaded.
INFO - 2022-09-04 04:54:17 --> Session: Class initialized using 'CodeIgniter\Session\Handlers\FileHandler' driver.
INFO - 2022-09-04 04:54:17 --> Controller "App\Controllers\base\Order" loaded.
INFO - 2022-09-04 04:54:17 --> Controller "App\Controllers\base\Beranda" loaded.
INFO - 2022-09-04 04:54:18 --> Session: Class initialized using 'CodeIgniter\Session\Handlers\FileHandler' driver.
INFO - 2022-09-04 04:54:18 --> Controller "App\Controllers\base\Dashboard" loaded.
INFO - 2022-09-04 04:55:47 --> Session: Class initialized using 'CodeIgniter\Session\Handlers\FileHandler' driver.
INFO - 2022-09-04 04:55:47 --> Controller "App\Controllers\base\Dashboard" loaded.
INFO - 2022-09-04 04:56:02 --> Session: Class initialized using 'CodeIgniter\Session\Handlers\FileHandler' driver.
INFO - 2022-09-04 04:56:02 --> Controller "App\Controllers\base\Order" loaded.
INFO - 2022-09-04 04:56:02 --> Controller "App\Controllers\base\Beranda" loaded.
INFO - 2022-09-04 04:56:10 --> Session: Class initialized using 'CodeIgniter\Session\Handlers\FileHandler' driver.
INFO - 2022-09-04 04:56:10 --> Controller "App\Controllers\base\Order" loaded.
INFO - 2022-09-04 04:56:10 --> Controller "App\Controllers\base\Beranda" loaded.
INFO - 2022-09-04 04:56:18 --> Session: Class initialized using 'CodeIgniter\Session\Handlers\FileHandler' driver.
INFO - 2022-09-04 04:56:18 --> Controller "App\Controllers\base\Dashboard" loaded.
INFO - 2022-09-04 04:56:31 --> Session: Class initialized using 'CodeIgniter\Session\Handlers\FileHandler' driver.
INFO - 2022-09-04 04:56:31 --> Controller "App\Controllers\base\Dashboard" loaded.
INFO - 2022-09-04 04:56:35 --> Session: Class initialized using 'CodeIgniter\Session\Handlers\FileHandler' driver.
INFO - 2022-09-04 04:56:35 --> Controller "App\Controllers\base\Dashboard" loaded.
INFO - 2022-09-04 04:56:35 --> Session: Class initialized using 'CodeIgniter\Session\Handlers\FileHandler' driver.
INFO - 2022-09-04 04:56:35 --> Controller "App\Controllers\base\Dashboard" loaded.
INFO - 2022-09-04 04:56:38 --> Session: Class initialized using 'CodeIgniter\Session\Handlers\FileHandler' driver.
INFO - 2022-09-04 04:56:38 --> Controller "App\Controllers\base\Dashboard" loaded.
INFO - 2022-09-04 04:56:39 --> Session: Class initialized using 'CodeIgniter\Session\Handlers\FileHandler' driver.
INFO - 2022-09-04 04:56:39 --> Controller "App\Controllers\base\Dashboard" loaded.
INFO - 2022-09-04 04:56:41 --> Controller "App\Controllers\base\Beranda" loaded.
INFO - 2022-09-04 04:58:35 --> Session: Class initialized using 'CodeIgniter\Session\Handlers\FileHandler' driver.
INFO - 2022-09-04 04:58:35 --> Controller "App\Controllers\base\Dashboard" loaded.
INFO - 2022-09-04 04:58:36 --> Controller "App\Controllers\base\Beranda" loaded.
INFO - 2022-09-04 04:58:53 --> Session: Class initialized using 'CodeIgniter\Session\Handlers\FileHandler' driver.
INFO - 2022-09-04 04:58:53 --> Controller "App\Controllers\base\Order" loaded.
INFO - 2022-09-04 04:58:54 --> Controller "App\Controllers\base\Beranda" loaded.
INFO - 2022-09-04 04:59:05 --> Controller "App\Controllers\base\Beranda" loaded.
INFO - 2022-09-04 04:59:13 --> Session: Class initialized using 'CodeIgniter\Session\Handlers\FileHandler' driver.
INFO - 2022-09-04 04:59:13 --> Controller "App\Controllers\base\Order" loaded.
INFO - 2022-09-04 04:59:13 --> Controller "App\Controllers\base\Beranda" loaded.
INFO - 2022-09-04 04:59:15 --> Controller "App\Controllers\base\Beranda" loaded.
INFO - 2022-09-04 05:02:16 --> Controller "App\Controllers\base\Beranda" loaded.
INFO - 2022-09-04 05:02:30 --> Controller "App\Controllers\base\Beranda" loaded.
INFO - 2022-09-04 05:02:32 --> Session: Class initialized using 'CodeIgniter\Session\Handlers\FileHandler' driver.
INFO - 2022-09-04 05:02:32 --> Controller "App\Controllers\base\Dashboard" loaded.
INFO - 2022-09-04 05:02:33 --> Session: Class initialized using 'CodeIgniter\Session\Handlers\FileHandler' driver.
INFO - 2022-09-04 05:02:33 --> Controller "App\Controllers\base\Dashboard" loaded.
INFO - 2022-09-04 05:02:33 --> Session: Class initialized using 'CodeIgniter\Session\Handlers\FileHandler' driver.
INFO - 2022-09-04 05:02:33 --> Controller "App\Controllers\base\Dashboard" loaded.
INFO - 2022-09-04 05:02:36 --> Session: Class initialized using 'CodeIgniter\Session\Handlers\FileHandler' driver.
INFO - 2022-09-04 05:02:36 --> Controller "App\Controllers\base\Dashboard" loaded.
INFO - 2022-09-04 05:03:53 --> Session: Class initialized using 'CodeIgniter\Session\Handlers\FileHandler' driver.
INFO - 2022-09-04 05:03:53 --> Controller "App\Controllers\base\Dashboard" loaded.
INFO - 2022-09-04 05:09:32 --> Session: Class initialized using 'CodeIgniter\Session\Handlers\FileHandler' driver.
INFO - 2022-09-04 05:09:32 --> Controller "App\Controllers\base\Dashboard" loaded.
INFO - 2022-09-04 05:09:35 --> Session: Class initialized using 'CodeIgniter\Session\Handlers\FileHandler' driver.
INFO - 2022-09-04 05:09:35 --> Controller "App\Controllers\base\Dashboard" loaded.
INFO - 2022-09-04 05:09:35 --> Session: Class initialized using 'CodeIgniter\Session\Handlers\FileHandler' driver.
INFO - 2022-09-04 05:09:36 --> Controller "App\Controllers\base\Dashboard" loaded.
INFO - 2022-09-04 05:09:37 --> Controller "App\Controllers\base\Beranda" loaded.
INFO - 2022-09-04 05:39:03 --> Controller "App\Controllers\base\Beranda" loaded.
INFO - 2022-09-04 05:39:04 --> Session: Class initialized using 'CodeIgniter\Session\Handlers\FileHandler' driver.
INFO - 2022-09-04 05:39:04 --> Controller "App\Controllers\base\Dashboard" loaded.
INFO - 2022-09-04 05:39:06 --> Session: Class initialized using 'CodeIgniter\Session\Handlers\FileHandler' driver.
INFO - 2022-09-04 05:39:06 --> Controller "App\Controllers\base\Lupa_password" loaded.
INFO - 2022-09-04 05:39:13 --> Session: Class initialized using 'CodeIgniter\Session\Handlers\FileHandler' driver.
INFO - 2022-09-04 05:39:13 --> Controller "App\Controllers\base\Lupa_password" loaded.
CRITICAL - 2022-09-04 05:39:13 --> You must set the database table to be used with your query.
#0 C:\xampp\htdocs\nikahkuy2\system\Model.php(1190): CodeIgniter\Database\BaseConnection->table(NULL)
#1 C:\xampp\htdocs\nikahkuy2\system\Model.php(1700): CodeIgniter\Model->builder()
#2 C:\xampp\htdocs\nikahkuy2\app\Controllers\base\Lupa_password.php(45): CodeIgniter\Model->__call('get_no_wa', Array)
#3 C:\xampp\htdocs\nikahkuy2\system\CodeIgniter.php(910): App\Controllers\base\Lupa_password->do_kirim()
#4 C:\xampp\htdocs\nikahkuy2\system\CodeIgniter.php(398): CodeIgniter\CodeIgniter->runController(Object(App\Controllers\base\Lupa_password))
#5 C:\xampp\htdocs\nikahkuy2\system\CodeIgniter.php(306): CodeIgniter\CodeIgniter->handleRequest(NULL, Object(Config\Cache), false)
#6 C:\xampp\htdocs\nikahkuy2\index.php(45): CodeIgniter\CodeIgniter->run()
#7 {main}
INFO - 2022-09-04 05:39:16 --> Session: Class initialized using 'CodeIgniter\Session\Handlers\FileHandler' driver.
INFO - 2022-09-04 05:39:16 --> Controller "App\Controllers\base\Lupa_password" loaded.
CRITICAL - 2022-09-04 05:39:16 --> You must set the database table to be used with your query.
#0 C:\xampp\htdocs\nikahkuy2\system\Model.php(1190): CodeIgniter\Database\BaseConnection->table(NULL)
#1 C:\xampp\htdocs\nikahkuy2\system\Model.php(1700): CodeIgniter\Model->builder()
#2 C:\xampp\htdocs\nikahkuy2\app\Controllers\base\Lupa_password.php(45): CodeIgniter\Model->__call('get_no_wa', Array)
#3 C:\xampp\htdocs\nikahkuy2\system\CodeIgniter.php(910): App\Controllers\base\Lupa_password->do_kirim()
#4 C:\xampp\htdocs\nikahkuy2\system\CodeIgniter.php(398): CodeIgniter\CodeIgniter->runController(Object(App\Controllers\base\Lupa_password))
#5 C:\xampp\htdocs\nikahkuy2\system\CodeIgniter.php(306): CodeIgniter\CodeIgniter->handleRequest(NULL, Object(Config\Cache), false)
#6 C:\xampp\htdocs\nikahkuy2\index.php(45): CodeIgniter\CodeIgniter->run()
#7 {main}
INFO - 2022-09-04 05:39:19 --> Session: Class initialized using 'CodeIgniter\Session\Handlers\FileHandler' driver.
INFO - 2022-09-04 05:39:19 --> Controller "App\Controllers\base\Lupa_password" loaded.
INFO - 2022-09-04 05:39:23 --> Session: Class initialized using 'CodeIgniter\Session\Handlers\FileHandler' driver.
INFO - 2022-09-04 05:39:23 --> Controller "App\Controllers\base\Lupa_password" loaded.
INFO - 2022-09-04 05:39:23 --> Session: Class initialized using 'CodeIgniter\Session\Handlers\FileHandler' driver.
INFO - 2022-09-04 05:39:23 --> Controller "App\Controllers\base\Lupa_password" loaded.
INFO - 2022-09-04 05:39:27 --> Session: Class initialized using 'CodeIgniter\Session\Handlers\FileHandler' driver.
INFO - 2022-09-04 05:39:27 --> Controller "App\Controllers\base\Lupa_password" loaded.
CRITICAL - 2022-09-04 05:39:27 --> You must set the database table to be used with your query.
#0 C:\xampp\htdocs\nikahkuy2\system\Model.php(1190): CodeIgniter\Database\BaseConnection->table(NULL)
#1 C:\xampp\htdocs\nikahkuy2\system\Model.php(1700): CodeIgniter\Model->builder()
#2 C:\xampp\htdocs\nikahkuy2\app\Controllers\base\Lupa_password.php(45): CodeIgniter\Model->__call('get_no_wa', Array)
#3 C:\xampp\htdocs\nikahkuy2\system\CodeIgniter.php(910): App\Controllers\base\Lupa_password->do_kirim()
#4 C:\xampp\htdocs\nikahkuy2\system\CodeIgniter.php(398): CodeIgniter\CodeIgniter->runController(Object(App\Controllers\base\Lupa_password))
#5 C:\xampp\htdocs\nikahkuy2\system\CodeIgniter.php(306): CodeIgniter\CodeIgniter->handleRequest(NULL, Object(Config\Cache), false)
#6 C:\xampp\htdocs\nikahkuy2\index.php(45): CodeIgniter\CodeIgniter->run()
#7 {main}
CRITICAL - 2022-09-04 05:44:36 --> syntax error, unexpected ''no_wa'' (T_CONSTANT_ENCAPSED_STRING), expecting identifier (T_STRING) or variable (T_VARIABLE) or '{' or '$'
#0 C:\xampp\htdocs\nikahkuy2\system\Autoloader\Autoloader.php(296): CodeIgniter\Autoloader\Autoloader->requireFile('C:\\xampp\\htdocs...')
#1 C:\xampp\htdocs\nikahkuy2\system\Autoloader\Autoloader.php(258): CodeIgniter\Autoloader\Autoloader->loadInNamespace('App\\Controllers...')
#2 [internal function]: CodeIgniter\Autoloader\Autoloader->loadClass('App\\Controllers...')
#3 [internal function]: spl_autoload_call('App\\Controllers...')
#4 C:\xampp\htdocs\nikahkuy2\system\CodeIgniter.php(861): class_exists('\\App\\Controller...', true)
#5 C:\xampp\htdocs\nikahkuy2\system\CodeIgniter.php(388): CodeIgniter\CodeIgniter->startController()
#6 C:\xampp\htdocs\nikahkuy2\system\CodeIgniter.php(306): CodeIgniter\CodeIgniter->handleRequest(NULL, Object(Config\Cache), false)
#7 C:\xampp\htdocs\nikahkuy2\index.php(45): CodeIgniter\CodeIgniter->run()
#8 {main}
CRITICAL - 2022-09-04 05:44:37 --> syntax error, unexpected ''no_wa'' (T_CONSTANT_ENCAPSED_STRING), expecting identifier (T_STRING) or variable (T_VARIABLE) or '{' or '$'
#0 C:\xampp\htdocs\nikahkuy2\system\Autoloader\Autoloader.php(296): CodeIgniter\Autoloader\Autoloader->requireFile('C:\\xampp\\htdocs...')
#1 C:\xampp\htdocs\nikahkuy2\system\Autoloader\Autoloader.php(258): CodeIgniter\Autoloader\Autoloader->loadInNamespace('App\\Controllers...')
#2 [internal function]: CodeIgniter\Autoloader\Autoloader->loadClass('App\\Controllers...')
#3 [internal function]: spl_autoload_call('App\\Controllers...')
#4 C:\xampp\htdocs\nikahkuy2\system\CodeIgniter.php(861): class_exists('\\App\\Controller...', true)
#5 C:\xampp\htdocs\nikahkuy2\system\CodeIgniter.php(388): CodeIgniter\CodeIgniter->startController()
#6 C:\xampp\htdocs\nikahkuy2\system\CodeIgniter.php(306): CodeIgniter\CodeIgniter->handleRequest(NULL, Object(Config\Cache), false)
#7 C:\xampp\htdocs\nikahkuy2\index.php(45): CodeIgniter\CodeIgniter->run()
#8 {main}
CRITICAL - 2022-09-04 05:44:39 --> syntax error, unexpected ''no_wa'' (T_CONSTANT_ENCAPSED_STRING), expecting identifier (T_STRING) or variable (T_VARIABLE) or '{' or '$'
#0 C:\xampp\htdocs\nikahkuy2\system\Autoloader\Autoloader.php(296): CodeIgniter\Autoloader\Autoloader->requireFile('C:\\xampp\\htdocs...')
#1 C:\xampp\htdocs\nikahkuy2\system\Autoloader\Autoloader.php(258): CodeIgniter\Autoloader\Autoloader->loadInNamespace('App\\Controllers...')
#2 [internal function]: CodeIgniter\Autoloader\Autoloader->loadClass('App\\Controllers...')
#3 [internal function]: spl_autoload_call('App\\Controllers...')
#4 C:\xampp\htdocs\nikahkuy2\system\CodeIgniter.php(861): class_exists('\\App\\Controller...', true)
#5 C:\xampp\htdocs\nikahkuy2\system\CodeIgniter.php(388): CodeIgniter\CodeIgniter->startController()
#6 C:\xampp\htdocs\nikahkuy2\system\CodeIgniter.php(306): CodeIgniter\CodeIgniter->handleRequest(NULL, Object(Config\Cache), false)
#7 C:\xampp\htdocs\nikahkuy2\index.php(45): CodeIgniter\CodeIgniter->run()
#8 {main}
CRITICAL - 2022-09-04 05:44:40 --> syntax error, unexpected ''no_wa'' (T_CONSTANT_ENCAPSED_STRING), expecting identifier (T_STRING) or variable (T_VARIABLE) or '{' or '$'
#0 C:\xampp\htdocs\nikahkuy2\system\Autoloader\Autoloader.php(296): CodeIgniter\Autoloader\Autoloader->requireFile('C:\\xampp\\htdocs...')
#1 C:\xampp\htdocs\nikahkuy2\system\Autoloader\Autoloader.php(258): CodeIgniter\Autoloader\Autoloader->loadInNamespace('App\\Controllers...')
#2 [internal function]: CodeIgniter\Autoloader\Autoloader->loadClass('App\\Controllers...')
#3 [internal function]: spl_autoload_call('App\\Controllers...')
#4 C:\xampp\htdocs\nikahkuy2\system\CodeIgniter.php(861): class_exists('\\App\\Controller...', true)
#5 C:\xampp\htdocs\nikahkuy2\system\CodeIgniter.php(388): CodeIgniter\CodeIgniter->startController()
#6 C:\xampp\htdocs\nikahkuy2\system\CodeIgniter.php(306): CodeIgniter\CodeIgniter->handleRequest(NULL, Object(Config\Cache), false)
#7 C:\xampp\htdocs\nikahkuy2\index.php(45): CodeIgniter\CodeIgniter->run()
#8 {main}
CRITICAL - 2022-09-04 05:44:41 --> syntax error, unexpected ''no_wa'' (T_CONSTANT_ENCAPSED_STRING), expecting identifier (T_STRING) or variable (T_VARIABLE) or '{' or '$'
#0 C:\xampp\htdocs\nikahkuy2\system\Autoloader\Autoloader.php(296): CodeIgniter\Autoloader\Autoloader->requireFile('C:\\xampp\\htdocs...')
#1 C:\xampp\htdocs\nikahkuy2\system\Autoloader\Autoloader.php(258): CodeIgniter\Autoloader\Autoloader->loadInNamespace('App\\Controllers...')
#2 [internal function]: CodeIgniter\Autoloader\Autoloader->loadClass('App\\Controllers...')
#3 [internal function]: spl_autoload_call('App\\Controllers...')
#4 C:\xampp\htdocs\nikahkuy2\system\CodeIgniter.php(861): class_exists('\\App\\Controller...', true)
#5 C:\xampp\htdocs\nikahkuy2\system\CodeIgniter.php(388): CodeIgniter\CodeIgniter->startController()
#6 C:\xampp\htdocs\nikahkuy2\system\CodeIgniter.php(306): CodeIgniter\CodeIgniter->handleRequest(NULL, Object(Config\Cache), false)
#7 C:\xampp\htdocs\nikahkuy2\index.php(45): CodeIgniter\CodeIgniter->run()
#8 {main}
CRITICAL - 2022-09-04 05:44:41 --> syntax error, unexpected ''no_wa'' (T_CONSTANT_ENCAPSED_STRING), expecting identifier (T_STRING) or variable (T_VARIABLE) or '{' or '$'
#0 C:\xampp\htdocs\nikahkuy2\system\Autoloader\Autoloader.php(296): CodeIgniter\Autoloader\Autoloader->requireFile('C:\\xampp\\htdocs...')
#1 C:\xampp\htdocs\nikahkuy2\system\Autoloader\Autoloader.php(258): CodeIgniter\Autoloader\Autoloader->loadInNamespace('App\\Controllers...')
#2 [internal function]: CodeIgniter\Autoloader\Autoloader->loadClass('App\\Controllers...')
#3 [internal function]: spl_autoload_call('App\\Controllers...')
#4 C:\xampp\htdocs\nikahkuy2\system\CodeIgniter.php(861): class_exists('\\App\\Controller...', true)
#5 C:\xampp\htdocs\nikahkuy2\system\CodeIgniter.php(388): CodeIgniter\CodeIgniter->startController()
#6 C:\xampp\htdocs\nikahkuy2\system\CodeIgniter.php(306): CodeIgniter\CodeIgniter->handleRequest(NULL, Object(Config\Cache), false)
#7 C:\xampp\htdocs\nikahkuy2\index.php(45): CodeIgniter\CodeIgniter->run()
#8 {main}
CRITICAL - 2022-09-04 05:44:41 --> syntax error, unexpected ''no_wa'' (T_CONSTANT_ENCAPSED_STRING), expecting identifier (T_STRING) or variable (T_VARIABLE) or '{' or '$'
#0 C:\xampp\htdocs\nikahkuy2\system\Autoloader\Autoloader.php(296): CodeIgniter\Autoloader\Autoloader->requireFile('C:\\xampp\\htdocs...')
#1 C:\xampp\htdocs\nikahkuy2\system\Autoloader\Autoloader.php(258): CodeIgniter\Autoloader\Autoloader->loadInNamespace('App\\Controllers...')
#2 [internal function]: CodeIgniter\Autoloader\Autoloader->loadClass('App\\Controllers...')
#3 [internal function]: spl_autoload_call('App\\Controllers...')
#4 C:\xampp\htdocs\nikahkuy2\system\CodeIgniter.php(861): class_exists('\\App\\Controller...', true)
#5 C:\xampp\htdocs\nikahkuy2\system\CodeIgniter.php(388): CodeIgniter\CodeIgniter->startController()
#6 C:\xampp\htdocs\nikahkuy2\system\CodeIgniter.php(306): CodeIgniter\CodeIgniter->handleRequest(NULL, Object(Config\Cache), false)
#7 C:\xampp\htdocs\nikahkuy2\index.php(45): CodeIgniter\CodeIgniter->run()
#8 {main}
CRITICAL - 2022-09-04 05:46:43 --> syntax error, unexpected 'else' (T_ELSE)
#0 C:\xampp\htdocs\nikahkuy2\system\Autoloader\Autoloader.php(296): CodeIgniter\Autoloader\Autoloader->requireFile('C:\\xampp\\htdocs...')
#1 C:\xampp\htdocs\nikahkuy2\system\Autoloader\Autoloader.php(258): CodeIgniter\Autoloader\Autoloader->loadInNamespace('App\\Controllers...')
#2 [internal function]: CodeIgniter\Autoloader\Autoloader->loadClass('App\\Controllers...')
#3 [internal function]: spl_autoload_call('App\\Controllers...')
#4 C:\xampp\htdocs\nikahkuy2\system\CodeIgniter.php(861): class_exists('\\App\\Controller...', true)
#5 C:\xampp\htdocs\nikahkuy2\system\CodeIgniter.php(388): CodeIgniter\CodeIgniter->startController()
#6 C:\xampp\htdocs\nikahkuy2\system\CodeIgniter.php(306): CodeIgniter\CodeIgniter->handleRequest(NULL, Object(Config\Cache), false)
#7 C:\xampp\htdocs\nikahkuy2\index.php(45): CodeIgniter\CodeIgniter->run()
#8 {main}
CRITICAL - 2022-09-04 05:46:44 --> syntax error, unexpected 'else' (T_ELSE)
#0 C:\xampp\htdocs\nikahkuy2\system\Autoloader\Autoloader.php(296): CodeIgniter\Autoloader\Autoloader->requireFile('C:\\xampp\\htdocs...')
#1 C:\xampp\htdocs\nikahkuy2\system\Autoloader\Autoloader.php(258): CodeIgniter\Autoloader\Autoloader->loadInNamespace('App\\Controllers...')
#2 [internal function]: CodeIgniter\Autoloader\Autoloader->loadClass('App\\Controllers...')
#3 [internal function]: spl_autoload_call('App\\Controllers...')
#4 C:\xampp\htdocs\nikahkuy2\system\CodeIgniter.php(861): class_exists('\\App\\Controller...', true)
#5 C:\xampp\htdocs\nikahkuy2\system\CodeIgniter.php(388): CodeIgniter\CodeIgniter->startController()
#6 C:\xampp\htdocs\nikahkuy2\system\CodeIgniter.php(306): CodeIgniter\CodeIgniter->handleRequest(NULL, Object(Config\Cache), false)
#7 C:\xampp\htdocs\nikahkuy2\index.php(45): CodeIgniter\CodeIgniter->run()
#8 {main}
CRITICAL - 2022-09-04 05:47:18 --> syntax error, unexpected 'else' (T_ELSE)
#0 C:\xampp\htdocs\nikahkuy2\system\Autoloader\Autoloader.php(296): CodeIgniter\Autoloader\Autoloader->requireFile('C:\\xampp\\htdocs...')
#1 C:\xampp\htdocs\nikahkuy2\system\Autoloader\Autoloader.php(258): CodeIgniter\Autoloader\Autoloader->loadInNamespace('App\\Controllers...')
#2 [internal function]: CodeIgniter\Autoloader\Autoloader->loadClass('App\\Controllers...')
#3 [internal function]: spl_autoload_call('App\\Controllers...')
#4 C:\xampp\htdocs\nikahkuy2\system\CodeIgniter.php(861): class_exists('\\App\\Controller...', true)
#5 C:\xampp\htdocs\nikahkuy2\system\CodeIgniter.php(388): CodeIgniter\CodeIgniter->startController()
#6 C:\xampp\htdocs\nikahkuy2\system\CodeIgniter.php(306): CodeIgniter\CodeIgniter->handleRequest(NULL, Object(Config\Cache), false)
#7 C:\xampp\htdocs\nikahkuy2\index.php(45): CodeIgniter\CodeIgniter->run()
#8 {main}
CRITICAL - 2022-09-04 05:47:18 --> syntax error, unexpected 'else' (T_ELSE)
#0 C:\xampp\htdocs\nikahkuy2\system\Autoloader\Autoloader.php(296): CodeIgniter\Autoloader\Autoloader->requireFile('C:\\xampp\\htdocs...')
#1 C:\xampp\htdocs\nikahkuy2\system\Autoloader\Autoloader.php(258): CodeIgniter\Autoloader\Autoloader->loadInNamespace('App\\Controllers...')
#2 [internal function]: CodeIgniter\Autoloader\Autoloader->loadClass('App\\Controllers...')
#3 [internal function]: spl_autoload_call('App\\Controllers...')
#4 C:\xampp\htdocs\nikahkuy2\system\CodeIgniter.php(861): class_exists('\\App\\Controller...', true)
#5 C:\xampp\htdocs\nikahkuy2\system\CodeIgniter.php(388): CodeIgniter\CodeIgniter->startController()
#6 C:\xampp\htdocs\nikahkuy2\system\CodeIgniter.php(306): CodeIgniter\CodeIgniter->handleRequest(NULL, Object(Config\Cache), false)
#7 C:\xampp\htdocs\nikahkuy2\index.php(45): CodeIgniter\CodeIgniter->run()
#8 {main}
CRITICAL - 2022-09-04 05:47:18 --> syntax error, unexpected 'else' (T_ELSE)
#0 C:\xampp\htdocs\nikahkuy2\system\Autoloader\Autoloader.php(296): CodeIgniter\Autoloader\Autoloader->requireFile('C:\\xampp\\htdocs...')
#1 C:\xampp\htdocs\nikahkuy2\system\Autoloader\Autoloader.php(258): CodeIgniter\Autoloader\Autoloader->loadInNamespace('App\\Controllers...')
#2 [internal function]: CodeIgniter\Autoloader\Autoloader->loadClass('App\\Controllers...')
#3 [internal function]: spl_autoload_call('App\\Controllers...')
#4 C:\xampp\htdocs\nikahkuy2\system\CodeIgniter.php(861): class_exists('\\App\\Controller...', true)
#5 C:\xampp\htdocs\nikahkuy2\system\CodeIgniter.php(388): CodeIgniter\CodeIgniter->startController()
#6 C:\xampp\htdocs\nikahkuy2\system\CodeIgniter.php(306): CodeIgniter\CodeIgniter->handleRequest(NULL, Object(Config\Cache), false)
#7 C:\xampp\htdocs\nikahkuy2\index.php(45): CodeIgniter\CodeIgniter->run()
#8 {main}
CRITICAL - 2022-09-04 05:47:19 --> syntax error, unexpected 'else' (T_ELSE)
#0 C:\xampp\htdocs\nikahkuy2\system\Autoloader\Autoloader.php(296): CodeIgniter\Autoloader\Autoloader->requireFile('C:\\xampp\\htdocs...')
#1 C:\xampp\htdocs\nikahkuy2\system\Autoloader\Autoloader.php(258): CodeIgniter\Autoloader\Autoloader->loadInNamespace('App\\Controllers...')
#2 [internal function]: CodeIgniter\Autoloader\Autoloader->loadClass('App\\Controllers...')
#3 [internal function]: spl_autoload_call('App\\Controllers...')
#4 C:\xampp\htdocs\nikahkuy2\system\CodeIgniter.php(861): class_exists('\\App\\Controller...', true)
#5 C:\xampp\htdocs\nikahkuy2\system\CodeIgniter.php(388): CodeIgniter\CodeIgniter->startController()
#6 C:\xampp\htdocs\nikahkuy2\system\CodeIgniter.php(306): CodeIgniter\CodeIgniter->handleRequest(NULL, Object(Config\Cache), false)
#7 C:\xampp\htdocs\nikahkuy2\index.php(45): CodeIgniter\CodeIgniter->run()
#8 {main}
INFO - 2022-09-04 05:47:22 --> Controller "App\Controllers\base\Beranda" loaded.
INFO - 2022-09-04 05:47:23 --> Session: Class initialized using 'CodeIgniter\Session\Handlers\FileHandler' driver.
INFO - 2022-09-04 05:47:23 --> Controller "App\Controllers\base\Dashboard" loaded.
CRITICAL - 2022-09-04 05:47:25 --> syntax error, unexpected 'else' (T_ELSE)
#0 C:\xampp\htdocs\nikahkuy2\system\Autoloader\Autoloader.php(296): CodeIgniter\Autoloader\Autoloader->requireFile('C:\\xampp\\htdocs...')
#1 C:\xampp\htdocs\nikahkuy2\system\Autoloader\Autoloader.php(258): CodeIgniter\Autoloader\Autoloader->loadInNamespace('App\\Controllers...')
#2 [internal function]: CodeIgniter\Autoloader\Autoloader->loadClass('App\\Controllers...')
#3 [internal function]: spl_autoload_call('App\\Controllers...')
#4 C:\xampp\htdocs\nikahkuy2\system\CodeIgniter.php(861): class_exists('\\App\\Controller...', true)
#5 C:\xampp\htdocs\nikahkuy2\system\CodeIgniter.php(388): CodeIgniter\CodeIgniter->startController()
#6 C:\xampp\htdocs\nikahkuy2\system\CodeIgniter.php(306): CodeIgniter\CodeIgniter->handleRequest(NULL, Object(Config\Cache), false)
#7 C:\xampp\htdocs\nikahkuy2\index.php(45): CodeIgniter\CodeIgniter->run()
#8 {main}
CRITICAL - 2022-09-04 05:47:27 --> syntax error, unexpected 'else' (T_ELSE)
#0 C:\xampp\htdocs\nikahkuy2\system\Autoloader\Autoloader.php(296): CodeIgniter\Autoloader\Autoloader->requireFile('C:\\xampp\\htdocs...')
#1 C:\xampp\htdocs\nikahkuy2\system\Autoloader\Autoloader.php(258): CodeIgniter\Autoloader\Autoloader->loadInNamespace('App\\Controllers...')
#2 [internal function]: CodeIgniter\Autoloader\Autoloader->loadClass('App\\Controllers...')
#3 [internal function]: spl_autoload_call('App\\Controllers...')
#4 C:\xampp\htdocs\nikahkuy2\system\CodeIgniter.php(861): class_exists('\\App\\Controller...', true)
#5 C:\xampp\htdocs\nikahkuy2\system\CodeIgniter.php(388): CodeIgniter\CodeIgniter->startController()
#6 C:\xampp\htdocs\nikahkuy2\system\CodeIgniter.php(306): CodeIgniter\CodeIgniter->handleRequest(NULL, Object(Config\Cache), false)
#7 C:\xampp\htdocs\nikahkuy2\index.php(45): CodeIgniter\CodeIgniter->run()
#8 {main}
INFO - 2022-09-04 05:47:35 --> Session: Class initialized using 'CodeIgniter\Session\Handlers\FileHandler' driver.
INFO - 2022-09-04 05:47:35 --> Controller "App\Controllers\base\Lupa_password" loaded.
INFO - 2022-09-04 05:55:26 --> Session: Class initialized using 'CodeIgniter\Session\Handlers\FileHandler' driver.
INFO - 2022-09-04 05:55:26 --> Controller "App\Controllers\base\Lupa_password" loaded.
INFO - 2022-09-04 05:55:34 --> Session: Class initialized using 'CodeIgniter\Session\Handlers\FileHandler' driver.
INFO - 2022-09-04 05:55:34 --> Controller "App\Controllers\base\Lupa_password" loaded.
CRITICAL - 2022-09-04 05:55:34 --> Call to a member function get_setting() on null
#0 C:\xampp\htdocs\nikahkuy2\system\CodeIgniter.php(910): App\Controllers\base\Lupa_password->do_kirim()
#1 C:\xampp\htdocs\nikahkuy2\system\CodeIgniter.php(398): CodeIgniter\CodeIgniter->runController(Object(App\Controllers\base\Lupa_password))
#2 C:\xampp\htdocs\nikahkuy2\system\CodeIgniter.php(306): CodeIgniter\CodeIgniter->handleRequest(NULL, Object(Config\Cache), false)
#3 C:\xampp\htdocs\nikahkuy2\index.php(45): CodeIgniter\CodeIgniter->run()
#4 {main}
INFO - 2022-09-04 05:55:37 --> Session: Class initialized using 'CodeIgniter\Session\Handlers\FileHandler' driver.
INFO - 2022-09-04 05:55:37 --> Controller "App\Controllers\base\Lupa_password" loaded.
CRITICAL - 2022-09-04 05:55:37 --> Call to a member function get_setting() on null
#0 C:\xampp\htdocs\nikahkuy2\system\CodeIgniter.php(910): App\Controllers\base\Lupa_password->do_kirim()
#1 C:\xampp\htdocs\nikahkuy2\system\CodeIgniter.php(398): CodeIgniter\CodeIgniter->runController(Object(App\Controllers\base\Lupa_password))
#2 C:\xampp\htdocs\nikahkuy2\system\CodeIgniter.php(306): CodeIgniter\CodeIgniter->handleRequest(NULL, Object(Config\Cache), false)
#3 C:\xampp\htdocs\nikahkuy2\index.php(45): CodeIgniter\CodeIgniter->run()
#4 {main}
CRITICAL - 2022-09-04 05:56:49 --> syntax error, unexpected 'as' (T_AS)
#0 C:\xampp\htdocs\nikahkuy2\system\Autoloader\Autoloader.php(296): CodeIgniter\Autoloader\Autoloader->requireFile('C:\\xampp\\htdocs...')
#1 C:\xampp\htdocs\nikahkuy2\system\Autoloader\Autoloader.php(258): CodeIgniter\Autoloader\Autoloader->loadInNamespace('App\\Controllers...')
#2 [internal function]: CodeIgniter\Autoloader\Autoloader->loadClass('App\\Controllers...')
#3 [internal function]: spl_autoload_call('App\\Controllers...')
#4 C:\xampp\htdocs\nikahkuy2\system\CodeIgniter.php(861): class_exists('\\App\\Controller...', true)
#5 C:\xampp\htdocs\nikahkuy2\system\CodeIgniter.php(388): CodeIgniter\CodeIgniter->startController()
#6 C:\xampp\htdocs\nikahkuy2\system\CodeIgniter.php(306): CodeIgniter\CodeIgniter->handleRequest(NULL, Object(Config\Cache), false)
#7 C:\xampp\htdocs\nikahkuy2\index.php(45): CodeIgniter\CodeIgniter->run()
#8 {main}
CRITICAL - 2022-09-04 05:56:50 --> syntax error, unexpected 'as' (T_AS)
#0 C:\xampp\htdocs\nikahkuy2\system\Autoloader\Autoloader.php(296): CodeIgniter\Autoloader\Autoloader->requireFile('C:\\xampp\\htdocs...')
#1 C:\xampp\htdocs\nikahkuy2\system\Autoloader\Autoloader.php(258): CodeIgniter\Autoloader\Autoloader->loadInNamespace('App\\Controllers...')
#2 [internal function]: CodeIgniter\Autoloader\Autoloader->loadClass('App\\Controllers...')
#3 [internal function]: spl_autoload_call('App\\Controllers...')
#4 C:\xampp\htdocs\nikahkuy2\system\CodeIgniter.php(861): class_exists('\\App\\Controller...', true)
#5 C:\xampp\htdocs\nikahkuy2\system\CodeIgniter.php(388): CodeIgniter\CodeIgniter->startController()
#6 C:\xampp\htdocs\nikahkuy2\system\CodeIgniter.php(306): CodeIgniter\CodeIgniter->handleRequest(NULL, Object(Config\Cache), false)
#7 C:\xampp\htdocs\nikahkuy2\index.php(45): CodeIgniter\CodeIgniter->run()
#8 {main}
CRITICAL - 2022-09-04 05:56:52 --> syntax error, unexpected 'as' (T_AS)
#0 C:\xampp\htdocs\nikahkuy2\system\Autoloader\Autoloader.php(296): CodeIgniter\Autoloader\Autoloader->requireFile('C:\\xampp\\htdocs...')
#1 C:\xampp\htdocs\nikahkuy2\system\Autoloader\Autoloader.php(258): CodeIgniter\Autoloader\Autoloader->loadInNamespace('App\\Controllers...')
#2 [internal function]: CodeIgniter\Autoloader\Autoloader->loadClass('App\\Controllers...')
#3 [internal function]: spl_autoload_call('App\\Controllers...')
#4 C:\xampp\htdocs\nikahkuy2\system\CodeIgniter.php(861): class_exists('\\App\\Controller...', true)
#5 C:\xampp\htdocs\nikahkuy2\system\CodeIgniter.php(388): CodeIgniter\CodeIgniter->startController()
#6 C:\xampp\htdocs\nikahkuy2\system\CodeIgniter.php(306): CodeIgniter\CodeIgniter->handleRequest(NULL, Object(Config\Cache), false)
#7 C:\xampp\htdocs\nikahkuy2\index.php(45): CodeIgniter\CodeIgniter->run()
#8 {main}
CRITICAL - 2022-09-04 05:57:12 --> syntax error, unexpected 'as' (T_AS)
#0 C:\xampp\htdocs\nikahkuy2\system\Autoloader\Autoloader.php(296): CodeIgniter\Autoloader\Autoloader->requireFile('C:\\xampp\\htdocs...')
#1 C:\xampp\htdocs\nikahkuy2\system\Autoloader\Autoloader.php(258): CodeIgniter\Autoloader\Autoloader->loadInNamespace('App\\Controllers...')
#2 [internal function]: CodeIgniter\Autoloader\Autoloader->loadClass('App\\Controllers...')
#3 [internal function]: spl_autoload_call('App\\Controllers...')
#4 C:\xampp\htdocs\nikahkuy2\system\CodeIgniter.php(861): class_exists('\\App\\Controller...', true)
#5 C:\xampp\htdocs\nikahkuy2\system\CodeIgniter.php(388): CodeIgniter\CodeIgniter->startController()
#6 C:\xampp\htdocs\nikahkuy2\system\CodeIgniter.php(306): CodeIgniter\CodeIgniter->handleRequest(NULL, Object(Config\Cache), false)
#7 C:\xampp\htdocs\nikahkuy2\index.php(45): CodeIgniter\CodeIgniter->run()
#8 {main}
CRITICAL - 2022-09-04 05:57:13 --> syntax error, unexpected 'as' (T_AS)
#0 C:\xampp\htdocs\nikahkuy2\system\Autoloader\Autoloader.php(296): CodeIgniter\Autoloader\Autoloader->requireFile('C:\\xampp\\htdocs...')
#1 C:\xampp\htdocs\nikahkuy2\system\Autoloader\Autoloader.php(258): CodeIgniter\Autoloader\Autoloader->loadInNamespace('App\\Controllers...')
#2 [internal function]: CodeIgniter\Autoloader\Autoloader->loadClass('App\\Controllers...')
#3 [internal function]: spl_autoload_call('App\\Controllers...')
#4 C:\xampp\htdocs\nikahkuy2\system\CodeIgniter.php(861): class_exists('\\App\\Controller...', true)
#5 C:\xampp\htdocs\nikahkuy2\system\CodeIgniter.php(388): CodeIgniter\CodeIgniter->startController()
#6 C:\xampp\htdocs\nikahkuy2\system\CodeIgniter.php(306): CodeIgniter\CodeIgniter->handleRequest(NULL, Object(Config\Cache), false)
#7 C:\xampp\htdocs\nikahkuy2\index.php(45): CodeIgniter\CodeIgniter->run()
#8 {main}
CRITICAL - 2022-09-04 05:57:14 --> syntax error, unexpected 'as' (T_AS)
#0 C:\xampp\htdocs\nikahkuy2\system\Autoloader\Autoloader.php(296): CodeIgniter\Autoloader\Autoloader->requireFile('C:\\xampp\\htdocs...')
#1 C:\xampp\htdocs\nikahkuy2\system\Autoloader\Autoloader.php(258): CodeIgniter\Autoloader\Autoloader->loadInNamespace('App\\Controllers...')
#2 [internal function]: CodeIgniter\Autoloader\Autoloader->loadClass('App\\Controllers...')
#3 [internal function]: spl_autoload_call('App\\Controllers...')
#4 C:\xampp\htdocs\nikahkuy2\system\CodeIgniter.php(861): class_exists('\\App\\Controller...', true)
#5 C:\xampp\htdocs\nikahkuy2\system\CodeIgniter.php(388): CodeIgniter\CodeIgniter->startController()
#6 C:\xampp\htdocs\nikahkuy2\system\CodeIgniter.php(306): CodeIgniter\CodeIgniter->handleRequest(NULL, Object(Config\Cache), false)
#7 C:\xampp\htdocs\nikahkuy2\index.php(45): CodeIgniter\CodeIgniter->run()
#8 {main}
CRITICAL - 2022-09-04 05:57:14 --> syntax error, unexpected 'as' (T_AS)
#0 C:\xampp\htdocs\nikahkuy2\system\Autoloader\Autoloader.php(296): CodeIgniter\Autoloader\Autoloader->requireFile('C:\\xampp\\htdocs...')
#1 C:\xampp\htdocs\nikahkuy2\system\Autoloader\Autoloader.php(258): CodeIgniter\Autoloader\Autoloader->loadInNamespace('App\\Controllers...')
#2 [internal function]: CodeIgniter\Autoloader\Autoloader->loadClass('App\\Controllers...')
#3 [internal function]: spl_autoload_call('App\\Controllers...')
#4 C:\xampp\htdocs\nikahkuy2\system\CodeIgniter.php(861): class_exists('\\App\\Controller...', true)
#5 C:\xampp\htdocs\nikahkuy2\system\CodeIgniter.php(388): CodeIgniter\CodeIgniter->startController()
#6 C:\xampp\htdocs\nikahkuy2\system\CodeIgniter.php(306): CodeIgniter\CodeIgniter->handleRequest(NULL, Object(Config\Cache), false)
#7 C:\xampp\htdocs\nikahkuy2\index.php(45): CodeIgniter\CodeIgniter->run()
#8 {main}
INFO - 2022-09-04 05:58:20 --> Session: Class initialized using 'CodeIgniter\Session\Handlers\FileHandler' driver.
INFO - 2022-09-04 05:58:20 --> Controller "App\Controllers\base\Lupa_password" loaded.
INFO - 2022-09-04 05:58:24 --> Session: Class initialized using 'CodeIgniter\Session\Handlers\FileHandler' driver.
INFO - 2022-09-04 05:58:24 --> Controller "App\Controllers\base\Lupa_password" loaded.
CRITICAL - 2022-09-04 05:58:24 --> Call to a member function get_setting_no_wa() on null
#0 C:\xampp\htdocs\nikahkuy2\system\CodeIgniter.php(910): App\Controllers\base\Lupa_password->do_kirim()
#1 C:\xampp\htdocs\nikahkuy2\system\CodeIgniter.php(398): CodeIgniter\CodeIgniter->runController(Object(App\Controllers\base\Lupa_password))
#2 C:\xampp\htdocs\nikahkuy2\system\CodeIgniter.php(306): CodeIgniter\CodeIgniter->handleRequest(NULL, Object(Config\Cache), false)
#3 C:\xampp\htdocs\nikahkuy2\index.php(45): CodeIgniter\CodeIgniter->run()
#4 {main}
INFO - 2022-09-04 05:58:28 --> Session: Class initialized using 'CodeIgniter\Session\Handlers\FileHandler' driver.
INFO - 2022-09-04 05:58:29 --> Controller "App\Controllers\base\Lupa_password" loaded.
CRITICAL - 2022-09-04 05:58:29 --> Call to a member function get_setting_no_wa() on null
#0 C:\xampp\htdocs\nikahkuy2\system\CodeIgniter.php(910): App\Controllers\base\Lupa_password->do_kirim()
#1 C:\xampp\htdocs\nikahkuy2\system\CodeIgniter.php(398): CodeIgniter\CodeIgniter->runController(Object(App\Controllers\base\Lupa_password))
#2 C:\xampp\htdocs\nikahkuy2\system\CodeIgniter.php(306): CodeIgniter\CodeIgniter->handleRequest(NULL, Object(Config\Cache), false)
#3 C:\xampp\htdocs\nikahkuy2\index.php(45): CodeIgniter\CodeIgniter->run()
#4 {main}
INFO - 2022-09-04 05:58:30 --> Session: Class initialized using 'CodeIgniter\Session\Handlers\FileHandler' driver.
INFO - 2022-09-04 05:58:30 --> Controller "App\Controllers\base\Lupa_password" loaded.
INFO - 2022-09-04 05:58:40 --> Session: Class initialized using 'CodeIgniter\Session\Handlers\FileHandler' driver.
INFO - 2022-09-04 05:58:40 --> Controller "App\Controllers\base\Lupa_password" loaded.
INFO - 2022-09-04 05:58:42 --> Session: Class initialized using 'CodeIgniter\Session\Handlers\FileHandler' driver.
INFO - 2022-09-04 05:58:42 --> Controller "App\Controllers\base\Lupa_password" loaded.
INFO - 2022-09-04 05:58:44 --> Session: Class initialized using 'CodeIgniter\Session\Handlers\FileHandler' driver.
INFO - 2022-09-04 05:58:44 --> Controller "App\Controllers\base\Lupa_password" loaded.
INFO - 2022-09-04 05:58:44 --> Session: Class initialized using 'CodeIgniter\Session\Handlers\FileHandler' driver.
INFO - 2022-09-04 05:58:44 --> Controller "App\Controllers\base\Lupa_password" loaded.
INFO - 2022-09-04 06:00:03 --> Session: Class initialized using 'CodeIgniter\Session\Handlers\FileHandler' driver.
INFO - 2022-09-04 06:00:03 --> Controller "App\Controllers\base\Lupa_password" loaded.
INFO - 2022-09-04 06:00:06 --> Session: Class initialized using 'CodeIgniter\Session\Handlers\FileHandler' driver.
INFO - 2022-09-04 06:00:06 --> Controller "App\Controllers\base\Lupa_password" loaded.
INFO - 2022-09-04 06:00:06 --> Session: Class initialized using 'CodeIgniter\Session\Handlers\FileHandler' driver.
INFO - 2022-09-04 06:00:06 --> Controller "App\Controllers\base\Lupa_password" loaded.
INFO - 2022-09-04 06:05:11 --> Session: Class initialized using 'CodeIgniter\Session\Handlers\FileHandler' driver.
INFO - 2022-09-04 06:05:12 --> Controller "App\Controllers\base\Lupa_password" loaded.
INFO - 2022-09-04 06:05:13 --> Controller "App\Controllers\base\Beranda" loaded.
INFO - 2022-09-04 06:05:28 --> Session: Class initialized using 'CodeIgniter\Session\Handlers\FileHandler' driver.
INFO - 2022-09-04 06:05:28 --> Controller "App\Controllers\base\Order" loaded.
INFO - 2022-09-04 06:05:28 --> Controller "App\Controllers\base\Beranda" loaded.
INFO - 2022-09-04 06:05:33 --> Session: Class initialized using 'CodeIgniter\Session\Handlers\FileHandler' driver.
INFO - 2022-09-04 06:05:33 --> Controller "App\Controllers\base\Order" loaded.
INFO - 2022-09-04 06:06:42 --> Session: Class initialized using 'CodeIgniter\Session\Handlers\FileHandler' driver.
INFO - 2022-09-04 06:06:42 --> Controller "App\Controllers\base\Order" loaded.
INFO - 2022-09-04 06:06:53 --> Session: Class initialized using 'CodeIgniter\Session\Handlers\FileHandler' driver.
INFO - 2022-09-04 06:06:53 --> Controller "App\Controllers\base\Order" loaded.
INFO - 2022-09-04 06:07:03 --> Session: Class initialized using 'CodeIgniter\Session\Handlers\FileHandler' driver.
INFO - 2022-09-04 06:07:03 --> Controller "App\Controllers\base\Order" loaded.
INFO - 2022-09-04 06:07:07 --> Session: Class initialized using 'CodeIgniter\Session\Handlers\FileHandler' driver.
INFO - 2022-09-04 06:07:07 --> Controller "App\Controllers\base\Order" loaded.
INFO - 2022-09-04 06:07:08 --> Session: Class initialized using 'CodeIgniter\Session\Handlers\FileHandler' driver.
INFO - 2022-09-04 06:07:08 --> Controller "App\Controllers\base\Order" loaded.
INFO - 2022-09-04 06:07:38 --> Session: Class initialized using 'CodeIgniter\Session\Handlers\FileHandler' driver.
INFO - 2022-09-04 06:07:38 --> Controller "App\Controllers\base\Order" loaded.
INFO - 2022-09-04 06:07:42 --> Session: Class initialized using 'CodeIgniter\Session\Handlers\FileHandler' driver.
INFO - 2022-09-04 06:07:42 --> Controller "App\Controllers\base\Order" loaded.
INFO - 2022-09-04 06:07:42 --> Controller "App\Controllers\base\Beranda" loaded.
INFO - 2022-09-04 06:07:45 --> Session: Class initialized using 'CodeIgniter\Session\Handlers\FileHandler' driver.
INFO - 2022-09-04 06:07:45 --> Controller "App\Controllers\base\Order" loaded.
INFO - 2022-09-04 06:07:48 --> Session: Class initialized using 'CodeIgniter\Session\Handlers\FileHandler' driver.
INFO - 2022-09-04 06:07:48 --> Controller "App\Controllers\base\Order" loaded.
CRITICAL - 2022-09-04 06:07:48 --> Too few arguments to function App\Controllers\base\Order::send_wa(), 3 passed in C:\xampp\htdocs\nikahkuy2\app\Controllers\base\Order.php on line 818 and exactly 4 expected
#0 C:\xampp\htdocs\nikahkuy2\app\Controllers\base\Order.php(818): App\Controllers\base\Order->send_wa('17112195af932ee...', '6289667771377', 'Halo Kak, Terim...')
#1 C:\xampp\htdocs\nikahkuy2\system\CodeIgniter.php(910): App\Controllers\base\Order->saveData()
#2 C:\xampp\htdocs\nikahkuy2\system\CodeIgniter.php(398): CodeIgniter\CodeIgniter->runController(Object(App\Controllers\base\Order))
#3 C:\xampp\htdocs\nikahkuy2\system\CodeIgniter.php(306): CodeIgniter\CodeIgniter->handleRequest(NULL, Object(Config\Cache), false)
#4 C:\xampp\htdocs\nikahkuy2\index.php(45): CodeIgniter\CodeIgniter->run()
#5 {main}
INFO - 2022-09-04 06:07:50 --> Session: Class initialized using 'CodeIgniter\Session\Handlers\FileHandler' driver.
INFO - 2022-09-04 06:07:50 --> Controller "App\Controllers\base\Order" loaded.
INFO - 2022-09-04 06:07:50 --> Session: Class initialized using 'CodeIgniter\Session\Handlers\FileHandler' driver.
INFO - 2022-09-04 06:07:50 --> Controller "App\Controllers\base\Order" loaded.
INFO - 2022-09-04 06:07:52 --> Session: Class initialized using 'CodeIgniter\Session\Handlers\FileHandler' driver.
INFO - 2022-09-04 06:07:52 --> Controller "App\Controllers\base\Order" loaded.
INFO - 2022-09-04 06:07:54 --> Session: Class initialized using 'CodeIgniter\Session\Handlers\FileHandler' driver.
INFO - 2022-09-04 06:07:54 --> Controller "App\Controllers\base\Order" loaded.
INFO - 2022-09-04 06:07:58 --> Session: Class initialized using 'CodeIgniter\Session\Handlers\FileHandler' driver.
INFO - 2022-09-04 06:07:58 --> Controller "App\Controllers\base\Order" loaded.
INFO - 2022-09-04 06:08:01 --> Session: Class initialized using 'CodeIgniter\Session\Handlers\FileHandler' driver.
INFO - 2022-09-04 06:08:01 --> Controller "App\Controllers\base\Order" loaded.
INFO - 2022-09-04 06:08:01 --> Session: Class initialized using 'CodeIgniter\Session\Handlers\FileHandler' driver.
INFO - 2022-09-04 06:08:01 --> Controller "App\Controllers\base\Order" loaded.
INFO - 2022-09-04 06:09:22 --> Session: Class initialized using 'CodeIgniter\Session\Handlers\FileHandler' driver.
INFO - 2022-09-04 06:09:22 --> Controller "App\Controllers\base\Order" loaded.
INFO - 2022-09-04 06:09:25 --> Session: Class initialized using 'CodeIgniter\Session\Handlers\FileHandler' driver.
INFO - 2022-09-04 06:09:25 --> Controller "App\Controllers\base\Order" loaded.
INFO - 2022-09-04 06:09:26 --> Session: Class initialized using 'CodeIgniter\Session\Handlers\FileHandler' driver.
INFO - 2022-09-04 06:09:26 --> Controller "App\Controllers\base\Order" loaded.
INFO - 2022-09-04 06:09:27 --> Session: Class initialized using 'CodeIgniter\Session\Handlers\FileHandler' driver.
INFO - 2022-09-04 06:09:27 --> Controller "App\Controllers\base\Order" loaded.
INFO - 2022-09-04 06:09:29 --> Session: Class initialized using 'CodeIgniter\Session\Handlers\FileHandler' driver.
INFO - 2022-09-04 06:09:29 --> Controller "App\Controllers\base\Order" loaded.
INFO - 2022-09-04 06:09:30 --> Session: Class initialized using 'CodeIgniter\Session\Handlers\FileHandler' driver.
INFO - 2022-09-04 06:09:30 --> Controller "App\Controllers\base\Order" loaded.
INFO - 2022-09-04 06:09:31 --> Session: Class initialized using 'CodeIgniter\Session\Handlers\FileHandler' driver.
INFO - 2022-09-04 06:09:31 --> Controller "App\Controllers\base\Order" loaded.
INFO - 2022-09-04 06:09:32 --> Session: Class initialized using 'CodeIgniter\Session\Handlers\FileHandler' driver.
INFO - 2022-09-04 06:09:32 --> Controller "App\Controllers\base\Order" loaded.
INFO - 2022-09-04 06:09:33 --> Session: Class initialized using 'CodeIgniter\Session\Handlers\FileHandler' driver.
INFO - 2022-09-04 06:09:33 --> Controller "App\Controllers\base\Order" loaded.
INFO - 2022-09-04 06:09:37 --> Session: Class initialized using 'CodeIgniter\Session\Handlers\FileHandler' driver.
INFO - 2022-09-04 06:09:37 --> Controller "App\Controllers\base\Order" loaded.
INFO - 2022-09-04 06:09:39 --> Session: Class initialized using 'CodeIgniter\Session\Handlers\FileHandler' driver.
INFO - 2022-09-04 06:09:39 --> Controller "App\Controllers\base\Order" loaded.
INFO - 2022-09-04 06:10:20 --> Session: Class initialized using 'CodeIgniter\Session\Handlers\FileHandler' driver.
INFO - 2022-09-04 06:10:20 --> Controller "App\Controllers\base\Order" loaded.
INFO - 2022-09-04 06:10:22 --> Session: Class initialized using 'CodeIgniter\Session\Handlers\FileHandler' driver.
INFO - 2022-09-04 06:10:22 --> Controller "App\Controllers\base\Order" loaded.
INFO - 2022-09-04 06:10:30 --> Session: Class initialized using 'CodeIgniter\Session\Handlers\FileHandler' driver.
INFO - 2022-09-04 06:10:30 --> Controller "App\Controllers\base\Order" loaded.
INFO - 2022-09-04 06:10:30 --> Controller "App\Controllers\base\Beranda" loaded.
INFO - 2022-09-04 06:10:33 --> Session: Class initialized using 'CodeIgniter\Session\Handlers\FileHandler' driver.
INFO - 2022-09-04 06:10:33 --> Controller "App\Controllers\base\Order" loaded.
INFO - 2022-09-04 06:10:36 --> Session: Class initialized using 'CodeIgniter\Session\Handlers\FileHandler' driver.
INFO - 2022-09-04 06:10:36 --> Controller "App\Controllers\base\Order" loaded.
INFO - 2022-09-04 06:10:36 --> Session: Class initialized using 'CodeIgniter\Session\Handlers\FileHandler' driver.
INFO - 2022-09-04 06:10:36 --> Controller "App\Controllers\base\Order" loaded.
INFO - 2022-09-04 06:15:20 --> Session: Class initialized using 'CodeIgniter\Session\Handlers\FileHandler' driver.
INFO - 2022-09-04 06:15:20 --> Controller "App\Controllers\base\Order" loaded.
INFO - 2022-09-04 06:15:25 --> Session: Class initialized using 'CodeIgniter\Session\Handlers\FileHandler' driver.
INFO - 2022-09-04 06:15:25 --> Controller "App\Controllers\base\Order" loaded.
INFO - 2022-09-04 06:15:28 --> Session: Class initialized using 'CodeIgniter\Session\Handlers\FileHandler' driver.
INFO - 2022-09-04 06:15:29 --> Controller "App\Controllers\base\Order" loaded.
INFO - 2022-09-04 06:15:29 --> Session: Class initialized using 'CodeIgniter\Session\Handlers\FileHandler' driver.
INFO - 2022-09-04 06:15:29 --> Controller "App\Controllers\base\Order" loaded.
INFO - 2022-09-04 06:15:40 --> Session: Class initialized using 'CodeIgniter\Session\Handlers\FileHandler' driver.
INFO - 2022-09-04 06:15:40 --> Controller "App\Controllers\base\Order" loaded.
INFO - 2022-09-04 06:15:43 --> Session: Class initialized using 'CodeIgniter\Session\Handlers\FileHandler' driver.
INFO - 2022-09-04 06:15:43 --> Controller "App\Controllers\base\Order" loaded.
INFO - 2022-09-04 06:15:43 --> Controller "App\Controllers\base\Beranda" loaded.
INFO - 2022-09-04 06:15:45 --> Session: Class initialized using 'CodeIgniter\Session\Handlers\FileHandler' driver.
INFO - 2022-09-04 06:15:45 --> Controller "App\Controllers\base\Order" loaded.
INFO - 2022-09-04 06:15:49 --> Session: Class initialized using 'CodeIgniter\Session\Handlers\FileHandler' driver.
INFO - 2022-09-04 06:15:49 --> Controller "App\Controllers\base\Order" loaded.
INFO - 2022-09-04 06:15:49 --> Session: Class initialized using 'CodeIgniter\Session\Handlers\FileHandler' driver.
INFO - 2022-09-04 06:15:49 --> Controller "App\Controllers\base\Order" loaded.
INFO - 2022-09-04 06:17:37 --> Session: Class initialized using 'CodeIgniter\Session\Handlers\FileHandler' driver.
INFO - 2022-09-04 06:17:37 --> Controller "App\Controllers\base\Order" loaded.
INFO - 2022-09-04 06:17:37 --> Session: Class initialized using 'CodeIgniter\Session\Handlers\FileHandler' driver.
INFO - 2022-09-04 06:17:37 --> Controller "App\Controllers\base\Order" loaded.
INFO - 2022-09-04 06:17:37 --> Session: Class initialized using 'CodeIgniter\Session\Handlers\FileHandler' driver.
INFO - 2022-09-04 06:17:37 --> Controller "App\Controllers\base\Order" loaded.
INFO - 2022-09-04 06:17:38 --> Controller "App\Controllers\base\Beranda" loaded.
INFO - 2022-09-04 06:17:40 --> Controller "App\Controllers\base\Beranda" loaded.
INFO - 2022-09-04 06:17:42 --> Session: Class initialized using 'CodeIgniter\Session\Handlers\FileHandler' driver.
INFO - 2022-09-04 06:17:42 --> Controller "App\Controllers\base\Order" loaded.
INFO - 2022-09-04 06:17:43 --> Session: Class initialized using 'CodeIgniter\Session\Handlers\FileHandler' driver.
INFO - 2022-09-04 06:17:43 --> Controller "App\Controllers\base\Order" loaded.
INFO - 2022-09-04 06:17:43 --> Session: Class initialized using 'CodeIgniter\Session\Handlers\FileHandler' driver.
INFO - 2022-09-04 06:17:43 --> Controller "App\Controllers\base\Order" loaded.
INFO - 2022-09-04 06:17:43 --> Controller "App\Controllers\base\Beranda" loaded.
INFO - 2022-09-04 06:19:08 --> Session: Class initialized using 'CodeIgniter\Session\Handlers\FileHandler' driver.
INFO - 2022-09-04 06:19:08 --> Controller "App\Controllers\base\Order" loaded.
INFO - 2022-09-04 06:19:08 --> Controller "App\Controllers\base\Beranda" loaded.
INFO - 2022-09-04 06:19:10 --> Session: Class initialized using 'CodeIgniter\Session\Handlers\FileHandler' driver.
INFO - 2022-09-04 06:19:10 --> Controller "App\Controllers\base\Order" loaded.
INFO - 2022-09-04 06:19:13 --> Session: Class initialized using 'CodeIgniter\Session\Handlers\FileHandler' driver.
INFO - 2022-09-04 06:19:13 --> Controller "App\Controllers\base\Order" loaded.
INFO - 2022-09-04 06:19:14 --> Session: Class initialized using 'CodeIgniter\Session\Handlers\FileHandler' driver.
INFO - 2022-09-04 06:19:14 --> Controller "App\Controllers\base\Order" loaded.
INFO - 2022-09-04 06:20:30 --> Session: Class initialized using 'CodeIgniter\Session\Handlers\FileHandler' driver.
INFO - 2022-09-04 06:20:30 --> Controller "App\Controllers\base\Order" loaded.
INFO - 2022-09-04 06:20:32 --> Session: Class initialized using 'CodeIgniter\Session\Handlers\FileHandler' driver.
INFO - 2022-09-04 06:20:32 --> Controller "App\Controllers\base\Order" loaded.
INFO - 2022-09-04 06:20:33 --> Session: Class initialized using 'CodeIgniter\Session\Handlers\FileHandler' driver.
INFO - 2022-09-04 06:20:33 --> Controller "App\Controllers\base\Order" loaded.
INFO - 2022-09-04 06:20:34 --> Controller "App\Controllers\base\Beranda" loaded.
INFO - 2022-09-04 06:20:35 --> Session: Class initialized using 'CodeIgniter\Session\Handlers\FileHandler' driver.
INFO - 2022-09-04 06:20:35 --> Controller "App\Controllers\base\Order" loaded.
INFO - 2022-09-04 06:20:38 --> Session: Class initialized using 'CodeIgniter\Session\Handlers\FileHandler' driver.
INFO - 2022-09-04 06:20:38 --> Controller "App\Controllers\base\Order" loaded.
INFO - 2022-09-04 06:20:38 --> Session: Class initialized using 'CodeIgniter\Session\Handlers\FileHandler' driver.
INFO - 2022-09-04 06:20:38 --> Controller "App\Controllers\base\Order" loaded.
INFO - 2022-09-04 06:22:50 --> Session: Class initialized using 'CodeIgniter\Session\Handlers\FileHandler' driver.
INFO - 2022-09-04 06:22:51 --> Controller "App\Controllers\base\Order" loaded.
INFO - 2022-09-04 06:22:55 --> Session: Class initialized using 'CodeIgniter\Session\Handlers\FileHandler' driver.
INFO - 2022-09-04 06:22:55 --> Controller "App\Controllers\base\Order" loaded.
INFO - 2022-09-04 06:22:56 --> Controller "App\Controllers\base\Beranda" loaded.
INFO - 2022-09-04 06:22:57 --> Controller "App\Controllers\base\Beranda" loaded.
INFO - 2022-09-04 06:23:00 --> Session: Class initialized using 'CodeIgniter\Session\Handlers\FileHandler' driver.
INFO - 2022-09-04 06:23:00 --> Controller "App\Controllers\base\Order" loaded.
INFO - 2022-09-04 06:23:00 --> Controller "App\Controllers\base\Beranda" loaded.
INFO - 2022-09-04 06:23:02 --> Session: Class initialized using 'CodeIgniter\Session\Handlers\FileHandler' driver.
INFO - 2022-09-04 06:23:02 --> Controller "App\Controllers\base\Order" loaded.
INFO - 2022-09-04 06:23:06 --> Session: Class initialized using 'CodeIgniter\Session\Handlers\FileHandler' driver.
INFO - 2022-09-04 06:23:06 --> Controller "App\Controllers\base\Order" loaded.
INFO - 2022-09-04 06:23:06 --> Session: Class initialized using 'CodeIgniter\Session\Handlers\FileHandler' driver.
INFO - 2022-09-04 06:23:06 --> Controller "App\Controllers\base\Order" loaded.
INFO - 2022-09-04 06:23:10 --> Controller "App\Controllers\base\Beranda" loaded.
INFO - 2022-09-04 06:23:15 --> Session: Class initialized using 'CodeIgniter\Session\Handlers\FileHandler' driver.
INFO - 2022-09-04 06:23:15 --> Controller "App\Controllers\base\Order" loaded.
INFO - 2022-09-04 06:23:15 --> Session: Class initialized using 'CodeIgniter\Session\Handlers\FileHandler' driver.
INFO - 2022-09-04 06:23:15 --> Controller "App\Controllers\base\Order" loaded.
INFO - 2022-09-04 06:23:15 --> Session: Class initialized using 'CodeIgniter\Session\Handlers\FileHandler' driver.
INFO - 2022-09-04 06:23:15 --> Controller "App\Controllers\base\Order" loaded.
INFO - 2022-09-04 06:23:15 --> Controller "App\Controllers\base\Beranda" loaded.
INFO - 2022-09-04 06:23:18 --> Session: Class initialized using 'CodeIgniter\Session\Handlers\FileHandler' driver.
INFO - 2022-09-04 06:23:18 --> Controller "App\Controllers\base\Order" loaded.
INFO - 2022-09-04 06:23:21 --> Session: Class initialized using 'CodeIgniter\Session\Handlers\FileHandler' driver.
INFO - 2022-09-04 06:23:21 --> Controller "App\Controllers\base\Order" loaded.
INFO - 2022-09-04 06:23:22 --> Session: Class initialized using 'CodeIgniter\Session\Handlers\FileHandler' driver.
INFO - 2022-09-04 06:23:22 --> Controller "App\Controllers\base\Order" loaded.
INFO - 2022-09-04 06:23:24 --> Session: Class initialized using 'CodeIgniter\Session\Handlers\FileHandler' driver.
INFO - 2022-09-04 06:23:24 --> Controller "App\Controllers\base\Dashboard" loaded.
INFO - 2022-09-04 06:23:24 --> Session: Class initialized using 'CodeIgniter\Session\Handlers\FileHandler' driver.
INFO - 2022-09-04 06:23:24 --> Controller "App\Controllers\base\Dashboard" loaded.
INFO - 2022-09-04 06:23:27 --> Controller "App\Controllers\base\Beranda" loaded.
INFO - 2022-09-04 06:23:29 --> Session: Class initialized using 'CodeIgniter\Session\Handlers\FileHandler' driver.
INFO - 2022-09-04 06:23:29 --> Controller "App\Controllers\base\Order" loaded.
INFO - 2022-09-04 06:23:29 --> Controller "App\Controllers\base\Beranda" loaded.
INFO - 2022-09-04 06:23:31 --> Session: Class initialized using 'CodeIgniter\Session\Handlers\FileHandler' driver.
INFO - 2022-09-04 06:23:31 --> Controller "App\Controllers\base\Order" loaded.
INFO - 2022-09-04 06:23:53 --> Session: Class initialized using 'CodeIgniter\Session\Handlers\FileHandler' driver.
INFO - 2022-09-04 06:23:53 --> Controller "App\Controllers\base\Order" loaded.
INFO - 2022-09-04 06:23:57 --> Session: Class initialized using 'CodeIgniter\Session\Handlers\FileHandler' driver.
INFO - 2022-09-04 06:23:57 --> Controller "App\Controllers\base\Order" loaded.
INFO - 2022-09-04 06:24:06 --> Session: Class initialized using 'CodeIgniter\Session\Handlers\FileHandler' driver.
INFO - 2022-09-04 06:24:06 --> Controller "App\Controllers\base\Order" loaded.
INFO - 2022-09-04 06:24:16 --> Session: Class initialized using 'CodeIgniter\Session\Handlers\FileHandler' driver.
INFO - 2022-09-04 06:24:16 --> Controller "App\Controllers\base\Order" loaded.
INFO - 2022-09-04 06:24:17 --> Session: Class initialized using 'CodeIgniter\Session\Handlers\FileHandler' driver.
INFO - 2022-09-04 06:24:17 --> Controller "App\Controllers\base\Order" loaded.
INFO - 2022-09-04 06:24:50 --> Session: Class initialized using 'CodeIgniter\Session\Handlers\FileHandler' driver.
INFO - 2022-09-04 06:24:50 --> Controller "App\Controllers\base\Order" loaded.
INFO - 2022-09-04 06:24:52 --> Session: Class initialized using 'CodeIgniter\Session\Handlers\FileHandler' driver.
INFO - 2022-09-04 06:24:52 --> Controller "App\Controllers\base\Order" loaded.
INFO - 2022-09-04 06:24:53 --> Controller "App\Controllers\base\Beranda" loaded.
INFO - 2022-09-04 06:24:59 --> Session: Class initialized using 'CodeIgniter\Session\Handlers\FileHandler' driver.
INFO - 2022-09-04 06:24:59 --> Controller "App\Controllers\base\Order" loaded.
INFO - 2022-09-04 06:25:02 --> Session: Class initialized using 'CodeIgniter\Session\Handlers\FileHandler' driver.
INFO - 2022-09-04 06:25:02 --> Controller "App\Controllers\base\Order" loaded.
INFO - 2022-09-04 06:25:05 --> Session: Class initialized using 'CodeIgniter\Session\Handlers\FileHandler' driver.
INFO - 2022-09-04 06:25:05 --> Controller "App\Controllers\base\Order" loaded.
INFO - 2022-09-04 06:25:41 --> Session: Class initialized using 'CodeIgniter\Session\Handlers\FileHandler' driver.
INFO - 2022-09-04 06:25:41 --> Controller "App\Controllers\base\Order" loaded.
INFO - 2022-09-04 06:25:49 --> Session: Class initialized using 'CodeIgniter\Session\Handlers\FileHandler' driver.
INFO - 2022-09-04 06:25:49 --> Controller "App\Controllers\base\Dashboard" loaded.
INFO - 2022-09-04 06:25:49 --> Session: Class initialized using 'CodeIgniter\Session\Handlers\FileHandler' driver.
INFO - 2022-09-04 06:25:49 --> Controller "App\Controllers\base\Dashboard" loaded.
